{"/Users/mstms/לימודים/תואר המכללה/סמסטר ב/ai-final-project/server/src/services/gemini.service.js": {"path":"/Users/mstms/לימודים/תואר המכללה/סמסטר ב/ai-final-project/server/src/services/gemini.service.js","statementMap":{"0":{"start":{"line":4,"column":0},"end":{"line":4,"column":31}},"1":{"start":{"line":6,"column":15},"end":{"line":6,"column":41}},"2":{"start":{"line":7,"column":11},"end":{"line":9,"column":8}},"3":{"start":{"line":10,"column":26},"end":{"line":10,"column":27}},"4":{"start":{"line":12,"column":31},"end":{"line":16,"column":1}},"5":{"start":{"line":13,"column":2},"end":{"line":15,"column":3}},"6":{"start":{"line":14,"column":4},"end":{"line":14,"column":61}},"7":{"start":{"line":22,"column":2},"end":{"line":22,"column":27}},"8":{"start":{"line":26,"column":2},"end":{"line":48,"column":3}},"9":{"start":{"line":26,"column":21},"end":{"line":26,"column":22}},"10":{"start":{"line":27,"column":4},"end":{"line":47,"column":5}},"11":{"start":{"line":28,"column":23},"end":{"line":35,"column":8}},"12":{"start":{"line":37,"column":18},"end":{"line":37,"column":37}},"13":{"start":{"line":38,"column":21},"end":{"line":38,"column":38}},"14":{"start":{"line":39,"column":6},"end":{"line":39,"column":32}},"15":{"start":{"line":39,"column":18},"end":{"line":39,"column":32}},"16":{"start":{"line":41,"column":6},"end":{"line":41,"column":58}},"17":{"start":{"line":43,"column":6},"end":{"line":43,"column":22}},"18":{"start":{"line":44,"column":6},"end":{"line":46,"column":7}},"19":{"start":{"line":45,"column":8},"end":{"line":45,"column":17}},"20":{"start":{"line":50,"column":2},"end":{"line":50,"column":44}},"21":{"start":{"line":51,"column":2},"end":{"line":51,"column":78}},"22":{"start":{"line":55,"column":24},"end":{"line":58,"column":11}},"23":{"start":{"line":60,"column":2},"end":{"line":64,"column":3}},"24":{"start":{"line":61,"column":4},"end":{"line":61,"column":37}},"25":{"start":{"line":66,"column":16},"end":{"line":66,"column":42}},"26":{"start":{"line":67,"column":14},"end":{"line":67,"column":44}},"27":{"start":{"line":68,"column":2},"end":{"line":68,"column":62}},"28":{"start":{"line":68,"column":50},"end":{"line":68,"column":62}},"29":{"start":{"line":70,"column":20},"end":{"line":70,"column":55}},"30":{"start":{"line":71,"column":2},"end":{"line":75,"column":3}},"31":{"start":{"line":72,"column":4},"end":{"line":72,"column":33}},"32":{"start":{"line":74,"column":4},"end":{"line":74,"column":16}},"33":{"start":{"line":79,"column":2},"end":{"line":91,"column":3}},"34":{"start":{"line":80,"column":4},"end":{"line":80,"column":29}},"35":{"start":{"line":82,"column":21},"end":{"line":85,"column":6}},"36":{"start":{"line":87,"column":4},"end":{"line":87,"column":25}},"37":{"start":{"line":89,"column":4},"end":{"line":89,"column":50}},"38":{"start":{"line":90,"column":4},"end":{"line":90,"column":77}}},"fnMap":{"0":{"name":"(anonymous_0)","decl":{"start":{"line":12,"column":31},"end":{"line":12,"column":32}},"loc":{"start":{"line":12,"column":37},"end":{"line":16,"column":1}},"line":12},"1":{"name":"callGeminiAnalyzeText","decl":{"start":{"line":21,"column":22},"end":{"line":21,"column":43}},"loc":{"start":{"line":21,"column":58},"end":{"line":52,"column":1}},"line":21},"2":{"name":"tryParseJson","decl":{"start":{"line":54,"column":9},"end":{"line":54,"column":21}},"loc":{"start":{"line":54,"column":27},"end":{"line":76,"column":1}},"line":54},"3":{"name":"callGeminiRolePlay","decl":{"start":{"line":78,"column":22},"end":{"line":78,"column":40}},"loc":{"start":{"line":78,"column":49},"end":{"line":92,"column":1}},"line":78}},"branchMap":{"0":{"loc":{"start":{"line":7,"column":11},"end":{"line":9,"column":8}},"type":"cond-expr","locations":[{"start":{"line":8,"column":4},"end":{"line":8,"column":31}},{"start":{"line":9,"column":4},"end":{"line":9,"column":8}}],"line":7},"1":{"loc":{"start":{"line":13,"column":2},"end":{"line":15,"column":3}},"type":"if","locations":[{"start":{"line":13,"column":2},"end":{"line":15,"column":3}},{"start":{},"end":{}}],"line":13},"2":{"loc":{"start":{"line":37,"column":18},"end":{"line":37,"column":37}},"type":"binary-expr","locations":[{"start":{"line":37,"column":18},"end":{"line":37,"column":31}},{"start":{"line":37,"column":35},"end":{"line":37,"column":37}}],"line":37},"3":{"loc":{"start":{"line":39,"column":6},"end":{"line":39,"column":32}},"type":"if","locations":[{"start":{"line":39,"column":6},"end":{"line":39,"column":32}},{"start":{},"end":{}}],"line":39},"4":{"loc":{"start":{"line":44,"column":6},"end":{"line":46,"column":7}},"type":"if","locations":[{"start":{"line":44,"column":6},"end":{"line":46,"column":7}},{"start":{},"end":{}}],"line":44},"5":{"loc":{"start":{"line":51,"column":18},"end":{"line":51,"column":76}},"type":"binary-expr","locations":[{"start":{"line":51,"column":18},"end":{"line":51,"column":36}},{"start":{"line":51,"column":40},"end":{"line":51,"column":76}}],"line":51},"6":{"loc":{"start":{"line":68,"column":2},"end":{"line":68,"column":62}},"type":"if","locations":[{"start":{"line":68,"column":2},"end":{"line":68,"column":62}},{"start":{},"end":{}}],"line":68},"7":{"loc":{"start":{"line":68,"column":6},"end":{"line":68,"column":48}},"type":"binary-expr","locations":[{"start":{"line":68,"column":6},"end":{"line":68,"column":18}},{"start":{"line":68,"column":22},"end":{"line":68,"column":32}},{"start":{"line":68,"column":36},"end":{"line":68,"column":48}}],"line":68},"8":{"loc":{"start":{"line":90,"column":20},"end":{"line":90,"column":75}},"type":"binary-expr","locations":[{"start":{"line":90,"column":20},"end":{"line":90,"column":32}},{"start":{"line":90,"column":36},"end":{"line":90,"column":75}}],"line":90}},"s":{"0":3,"1":3,"2":3,"3":3,"4":3,"5":0,"6":0,"7":0,"8":0,"9":0,"10":0,"11":0,"12":0,"13":0,"14":0,"15":0,"16":0,"17":0,"18":0,"19":0,"20":0,"21":0,"22":0,"23":0,"24":0,"25":0,"26":0,"27":0,"28":0,"29":0,"30":0,"31":0,"32":0,"33":0,"34":0,"35":0,"36":0,"37":0,"38":0},"f":{"0":0,"1":0,"2":0,"3":0},"b":{"0":[2,1],"1":[0,0],"2":[0,0],"3":[0,0],"4":[0,0],"5":[0,0],"6":[0,0],"7":[0,0,0],"8":[0,0]},"_coverageSchema":"1a1c01bbd47fc00a2c39e90264f33305004495a9","hash":"0ad6d3886ba3d2b97b6ae04c87ae77bbf68bc8d0"}
,"/Users/mstms/לימודים/תואר המכללה/סמסטר ב/ai-final-project/server/src/services/quiz.service.js": {"path":"/Users/mstms/לימודים/תואר המכללה/סמסטר ב/ai-final-project/server/src/services/quiz.service.js","statementMap":{"0":{"start":{"line":5,"column":18},"end":{"line":5,"column":27}},"1":{"start":{"line":6,"column":19},"end":{"line":6,"column":33}},"2":{"start":{"line":7,"column":18},"end":{"line":7,"column":49}},"3":{"start":{"line":9,"column":18},"end":{"line":21,"column":1}},"4":{"start":{"line":10,"column":21},"end":{"line":13,"column":3}},"5":{"start":{"line":15,"column":23},"end":{"line":15,"column":79}},"6":{"start":{"line":15,"column":54},"end":{"line":15,"column":78}},"7":{"start":{"line":16,"column":2},"end":{"line":18,"column":3}},"8":{"start":{"line":17,"column":4},"end":{"line":17,"column":58}},"9":{"start":{"line":20,"column":2},"end":{"line":20,"column":47}},"10":{"start":{"line":23,"column":19},"end":{"line":23,"column":62}},"11":{"start":{"line":25,"column":26},"end":{"line":25,"column":73}},"12":{"start":{"line":25,"column":41},"end":{"line":25,"column":72}},"13":{"start":{"line":27,"column":24},"end":{"line":29,"column":1}},"14":{"start":{"line":28,"column":2},"end":{"line":28,"column":61}},"15":{"start":{"line":31,"column":28},"end":{"line":41,"column":1}},"16":{"start":{"line":32,"column":17},"end":{"line":32,"column":34}},"17":{"start":{"line":33,"column":15},"end":{"line":33,"column":65}},"18":{"start":{"line":33,"column":26},"end":{"line":33,"column":65}},"19":{"start":{"line":35,"column":2},"end":{"line":40,"column":4}},"20":{"start":{"line":43,"column":27},"end":{"line":54,"column":1}},"21":{"start":{"line":44,"column":19},"end":{"line":44,"column":51}},"22":{"start":{"line":45,"column":22},"end":{"line":45,"column":57}},"23":{"start":{"line":46,"column":2},"end":{"line":46,"column":50}},"24":{"start":{"line":46,"column":40},"end":{"line":46,"column":50}},"25":{"start":{"line":48,"column":2},"end":{"line":53,"column":2}},"26":{"start":{"line":56,"column":32},"end":{"line":63,"column":1}},"27":{"start":{"line":56,"column":67},"end":{"line":63,"column":1}},"28":{"start":{"line":65,"column":26},"end":{"line":70,"column":1}},"29":{"start":{"line":66,"column":2},"end":{"line":69,"column":41}},"30":{"start":{"line":68,"column":20},"end":{"line":68,"column":81}},"31":{"start":{"line":69,"column":23},"end":{"line":69,"column":39}},"32":{"start":{"line":72,"column":15},"end":{"line":72,"column":41}},"33":{"start":{"line":72,"column":24},"end":{"line":72,"column":41}},"34":{"start":{"line":74,"column":29},"end":{"line":79,"column":1}},"35":{"start":{"line":75,"column":2},"end":{"line":78,"column":48}},"36":{"start":{"line":77,"column":23},"end":{"line":77,"column":38}},"37":{"start":{"line":78,"column":26},"end":{"line":78,"column":46}},"38":{"start":{"line":81,"column":28},"end":{"line":90,"column":1}},"39":{"start":{"line":82,"column":20},"end":{"line":82,"column":46}},"40":{"start":{"line":83,"column":17},"end":{"line":83,"column":48}},"41":{"start":{"line":85,"column":2},"end":{"line":89,"column":4}},"42":{"start":{"line":92,"column":16},"end":{"line":99,"column":1}},"43":{"start":{"line":93,"column":15},"end":{"line":93,"column":23}},"44":{"start":{"line":94,"column":2},"end":{"line":97,"column":3}},"45":{"start":{"line":94,"column":15},"end":{"line":94,"column":30}},"46":{"start":{"line":95,"column":14},"end":{"line":95,"column":49}},"47":{"start":{"line":96,"column":4},"end":{"line":96,"column":44}},"48":{"start":{"line":98,"column":2},"end":{"line":98,"column":14}},"49":{"start":{"line":101,"column":40},"end":{"line":190,"column":1}},"50":{"start":{"line":102,"column":29},"end":{"line":102,"column":56}},"51":{"start":{"line":103,"column":54},"end":{"line":103,"column":79}},"52":{"start":{"line":104,"column":25},"end":{"line":104,"column":125}},"53":{"start":{"line":105,"column":23},"end":{"line":105,"column":55}},"54":{"start":{"line":106,"column":20},"end":{"line":106,"column":51}},"55":{"start":{"line":108,"column":20},"end":{"line":184,"column":5}},"56":{"start":{"line":186,"column":2},"end":{"line":189,"column":4}},"57":{"start":{"line":192,"column":35},"end":{"line":245,"column":1}},"58":{"start":{"line":193,"column":29},"end":{"line":193,"column":56}},"59":{"start":{"line":194,"column":54},"end":{"line":194,"column":79}},"60":{"start":{"line":195,"column":26},"end":{"line":195,"column":46}},"61":{"start":{"line":197,"column":2},"end":{"line":244,"column":4}},"62":{"start":{"line":249,"column":21},"end":{"line":249,"column":97}},"63":{"start":{"line":251,"column":2},"end":{"line":255,"column":3}},"64":{"start":{"line":252,"column":4},"end":{"line":252,"column":22}},"65":{"start":{"line":254,"column":4},"end":{"line":254,"column":52}},"66":{"start":{"line":261,"column":29},"end":{"line":261,"column":56}},"67":{"start":{"line":262,"column":19},"end":{"line":262,"column":55}},"68":{"start":{"line":263,"column":17},"end":{"line":263,"column":39}},"69":{"start":{"line":264,"column":2},"end":{"line":264,"column":28}},"70":{"start":{"line":264,"column":14},"end":{"line":264,"column":28}},"71":{"start":{"line":266,"column":17},"end":{"line":266,"column":112}},"72":{"start":{"line":268,"column":2},"end":{"line":278,"column":3}},"73":{"start":{"line":269,"column":23},"end":{"line":269,"column":64}},"74":{"start":{"line":270,"column":4},"end":{"line":270,"column":89}},"75":{"start":{"line":270,"column":48},"end":{"line":270,"column":89}},"76":{"start":{"line":271,"column":4},"end":{"line":271,"column":37}},"77":{"start":{"line":272,"column":4},"end":{"line":272,"column":22}},"78":{"start":{"line":274,"column":4},"end":{"line":274,"column":83}},"79":{"start":{"line":275,"column":21},"end":{"line":275,"column":78}},"80":{"start":{"line":276,"column":4},"end":{"line":276,"column":35}},"81":{"start":{"line":277,"column":4},"end":{"line":277,"column":20}},"82":{"start":{"line":283,"column":29},"end":{"line":283,"column":56}},"83":{"start":{"line":284,"column":19},"end":{"line":284,"column":55}},"84":{"start":{"line":285,"column":17},"end":{"line":285,"column":39}},"85":{"start":{"line":286,"column":2},"end":{"line":286,"column":28}},"86":{"start":{"line":286,"column":14},"end":{"line":286,"column":28}},"87":{"start":{"line":288,"column":17},"end":{"line":288,"column":107}},"88":{"start":{"line":290,"column":2},"end":{"line":300,"column":3}},"89":{"start":{"line":291,"column":23},"end":{"line":291,"column":64}},"90":{"start":{"line":292,"column":4},"end":{"line":292,"column":84}},"91":{"start":{"line":292,"column":43},"end":{"line":292,"column":84}},"92":{"start":{"line":293,"column":4},"end":{"line":293,"column":37}},"93":{"start":{"line":294,"column":4},"end":{"line":294,"column":22}},"94":{"start":{"line":296,"column":4},"end":{"line":296,"column":78}},"95":{"start":{"line":297,"column":21},"end":{"line":297,"column":73}},"96":{"start":{"line":298,"column":4},"end":{"line":298,"column":35}},"97":{"start":{"line":299,"column":4},"end":{"line":299,"column":20}},"98":{"start":{"line":304,"column":2},"end":{"line":304,"column":91}},"99":{"start":{"line":304,"column":78},"end":{"line":304,"column":91}},"100":{"start":{"line":307,"column":2},"end":{"line":307,"column":70}},"101":{"start":{"line":307,"column":34},"end":{"line":307,"column":55}},"102":{"start":{"line":307,"column":58},"end":{"line":307,"column":70}},"103":{"start":{"line":309,"column":2},"end":{"line":317,"column":5}},"104":{"start":{"line":310,"column":4},"end":{"line":316,"column":40}},"105":{"start":{"line":315,"column":29},"end":{"line":315,"column":52}},"106":{"start":{"line":321,"column":2},"end":{"line":321,"column":91}},"107":{"start":{"line":321,"column":78},"end":{"line":321,"column":91}},"108":{"start":{"line":324,"column":2},"end":{"line":324,"column":70}},"109":{"start":{"line":324,"column":34},"end":{"line":324,"column":55}},"110":{"start":{"line":324,"column":58},"end":{"line":324,"column":70}},"111":{"start":{"line":326,"column":2},"end":{"line":331,"column":5}},"112":{"start":{"line":327,"column":4},"end":{"line":330,"column":41}},"113":{"start":{"line":335,"column":2},"end":{"line":335,"column":29}},"114":{"start":{"line":335,"column":17},"end":{"line":335,"column":29}},"115":{"start":{"line":337,"column":17},"end":{"line":337,"column":35}},"116":{"start":{"line":338,"column":2},"end":{"line":338,"column":27}},"117":{"start":{"line":338,"column":15},"end":{"line":338,"column":27}},"118":{"start":{"line":340,"column":2},"end":{"line":343,"column":3}},"119":{"start":{"line":341,"column":4},"end":{"line":341,"column":26}},"120":{"start":{"line":342,"column":4},"end":{"line":342,"column":16}},"121":{"start":{"line":345,"column":2},"end":{"line":345,"column":22}},"122":{"start":{"line":349,"column":2},"end":{"line":349,"column":24}},"123":{"start":{"line":349,"column":17},"end":{"line":349,"column":24}},"124":{"start":{"line":351,"column":2},"end":{"line":354,"column":5}}},"fnMap":{"0":{"name":"(anonymous_0)","decl":{"start":{"line":9,"column":18},"end":{"line":9,"column":19}},"loc":{"start":{"line":9,"column":32},"end":{"line":21,"column":1}},"line":9},"1":{"name":"(anonymous_1)","decl":{"start":{"line":15,"column":39},"end":{"line":15,"column":40}},"loc":{"start":{"line":15,"column":54},"end":{"line":15,"column":78}},"line":15},"2":{"name":"(anonymous_2)","decl":{"start":{"line":25,"column":26},"end":{"line":25,"column":27}},"loc":{"start":{"line":25,"column":41},"end":{"line":25,"column":72}},"line":25},"3":{"name":"(anonymous_3)","decl":{"start":{"line":27,"column":24},"end":{"line":27,"column":25}},"loc":{"start":{"line":28,"column":2},"end":{"line":28,"column":61}},"line":28},"4":{"name":"(anonymous_4)","decl":{"start":{"line":31,"column":28},"end":{"line":31,"column":29}},"loc":{"start":{"line":31,"column":50},"end":{"line":41,"column":1}},"line":31},"5":{"name":"(anonymous_5)","decl":{"start":{"line":33,"column":15},"end":{"line":33,"column":16}},"loc":{"start":{"line":33,"column":26},"end":{"line":33,"column":65}},"line":33},"6":{"name":"(anonymous_6)","decl":{"start":{"line":43,"column":27},"end":{"line":43,"column":28}},"loc":{"start":{"line":43,"column":44},"end":{"line":54,"column":1}},"line":43},"7":{"name":"(anonymous_7)","decl":{"start":{"line":56,"column":32},"end":{"line":56,"column":33}},"loc":{"start":{"line":56,"column":67},"end":{"line":63,"column":1}},"line":56},"8":{"name":"(anonymous_8)","decl":{"start":{"line":65,"column":26},"end":{"line":65,"column":27}},"loc":{"start":{"line":65,"column":36},"end":{"line":70,"column":1}},"line":65},"9":{"name":"(anonymous_9)","decl":{"start":{"line":68,"column":9},"end":{"line":68,"column":10}},"loc":{"start":{"line":68,"column":20},"end":{"line":68,"column":81}},"line":68},"10":{"name":"(anonymous_10)","decl":{"start":{"line":69,"column":12},"end":{"line":69,"column":13}},"loc":{"start":{"line":69,"column":23},"end":{"line":69,"column":39}},"line":69},"11":{"name":"(anonymous_11)","decl":{"start":{"line":72,"column":15},"end":{"line":72,"column":16}},"loc":{"start":{"line":72,"column":24},"end":{"line":72,"column":41}},"line":72},"12":{"name":"(anonymous_12)","decl":{"start":{"line":74,"column":29},"end":{"line":74,"column":30}},"loc":{"start":{"line":74,"column":39},"end":{"line":79,"column":1}},"line":74},"13":{"name":"(anonymous_13)","decl":{"start":{"line":77,"column":9},"end":{"line":77,"column":10}},"loc":{"start":{"line":77,"column":23},"end":{"line":77,"column":38}},"line":77},"14":{"name":"(anonymous_14)","decl":{"start":{"line":78,"column":12},"end":{"line":78,"column":13}},"loc":{"start":{"line":78,"column":26},"end":{"line":78,"column":46}},"line":78},"15":{"name":"(anonymous_15)","decl":{"start":{"line":81,"column":28},"end":{"line":81,"column":29}},"loc":{"start":{"line":81,"column":38},"end":{"line":90,"column":1}},"line":81},"16":{"name":"(anonymous_16)","decl":{"start":{"line":92,"column":16},"end":{"line":92,"column":17}},"loc":{"start":{"line":92,"column":25},"end":{"line":99,"column":1}},"line":92},"17":{"name":"(anonymous_17)","decl":{"start":{"line":101,"column":40},"end":{"line":101,"column":41}},"loc":{"start":{"line":101,"column":67},"end":{"line":190,"column":1}},"line":101},"18":{"name":"(anonymous_18)","decl":{"start":{"line":192,"column":35},"end":{"line":192,"column":36}},"loc":{"start":{"line":192,"column":62},"end":{"line":245,"column":1}},"line":192},"19":{"name":"generateQuiz","decl":{"start":{"line":247,"column":22},"end":{"line":247,"column":34}},"loc":{"start":{"line":247,"column":41},"end":{"line":256,"column":1}},"line":247},"20":{"name":"generateMultipleChoiceQuiz","decl":{"start":{"line":260,"column":22},"end":{"line":260,"column":48}},"loc":{"start":{"line":260,"column":92},"end":{"line":279,"column":1}},"line":260},"21":{"name":"generateTrueFalseQuiz","decl":{"start":{"line":282,"column":22},"end":{"line":282,"column":43}},"loc":{"start":{"line":282,"column":87},"end":{"line":301,"column":1}},"line":282},"22":{"name":"isValidMultipleChoiceQuiz","decl":{"start":{"line":303,"column":9},"end":{"line":303,"column":34}},"loc":{"start":{"line":303,"column":41},"end":{"line":318,"column":1}},"line":303},"23":{"name":"(anonymous_23)","decl":{"start":{"line":307,"column":27},"end":{"line":307,"column":28}},"loc":{"start":{"line":307,"column":34},"end":{"line":307,"column":55}},"line":307},"24":{"name":"(anonymous_24)","decl":{"start":{"line":309,"column":30},"end":{"line":309,"column":31}},"loc":{"start":{"line":310,"column":4},"end":{"line":316,"column":40}},"line":310},"25":{"name":"(anonymous_25)","decl":{"start":{"line":315,"column":20},"end":{"line":315,"column":21}},"loc":{"start":{"line":315,"column":29},"end":{"line":315,"column":52}},"line":315},"26":{"name":"isValidTrueFalseQuiz","decl":{"start":{"line":320,"column":9},"end":{"line":320,"column":29}},"loc":{"start":{"line":320,"column":36},"end":{"line":332,"column":1}},"line":320},"27":{"name":"(anonymous_27)","decl":{"start":{"line":324,"column":27},"end":{"line":324,"column":28}},"loc":{"start":{"line":324,"column":34},"end":{"line":324,"column":55}},"line":324},"28":{"name":"(anonymous_28)","decl":{"start":{"line":326,"column":30},"end":{"line":326,"column":31}},"loc":{"start":{"line":327,"column":4},"end":{"line":330,"column":41}},"line":327},"29":{"name":"getFromCache","decl":{"start":{"line":334,"column":9},"end":{"line":334,"column":21}},"loc":{"start":{"line":334,"column":27},"end":{"line":346,"column":1}},"line":334},"30":{"name":"setToCache","decl":{"start":{"line":348,"column":9},"end":{"line":348,"column":19}},"loc":{"start":{"line":348,"column":32},"end":{"line":355,"column":1}},"line":348}},"branchMap":{"0":{"loc":{"start":{"line":16,"column":2},"end":{"line":18,"column":3}},"type":"if","locations":[{"start":{"line":16,"column":2},"end":{"line":18,"column":3}},{"start":{},"end":{}}],"line":16},"1":{"loc":{"start":{"line":25,"column":41},"end":{"line":25,"column":72}},"type":"cond-expr","locations":[{"start":{"line":25,"column":61},"end":{"line":25,"column":65}},{"start":{"line":25,"column":68},"end":{"line":25,"column":72}}],"line":25},"2":{"loc":{"start":{"line":28,"column":2},"end":{"line":28,"column":61}},"type":"cond-expr","locations":[{"start":{"line":28,"column":41},"end":{"line":28,"column":50}},{"start":{"line":28,"column":53},"end":{"line":28,"column":61}}],"line":28},"3":{"loc":{"start":{"line":31,"column":29},"end":{"line":31,"column":45}},"type":"default-arg","locations":[{"start":{"line":31,"column":43},"end":{"line":31,"column":45}}],"line":31},"4":{"loc":{"start":{"line":32,"column":17},"end":{"line":32,"column":34}},"type":"binary-expr","locations":[{"start":{"line":32,"column":17},"end":{"line":32,"column":28}},{"start":{"line":32,"column":32},"end":{"line":32,"column":34}}],"line":32},"5":{"loc":{"start":{"line":33,"column":33},"end":{"line":33,"column":44}},"type":"binary-expr","locations":[{"start":{"line":33,"column":33},"end":{"line":33,"column":38}},{"start":{"line":33,"column":42},"end":{"line":33,"column":44}}],"line":33},"6":{"loc":{"start":{"line":45,"column":22},"end":{"line":45,"column":57}},"type":"binary-expr","locations":[{"start":{"line":45,"column":22},"end":{"line":45,"column":40}},{"start":{"line":45,"column":44},"end":{"line":45,"column":57}}],"line":45},"7":{"loc":{"start":{"line":46,"column":2},"end":{"line":46,"column":50}},"type":"if","locations":[{"start":{"line":46,"column":2},"end":{"line":46,"column":50}},{"start":{},"end":{}}],"line":46},"8":{"loc":{"start":{"line":46,"column":6},"end":{"line":46,"column":38}},"type":"binary-expr","locations":[{"start":{"line":46,"column":6},"end":{"line":46,"column":18}},{"start":{"line":46,"column":22},"end":{"line":46,"column":38}}],"line":46},"9":{"loc":{"start":{"line":50,"column":18},"end":{"line":50,"column":47}},"type":"binary-expr","locations":[{"start":{"line":50,"column":18},"end":{"line":50,"column":29}},{"start":{"line":50,"column":33},"end":{"line":50,"column":47}}],"line":50},"10":{"loc":{"start":{"line":51,"column":12},"end":{"line":51,"column":45}},"type":"binary-expr","locations":[{"start":{"line":51,"column":12},"end":{"line":51,"column":27}},{"start":{"line":51,"column":31},"end":{"line":51,"column":45}}],"line":51},"11":{"loc":{"start":{"line":66,"column":10},"end":{"line":66,"column":20}},"type":"binary-expr","locations":[{"start":{"line":66,"column":10},"end":{"line":66,"column":14}},{"start":{"line":66,"column":18},"end":{"line":66,"column":20}}],"line":66},"12":{"loc":{"start":{"line":75,"column":10},"end":{"line":75,"column":20}},"type":"binary-expr","locations":[{"start":{"line":75,"column":10},"end":{"line":75,"column":14}},{"start":{"line":75,"column":18},"end":{"line":75,"column":20}}],"line":75},"13":{"loc":{"start":{"line":86,"column":19},"end":{"line":86,"column":60}},"type":"binary-expr","locations":[{"start":{"line":86,"column":19},"end":{"line":86,"column":31}},{"start":{"line":86,"column":35},"end":{"line":86,"column":60}}],"line":86},"14":{"loc":{"start":{"line":87,"column":20},"end":{"line":87,"column":77}},"type":"binary-expr","locations":[{"start":{"line":87,"column":20},"end":{"line":87,"column":32}},{"start":{"line":87,"column":36},"end":{"line":87,"column":48}},{"start":{"line":87,"column":52},"end":{"line":87,"column":77}}],"line":87},"15":{"loc":{"start":{"line":101,"column":47},"end":{"line":101,"column":62}},"type":"default-arg","locations":[{"start":{"line":101,"column":58},"end":{"line":101,"column":62}}],"line":101},"16":{"loc":{"start":{"line":104,"column":25},"end":{"line":104,"column":125}},"type":"binary-expr","locations":[{"start":{"line":104,"column":25},"end":{"line":104,"column":38}},{"start":{"line":104,"column":43},"end":{"line":104,"column":124}}],"line":104},"17":{"loc":{"start":{"line":104,"column":43},"end":{"line":104,"column":124}},"type":"cond-expr","locations":[{"start":{"line":104,"column":73},"end":{"line":104,"column":100}},{"start":{"line":104,"column":103},"end":{"line":104,"column":124}}],"line":104},"18":{"loc":{"start":{"line":105,"column":23},"end":{"line":105,"column":55}},"type":"binary-expr","locations":[{"start":{"line":105,"column":23},"end":{"line":105,"column":37}},{"start":{"line":105,"column":41},"end":{"line":105,"column":55}}],"line":105},"19":{"loc":{"start":{"line":108,"column":20},"end":{"line":184,"column":5}},"type":"cond-expr","locations":[{"start":{"line":109,"column":6},"end":{"line":146,"column":5}},{"start":{"line":147,"column":6},"end":{"line":184,"column":5}}],"line":108},"20":{"loc":{"start":{"line":139,"column":10},"end":{"line":139,"column":108}},"type":"cond-expr","locations":[{"start":{"line":139,"column":22},"end":{"line":139,"column":64}},{"start":{"line":139,"column":67},"end":{"line":139,"column":108}}],"line":139},"21":{"loc":{"start":{"line":144,"column":24},"end":{"line":144,"column":122}},"type":"cond-expr","locations":[{"start":{"line":144,"column":36},"end":{"line":144,"column":78}},{"start":{"line":144,"column":81},"end":{"line":144,"column":122}}],"line":144},"22":{"loc":{"start":{"line":177,"column":10},"end":{"line":177,"column":94}},"type":"cond-expr","locations":[{"start":{"line":177,"column":22},"end":{"line":177,"column":65}},{"start":{"line":177,"column":68},"end":{"line":177,"column":94}}],"line":177},"23":{"loc":{"start":{"line":182,"column":24},"end":{"line":182,"column":108}},"type":"cond-expr","locations":[{"start":{"line":182,"column":36},"end":{"line":182,"column":79}},{"start":{"line":182,"column":82},"end":{"line":182,"column":108}}],"line":182},"24":{"loc":{"start":{"line":192,"column":42},"end":{"line":192,"column":57}},"type":"default-arg","locations":[{"start":{"line":192,"column":53},"end":{"line":192,"column":57}}],"line":192},"25":{"loc":{"start":{"line":199,"column":15},"end":{"line":243,"column":7}},"type":"cond-expr","locations":[{"start":{"line":200,"column":8},"end":{"line":221,"column":7}},{"start":{"line":222,"column":8},"end":{"line":243,"column":7}}],"line":199},"26":{"loc":{"start":{"line":216,"column":21},"end":{"line":218,"column":74}},"type":"cond-expr","locations":[{"start":{"line":217,"column":14},"end":{"line":217,"column":126}},{"start":{"line":218,"column":14},"end":{"line":218,"column":74}}],"line":216},"27":{"loc":{"start":{"line":238,"column":21},"end":{"line":240,"column":59}},"type":"cond-expr","locations":[{"start":{"line":239,"column":14},"end":{"line":239,"column":110}},{"start":{"line":240,"column":14},"end":{"line":240,"column":59}}],"line":238},"28":{"loc":{"start":{"line":260,"column":55},"end":{"line":260,"column":70}},"type":"default-arg","locations":[{"start":{"line":260,"column":66},"end":{"line":260,"column":70}}],"line":260},"29":{"loc":{"start":{"line":260,"column":72},"end":{"line":260,"column":90}},"type":"default-arg","locations":[{"start":{"line":260,"column":86},"end":{"line":260,"column":90}}],"line":260},"30":{"loc":{"start":{"line":264,"column":2},"end":{"line":264,"column":28}},"type":"if","locations":[{"start":{"line":264,"column":2},"end":{"line":264,"column":28}},{"start":{},"end":{}}],"line":264},"31":{"loc":{"start":{"line":270,"column":4},"end":{"line":270,"column":89}},"type":"if","locations":[{"start":{"line":270,"column":4},"end":{"line":270,"column":89}},{"start":{},"end":{}}],"line":270},"32":{"loc":{"start":{"line":282,"column":50},"end":{"line":282,"column":65}},"type":"default-arg","locations":[{"start":{"line":282,"column":61},"end":{"line":282,"column":65}}],"line":282},"33":{"loc":{"start":{"line":282,"column":67},"end":{"line":282,"column":85}},"type":"default-arg","locations":[{"start":{"line":282,"column":81},"end":{"line":282,"column":85}}],"line":282},"34":{"loc":{"start":{"line":286,"column":2},"end":{"line":286,"column":28}},"type":"if","locations":[{"start":{"line":286,"column":2},"end":{"line":286,"column":28}},{"start":{},"end":{}}],"line":286},"35":{"loc":{"start":{"line":292,"column":4},"end":{"line":292,"column":84}},"type":"if","locations":[{"start":{"line":292,"column":4},"end":{"line":292,"column":84}},{"start":{},"end":{}}],"line":292},"36":{"loc":{"start":{"line":304,"column":2},"end":{"line":304,"column":91}},"type":"if","locations":[{"start":{"line":304,"column":2},"end":{"line":304,"column":91}},{"start":{},"end":{}}],"line":304},"37":{"loc":{"start":{"line":304,"column":6},"end":{"line":304,"column":76}},"type":"binary-expr","locations":[{"start":{"line":304,"column":6},"end":{"line":304,"column":11}},{"start":{"line":304,"column":15},"end":{"line":304,"column":45}},{"start":{"line":304,"column":49},"end":{"line":304,"column":76}}],"line":304},"38":{"loc":{"start":{"line":307,"column":2},"end":{"line":307,"column":70}},"type":"if","locations":[{"start":{"line":307,"column":2},"end":{"line":307,"column":70}},{"start":{},"end":{}}],"line":307},"39":{"loc":{"start":{"line":310,"column":4},"end":{"line":316,"column":40}},"type":"binary-expr","locations":[{"start":{"line":310,"column":4},"end":{"line":310,"column":5}},{"start":{"line":311,"column":4},"end":{"line":311,"column":31}},{"start":{"line":312,"column":4},"end":{"line":312,"column":34}},{"start":{"line":313,"column":4},"end":{"line":313,"column":28}},{"start":{"line":314,"column":4},"end":{"line":314,"column":25}},{"start":{"line":315,"column":4},"end":{"line":315,"column":53}},{"start":{"line":316,"column":4},"end":{"line":316,"column":40}}],"line":310},"40":{"loc":{"start":{"line":321,"column":2},"end":{"line":321,"column":91}},"type":"if","locations":[{"start":{"line":321,"column":2},"end":{"line":321,"column":91}},{"start":{},"end":{}}],"line":321},"41":{"loc":{"start":{"line":321,"column":6},"end":{"line":321,"column":76}},"type":"binary-expr","locations":[{"start":{"line":321,"column":6},"end":{"line":321,"column":11}},{"start":{"line":321,"column":15},"end":{"line":321,"column":45}},{"start":{"line":321,"column":49},"end":{"line":321,"column":76}}],"line":321},"42":{"loc":{"start":{"line":324,"column":2},"end":{"line":324,"column":70}},"type":"if","locations":[{"start":{"line":324,"column":2},"end":{"line":324,"column":70}},{"start":{},"end":{}}],"line":324},"43":{"loc":{"start":{"line":327,"column":4},"end":{"line":330,"column":41}},"type":"binary-expr","locations":[{"start":{"line":327,"column":4},"end":{"line":327,"column":5}},{"start":{"line":328,"column":4},"end":{"line":328,"column":31}},{"start":{"line":329,"column":4},"end":{"line":329,"column":35}},{"start":{"line":330,"column":4},"end":{"line":330,"column":41}}],"line":327},"44":{"loc":{"start":{"line":335,"column":2},"end":{"line":335,"column":29}},"type":"if","locations":[{"start":{"line":335,"column":2},"end":{"line":335,"column":29}},{"start":{},"end":{}}],"line":335},"45":{"loc":{"start":{"line":338,"column":2},"end":{"line":338,"column":27}},"type":"if","locations":[{"start":{"line":338,"column":2},"end":{"line":338,"column":27}},{"start":{},"end":{}}],"line":338},"46":{"loc":{"start":{"line":340,"column":2},"end":{"line":343,"column":3}},"type":"if","locations":[{"start":{"line":340,"column":2},"end":{"line":343,"column":3}},{"start":{},"end":{}}],"line":340},"47":{"loc":{"start":{"line":349,"column":2},"end":{"line":349,"column":24}},"type":"if","locations":[{"start":{"line":349,"column":2},"end":{"line":349,"column":24}},{"start":{},"end":{}}],"line":349}},"s":{"0":1,"1":1,"2":1,"3":1,"4":7,"5":7,"6":7,"7":7,"8":0,"9":7,"10":1,"11":1,"12":24,"13":1,"14":16,"15":1,"16":8,"17":8,"18":32,"19":8,"20":1,"21":8,"22":8,"23":8,"24":8,"25":0,"26":1,"27":8,"28":1,"29":2,"30":6,"31":6,"32":1,"33":2,"34":1,"35":2,"36":2,"37":2,"38":1,"39":2,"40":2,"41":2,"42":1,"43":3,"44":3,"45":3,"46":9,"47":9,"48":3,"49":1,"50":1,"51":1,"52":1,"53":1,"54":1,"55":1,"56":1,"57":1,"58":1,"59":1,"60":1,"61":1,"62":2,"63":1,"64":1,"65":0,"66":3,"67":3,"68":3,"69":3,"70":0,"71":3,"72":3,"73":3,"74":2,"75":0,"76":2,"77":2,"78":1,"79":1,"80":1,"81":1,"82":3,"83":3,"84":3,"85":3,"86":0,"87":3,"88":3,"89":3,"90":2,"91":0,"92":2,"93":2,"94":1,"95":1,"96":1,"97":1,"98":2,"99":0,"100":2,"101":4,"102":2,"103":0,"104":0,"105":0,"106":2,"107":0,"108":2,"109":4,"110":2,"111":0,"112":0,"113":6,"114":6,"115":0,"116":0,"117":0,"118":0,"119":0,"120":0,"121":0,"122":6,"123":6,"124":0},"f":{"0":7,"1":7,"2":24,"3":16,"4":8,"5":32,"6":8,"7":8,"8":2,"9":6,"10":6,"11":2,"12":2,"13":2,"14":2,"15":2,"16":3,"17":1,"18":1,"19":2,"20":3,"21":3,"22":2,"23":4,"24":0,"25":0,"26":2,"27":4,"28":0,"29":6,"30":6},"b":{"0":[0,7],"1":[3,21],"2":[2,14],"3":[2],"4":[8,6],"5":[32,32],"6":[8,8],"7":[8,0],"8":[8,8],"9":[0,0],"10":[0,0],"11":[2,0],"12":[2,0],"13":[2,2],"14":[2,2,2],"15":[0],"16":[1,0],"17":[0,0],"18":[1,0],"19":[0,1],"20":[0,0],"21":[0,0],"22":[1,0],"23":[1,0],"24":[0],"25":[0,1],"26":[0,0],"27":[1,0],"28":[2],"29":[3],"30":[0,3],"31":[0,2],"32":[2],"33":[3],"34":[0,3],"35":[0,2],"36":[0,2],"37":[2,2,2],"38":[2,0],"39":[0,0,0,0,0,0,0],"40":[0,2],"41":[2,2,2],"42":[2,0],"43":[0,0,0,0],"44":[6,0],"45":[0,0],"46":[0,0],"47":[6,0]},"_coverageSchema":"1a1c01bbd47fc00a2c39e90264f33305004495a9","hash":"bd9c703e2e4b9bf1a5743b6e62b6fd0bd2acff3c"}
,"/Users/mstms/לימודים/תואר המכללה/סמסטר ב/ai-final-project/server/src/services/rolePlay.service.js": {"path":"/Users/mstms/לימודים/תואר המכללה/סמסטר ב/ai-final-project/server/src/services/rolePlay.service.js","statementMap":{"0":{"start":{"line":11,"column":20},"end":{"line":11,"column":76}},"1":{"start":{"line":13,"column":26},"end":{"line":13,"column":73}},"2":{"start":{"line":13,"column":41},"end":{"line":13,"column":72}},"3":{"start":{"line":15,"column":24},"end":{"line":17,"column":1}},"4":{"start":{"line":16,"column":2},"end":{"line":16,"column":61}},"5":{"start":{"line":19,"column":28},"end":{"line":29,"column":1}},"6":{"start":{"line":20,"column":17},"end":{"line":20,"column":34}},"7":{"start":{"line":21,"column":15},"end":{"line":21,"column":65}},"8":{"start":{"line":21,"column":26},"end":{"line":21,"column":65}},"9":{"start":{"line":23,"column":2},"end":{"line":28,"column":4}},"10":{"start":{"line":31,"column":27},"end":{"line":42,"column":1}},"11":{"start":{"line":32,"column":19},"end":{"line":32,"column":51}},"12":{"start":{"line":33,"column":22},"end":{"line":33,"column":57}},"13":{"start":{"line":34,"column":2},"end":{"line":34,"column":50}},"14":{"start":{"line":34,"column":40},"end":{"line":34,"column":50}},"15":{"start":{"line":36,"column":2},"end":{"line":41,"column":2}},"16":{"start":{"line":44,"column":32},"end":{"line":51,"column":1}},"17":{"start":{"line":44,"column":67},"end":{"line":51,"column":1}},"18":{"start":{"line":55,"column":17},"end":{"line":55,"column":19}},"19":{"start":{"line":56,"column":2},"end":{"line":58,"column":3}},"20":{"start":{"line":57,"column":4},"end":{"line":57,"column":64}},"21":{"start":{"line":59,"column":16},"end":{"line":59,"column":60}},"22":{"start":{"line":59,"column":40},"end":{"line":59,"column":59}},"23":{"start":{"line":60,"column":2},"end":{"line":61,"column":30}},"24":{"start":{"line":60,"column":18},"end":{"line":60,"column":44}},"25":{"start":{"line":61,"column":7},"end":{"line":61,"column":30}},"26":{"start":{"line":62,"column":2},"end":{"line":62,"column":67}},"27":{"start":{"line":66,"column":2},"end":{"line":66,"column":47}},"28":{"start":{"line":66,"column":35},"end":{"line":66,"column":47}},"29":{"start":{"line":67,"column":19},"end":{"line":67,"column":67}},"30":{"start":{"line":68,"column":2},"end":{"line":68,"column":56}},"31":{"start":{"line":68,"column":28},"end":{"line":68,"column":46}},"32":{"start":{"line":73,"column":29},"end":{"line":73,"column":56}},"33":{"start":{"line":74,"column":26},"end":{"line":74,"column":58}},"34":{"start":{"line":76,"column":21},"end":{"line":76,"column":85}},"35":{"start":{"line":77,"column":25},"end":{"line":77,"column":122}},"36":{"start":{"line":79,"column":21},"end":{"line":79,"column":70}},"37":{"start":{"line":81,"column":24},"end":{"line":100,"column":1}},"38":{"start":{"line":102,"column":22},"end":{"line":102,"column":61}},"39":{"start":{"line":104,"column":25},"end":{"line":107,"column":3}},"40":{"start":{"line":109,"column":18},"end":{"line":116,"column":3}},"41":{"start":{"line":118,"column":2},"end":{"line":118,"column":23}},"42":{"start":{"line":119,"column":2},"end":{"line":119,"column":17}},"43":{"start":{"line":123,"column":18},"end":{"line":123,"column":40}},"44":{"start":{"line":124,"column":2},"end":{"line":124,"column":53}},"45":{"start":{"line":124,"column":16},"end":{"line":124,"column":53}},"46":{"start":{"line":127,"column":2},"end":{"line":127,"column":77}},"47":{"start":{"line":127,"column":26},"end":{"line":127,"column":77}},"48":{"start":{"line":130,"column":28},"end":{"line":130,"column":88}},"49":{"start":{"line":130,"column":54},"end":{"line":130,"column":76}},"50":{"start":{"line":133,"column":19},"end":{"line":133,"column":54}},"51":{"start":{"line":134,"column":26},"end":{"line":134,"column":65}},"52":{"start":{"line":135,"column":17},"end":{"line":167,"column":1}},"53":{"start":{"line":169,"column":22},"end":{"line":169,"column":54}},"54":{"start":{"line":172,"column":2},"end":{"line":172,"column":58}},"55":{"start":{"line":173,"column":2},"end":{"line":173,"column":58}},"56":{"start":{"line":174,"column":2},"end":{"line":174,"column":23}},"57":{"start":{"line":176,"column":2},"end":{"line":176,"column":42}},"58":{"start":{"line":182,"column":18},"end":{"line":182,"column":40}},"59":{"start":{"line":183,"column":2},"end":{"line":183,"column":53}},"60":{"start":{"line":183,"column":16},"end":{"line":183,"column":53}},"61":{"start":{"line":185,"column":27},"end":{"line":185,"column":87}},"62":{"start":{"line":185,"column":53},"end":{"line":185,"column":75}},"63":{"start":{"line":186,"column":19},"end":{"line":186,"column":54}},"64":{"start":{"line":187,"column":26},"end":{"line":187,"column":65}},"65":{"start":{"line":189,"column":25},"end":{"line":210,"column":1}},"66":{"start":{"line":213,"column":22},"end":{"line":213,"column":62}},"67":{"start":{"line":214,"column":26},"end":{"line":214,"column":89}},"68":{"start":{"line":216,"column":2},"end":{"line":216,"column":37}}},"fnMap":{"0":{"name":"(anonymous_0)","decl":{"start":{"line":13,"column":26},"end":{"line":13,"column":27}},"loc":{"start":{"line":13,"column":41},"end":{"line":13,"column":72}},"line":13},"1":{"name":"(anonymous_1)","decl":{"start":{"line":15,"column":24},"end":{"line":15,"column":25}},"loc":{"start":{"line":16,"column":2},"end":{"line":16,"column":61}},"line":16},"2":{"name":"(anonymous_2)","decl":{"start":{"line":19,"column":28},"end":{"line":19,"column":29}},"loc":{"start":{"line":19,"column":50},"end":{"line":29,"column":1}},"line":19},"3":{"name":"(anonymous_3)","decl":{"start":{"line":21,"column":15},"end":{"line":21,"column":16}},"loc":{"start":{"line":21,"column":26},"end":{"line":21,"column":65}},"line":21},"4":{"name":"(anonymous_4)","decl":{"start":{"line":31,"column":27},"end":{"line":31,"column":28}},"loc":{"start":{"line":31,"column":44},"end":{"line":42,"column":1}},"line":31},"5":{"name":"(anonymous_5)","decl":{"start":{"line":44,"column":32},"end":{"line":44,"column":33}},"loc":{"start":{"line":44,"column":67},"end":{"line":51,"column":1}},"line":44},"6":{"name":"saveSession","decl":{"start":{"line":54,"column":9},"end":{"line":54,"column":20}},"loc":{"start":{"line":54,"column":30},"end":{"line":63,"column":1}},"line":54},"7":{"name":"(anonymous_7)","decl":{"start":{"line":59,"column":35},"end":{"line":59,"column":36}},"loc":{"start":{"line":59,"column":40},"end":{"line":59,"column":59}},"line":59},"8":{"name":"loadSession","decl":{"start":{"line":65,"column":9},"end":{"line":65,"column":20}},"loc":{"start":{"line":65,"column":32},"end":{"line":69,"column":1}},"line":65},"9":{"name":"(anonymous_9)","decl":{"start":{"line":68,"column":23},"end":{"line":68,"column":24}},"loc":{"start":{"line":68,"column":28},"end":{"line":68,"column":46}},"line":68},"10":{"name":"startRolePlaySession","decl":{"start":{"line":72,"column":22},"end":{"line":72,"column":42}},"loc":{"start":{"line":72,"column":86},"end":{"line":120,"column":1}},"line":72},"11":{"name":"sendRolePlayReply","decl":{"start":{"line":122,"column":22},"end":{"line":122,"column":39}},"loc":{"start":{"line":122,"column":64},"end":{"line":177,"column":1}},"line":122},"12":{"name":"(anonymous_12)","decl":{"start":{"line":130,"column":49},"end":{"line":130,"column":50}},"loc":{"start":{"line":130,"column":54},"end":{"line":130,"column":76}},"line":130},"13":{"name":"giveUserFeedback","decl":{"start":{"line":181,"column":22},"end":{"line":181,"column":38}},"loc":{"start":{"line":181,"column":50},"end":{"line":217,"column":1}},"line":181},"14":{"name":"(anonymous_14)","decl":{"start":{"line":185,"column":48},"end":{"line":185,"column":49}},"loc":{"start":{"line":185,"column":53},"end":{"line":185,"column":75}},"line":185}},"branchMap":{"0":{"loc":{"start":{"line":13,"column":41},"end":{"line":13,"column":72}},"type":"cond-expr","locations":[{"start":{"line":13,"column":61},"end":{"line":13,"column":65}},{"start":{"line":13,"column":68},"end":{"line":13,"column":72}}],"line":13},"1":{"loc":{"start":{"line":16,"column":2},"end":{"line":16,"column":61}},"type":"cond-expr","locations":[{"start":{"line":16,"column":41},"end":{"line":16,"column":50}},{"start":{"line":16,"column":53},"end":{"line":16,"column":61}}],"line":16},"2":{"loc":{"start":{"line":19,"column":29},"end":{"line":19,"column":45}},"type":"default-arg","locations":[{"start":{"line":19,"column":43},"end":{"line":19,"column":45}}],"line":19},"3":{"loc":{"start":{"line":20,"column":17},"end":{"line":20,"column":34}},"type":"binary-expr","locations":[{"start":{"line":20,"column":17},"end":{"line":20,"column":28}},{"start":{"line":20,"column":32},"end":{"line":20,"column":34}}],"line":20},"4":{"loc":{"start":{"line":21,"column":33},"end":{"line":21,"column":44}},"type":"binary-expr","locations":[{"start":{"line":21,"column":33},"end":{"line":21,"column":38}},{"start":{"line":21,"column":42},"end":{"line":21,"column":44}}],"line":21},"5":{"loc":{"start":{"line":33,"column":22},"end":{"line":33,"column":57}},"type":"binary-expr","locations":[{"start":{"line":33,"column":22},"end":{"line":33,"column":40}},{"start":{"line":33,"column":44},"end":{"line":33,"column":57}}],"line":33},"6":{"loc":{"start":{"line":34,"column":2},"end":{"line":34,"column":50}},"type":"if","locations":[{"start":{"line":34,"column":2},"end":{"line":34,"column":50}},{"start":{},"end":{}}],"line":34},"7":{"loc":{"start":{"line":34,"column":6},"end":{"line":34,"column":38}},"type":"binary-expr","locations":[{"start":{"line":34,"column":6},"end":{"line":34,"column":18}},{"start":{"line":34,"column":22},"end":{"line":34,"column":38}}],"line":34},"8":{"loc":{"start":{"line":38,"column":18},"end":{"line":38,"column":47}},"type":"binary-expr","locations":[{"start":{"line":38,"column":18},"end":{"line":38,"column":29}},{"start":{"line":38,"column":33},"end":{"line":38,"column":47}}],"line":38},"9":{"loc":{"start":{"line":39,"column":12},"end":{"line":39,"column":45}},"type":"binary-expr","locations":[{"start":{"line":39,"column":12},"end":{"line":39,"column":27}},{"start":{"line":39,"column":31},"end":{"line":39,"column":45}}],"line":39},"10":{"loc":{"start":{"line":56,"column":2},"end":{"line":58,"column":3}},"type":"if","locations":[{"start":{"line":56,"column":2},"end":{"line":58,"column":3}},{"start":{},"end":{}}],"line":56},"11":{"loc":{"start":{"line":60,"column":2},"end":{"line":61,"column":30}},"type":"if","locations":[{"start":{"line":60,"column":2},"end":{"line":61,"column":30}},{"start":{"line":61,"column":7},"end":{"line":61,"column":30}}],"line":60},"12":{"loc":{"start":{"line":66,"column":2},"end":{"line":66,"column":47}},"type":"if","locations":[{"start":{"line":66,"column":2},"end":{"line":66,"column":47}},{"start":{},"end":{}}],"line":66},"13":{"loc":{"start":{"line":68,"column":9},"end":{"line":68,"column":55}},"type":"binary-expr","locations":[{"start":{"line":68,"column":9},"end":{"line":68,"column":47}},{"start":{"line":68,"column":51},"end":{"line":68,"column":55}}],"line":68},"14":{"loc":{"start":{"line":72,"column":49},"end":{"line":72,"column":64}},"type":"default-arg","locations":[{"start":{"line":72,"column":60},"end":{"line":72,"column":64}}],"line":72},"15":{"loc":{"start":{"line":72,"column":66},"end":{"line":72,"column":84}},"type":"default-arg","locations":[{"start":{"line":72,"column":80},"end":{"line":72,"column":84}}],"line":72},"16":{"loc":{"start":{"line":124,"column":2},"end":{"line":124,"column":53}},"type":"if","locations":[{"start":{"line":124,"column":2},"end":{"line":124,"column":53}},{"start":{},"end":{}}],"line":124},"17":{"loc":{"start":{"line":127,"column":2},"end":{"line":127,"column":77}},"type":"if","locations":[{"start":{"line":127,"column":2},"end":{"line":127,"column":77}},{"start":{},"end":{}}],"line":127},"18":{"loc":{"start":{"line":183,"column":2},"end":{"line":183,"column":53}},"type":"if","locations":[{"start":{"line":183,"column":2},"end":{"line":183,"column":53}},{"start":{},"end":{}}],"line":183}},"s":{"0":1,"1":1,"2":16,"3":1,"4":11,"5":1,"6":10,"7":10,"8":40,"9":10,"10":1,"11":7,"12":7,"13":7,"14":7,"15":0,"16":1,"17":3,"18":3,"19":3,"20":1,"21":3,"22":1,"23":3,"24":1,"25":2,"26":3,"27":4,"28":0,"29":4,"30":4,"31":2,"32":3,"33":3,"34":3,"35":3,"36":3,"37":2,"38":2,"39":2,"40":2,"41":2,"42":2,"43":2,"44":2,"45":1,"46":1,"47":0,"48":1,"49":1,"50":1,"51":1,"52":1,"53":1,"54":1,"55":1,"56":1,"57":1,"58":2,"59":2,"60":1,"61":1,"62":2,"63":1,"64":1,"65":1,"66":1,"67":1,"68":1},"f":{"0":16,"1":11,"2":10,"3":40,"4":7,"5":3,"6":3,"7":1,"8":4,"9":2,"10":3,"11":2,"12":1,"13":2,"14":2},"b":{"0":[4,12],"1":[3,8],"2":[2],"3":[10,3],"4":[40,40],"5":[7,7],"6":[7,0],"7":[7,7],"8":[0,0],"9":[0,0],"10":[1,2],"11":[1,2],"12":[0,4],"13":[4,2],"14":[2],"15":[3],"16":[1,1],"17":[0,1],"18":[1,1]},"_coverageSchema":"1a1c01bbd47fc00a2c39e90264f33305004495a9","hash":"b2efc8b6e304e372b84f62bad697d7fb9962b627"}
}
