TN:
SF:src/services/gemini.service.js
FN:12,(anonymous_0)
FN:21,callGeminiAnalyzeText
FN:54,tryParseJson
FN:78,callGeminiRolePlay
FNF:4
FNH:0
FNDA:0,(anonymous_0)
FNDA:0,callGeminiAnalyzeText
FNDA:0,tryParseJson
FNDA:0,callGeminiRolePlay
DA:4,3
DA:6,3
DA:7,3
DA:10,3
DA:12,3
DA:13,0
DA:14,0
DA:22,0
DA:26,0
DA:27,0
DA:28,0
DA:37,0
DA:38,0
DA:39,0
DA:41,0
DA:43,0
DA:44,0
DA:45,0
DA:50,0
DA:51,0
DA:55,0
DA:60,0
DA:61,0
DA:66,0
DA:67,0
DA:68,0
DA:70,0
DA:71,0
DA:72,0
DA:74,0
DA:79,0
DA:80,0
DA:82,0
DA:87,0
DA:89,0
DA:90,0
LF:36
LH:5
BRDA:7,0,0,2
BRDA:7,0,1,1
BRDA:13,1,0,0
BRDA:13,1,1,0
BRDA:37,2,0,0
BRDA:37,2,1,0
BRDA:39,3,0,0
BRDA:39,3,1,0
BRDA:44,4,0,0
BRDA:44,4,1,0
BRDA:51,5,0,0
BRDA:51,5,1,0
BRDA:68,6,0,0
BRDA:68,6,1,0
BRDA:68,7,0,0
BRDA:68,7,1,0
BRDA:68,7,2,0
BRDA:90,8,0,0
BRDA:90,8,1,0
BRF:19
BRH:2
end_of_record
TN:
SF:src/services/quiz.service.js
FN:9,(anonymous_0)
FN:15,(anonymous_1)
FN:25,(anonymous_2)
FN:27,(anonymous_3)
FN:31,(anonymous_4)
FN:33,(anonymous_5)
FN:43,(anonymous_6)
FN:56,(anonymous_7)
FN:65,(anonymous_8)
FN:68,(anonymous_9)
FN:69,(anonymous_10)
FN:72,(anonymous_11)
FN:74,(anonymous_12)
FN:77,(anonymous_13)
FN:78,(anonymous_14)
FN:81,(anonymous_15)
FN:92,(anonymous_16)
FN:101,(anonymous_17)
FN:192,(anonymous_18)
FN:247,generateQuiz
FN:260,generateMultipleChoiceQuiz
FN:282,generateTrueFalseQuiz
FN:303,isValidMultipleChoiceQuiz
FN:307,(anonymous_23)
FN:309,(anonymous_24)
FN:315,(anonymous_25)
FN:320,isValidTrueFalseQuiz
FN:324,(anonymous_27)
FN:326,(anonymous_28)
FN:334,getFromCache
FN:348,setToCache
FNF:31
FNH:28
FNDA:7,(anonymous_0)
FNDA:7,(anonymous_1)
FNDA:24,(anonymous_2)
FNDA:16,(anonymous_3)
FNDA:8,(anonymous_4)
FNDA:32,(anonymous_5)
FNDA:8,(anonymous_6)
FNDA:8,(anonymous_7)
FNDA:2,(anonymous_8)
FNDA:6,(anonymous_9)
FNDA:6,(anonymous_10)
FNDA:2,(anonymous_11)
FNDA:2,(anonymous_12)
FNDA:2,(anonymous_13)
FNDA:2,(anonymous_14)
FNDA:2,(anonymous_15)
FNDA:3,(anonymous_16)
FNDA:1,(anonymous_17)
FNDA:1,(anonymous_18)
FNDA:2,generateQuiz
FNDA:3,generateMultipleChoiceQuiz
FNDA:3,generateTrueFalseQuiz
FNDA:2,isValidMultipleChoiceQuiz
FNDA:4,(anonymous_23)
FNDA:0,(anonymous_24)
FNDA:0,(anonymous_25)
FNDA:2,isValidTrueFalseQuiz
FNDA:4,(anonymous_27)
FNDA:0,(anonymous_28)
FNDA:6,getFromCache
FNDA:6,setToCache
DA:5,1
DA:6,1
DA:7,1
DA:9,1
DA:10,7
DA:15,7
DA:16,7
DA:17,0
DA:20,7
DA:23,1
DA:25,24
DA:27,1
DA:28,16
DA:31,1
DA:32,8
DA:33,32
DA:35,8
DA:43,1
DA:44,8
DA:45,8
DA:46,8
DA:48,0
DA:56,8
DA:65,1
DA:66,2
DA:68,6
DA:69,6
DA:72,2
DA:74,1
DA:75,2
DA:77,2
DA:78,2
DA:81,1
DA:82,2
DA:83,2
DA:85,2
DA:92,1
DA:93,3
DA:94,3
DA:95,9
DA:96,9
DA:98,3
DA:101,1
DA:102,1
DA:103,1
DA:104,1
DA:105,1
DA:106,1
DA:108,1
DA:186,1
DA:192,1
DA:193,1
DA:194,1
DA:195,1
DA:197,1
DA:249,2
DA:251,1
DA:252,1
DA:254,0
DA:261,3
DA:262,3
DA:263,3
DA:264,3
DA:266,3
DA:268,3
DA:269,3
DA:270,2
DA:271,2
DA:272,2
DA:274,1
DA:275,1
DA:276,1
DA:277,1
DA:283,3
DA:284,3
DA:285,3
DA:286,3
DA:288,3
DA:290,3
DA:291,3
DA:292,2
DA:293,2
DA:294,2
DA:296,1
DA:297,1
DA:298,1
DA:299,1
DA:304,2
DA:307,4
DA:309,0
DA:310,0
DA:315,0
DA:321,2
DA:324,4
DA:326,0
DA:327,0
DA:335,6
DA:337,0
DA:338,0
DA:340,0
DA:341,0
DA:342,0
DA:345,0
DA:349,6
DA:351,0
LF:105
LH:90
BRDA:16,0,0,0
BRDA:16,0,1,7
BRDA:25,1,0,3
BRDA:25,1,1,21
BRDA:28,2,0,2
BRDA:28,2,1,14
BRDA:31,3,0,2
BRDA:32,4,0,8
BRDA:32,4,1,6
BRDA:33,5,0,32
BRDA:33,5,1,32
BRDA:45,6,0,8
BRDA:45,6,1,8
BRDA:46,7,0,8
BRDA:46,7,1,0
BRDA:46,8,0,8
BRDA:46,8,1,8
BRDA:50,9,0,0
BRDA:50,9,1,0
BRDA:51,10,0,0
BRDA:51,10,1,0
BRDA:66,11,0,2
BRDA:66,11,1,0
BRDA:75,12,0,2
BRDA:75,12,1,0
BRDA:86,13,0,2
BRDA:86,13,1,2
BRDA:87,14,0,2
BRDA:87,14,1,2
BRDA:87,14,2,2
BRDA:101,15,0,0
BRDA:104,16,0,1
BRDA:104,16,1,0
BRDA:104,17,0,0
BRDA:104,17,1,0
BRDA:105,18,0,1
BRDA:105,18,1,0
BRDA:108,19,0,0
BRDA:108,19,1,1
BRDA:139,20,0,0
BRDA:139,20,1,0
BRDA:144,21,0,0
BRDA:144,21,1,0
BRDA:177,22,0,1
BRDA:177,22,1,0
BRDA:182,23,0,1
BRDA:182,23,1,0
BRDA:192,24,0,0
BRDA:199,25,0,0
BRDA:199,25,1,1
BRDA:216,26,0,0
BRDA:216,26,1,0
BRDA:238,27,0,1
BRDA:238,27,1,0
BRDA:260,28,0,2
BRDA:260,29,0,3
BRDA:264,30,0,0
BRDA:264,30,1,3
BRDA:270,31,0,0
BRDA:270,31,1,2
BRDA:282,32,0,2
BRDA:282,33,0,3
BRDA:286,34,0,0
BRDA:286,34,1,3
BRDA:292,35,0,0
BRDA:292,35,1,2
BRDA:304,36,0,0
BRDA:304,36,1,2
BRDA:304,37,0,2
BRDA:304,37,1,2
BRDA:304,37,2,2
BRDA:307,38,0,2
BRDA:307,38,1,0
BRDA:310,39,0,0
BRDA:310,39,1,0
BRDA:310,39,2,0
BRDA:310,39,3,0
BRDA:310,39,4,0
BRDA:310,39,5,0
BRDA:310,39,6,0
BRDA:321,40,0,0
BRDA:321,40,1,2
BRDA:321,41,0,2
BRDA:321,41,1,2
BRDA:321,41,2,2
BRDA:324,42,0,2
BRDA:324,42,1,0
BRDA:327,43,0,0
BRDA:327,43,1,0
BRDA:327,43,2,0
BRDA:327,43,3,0
BRDA:335,44,0,6
BRDA:335,44,1,0
BRDA:338,45,0,0
BRDA:338,45,1,0
BRDA:340,46,0,0
BRDA:340,46,1,0
BRDA:349,47,0,6
BRDA:349,47,1,0
BRF:99
BRH:49
end_of_record
TN:
SF:src/services/rolePlay.service.js
FN:13,(anonymous_0)
FN:15,(anonymous_1)
FN:19,(anonymous_2)
FN:21,(anonymous_3)
FN:31,(anonymous_4)
FN:44,(anonymous_5)
FN:54,saveSession
FN:59,(anonymous_7)
FN:65,loadSession
FN:68,(anonymous_9)
FN:72,startRolePlaySession
FN:122,sendRolePlayReply
FN:130,(anonymous_12)
FN:181,giveUserFeedback
FN:185,(anonymous_14)
FNF:15
FNH:15
FNDA:16,(anonymous_0)
FNDA:11,(anonymous_1)
FNDA:10,(anonymous_2)
FNDA:40,(anonymous_3)
FNDA:7,(anonymous_4)
FNDA:3,(anonymous_5)
FNDA:3,saveSession
FNDA:1,(anonymous_7)
FNDA:4,loadSession
FNDA:2,(anonymous_9)
FNDA:3,startRolePlaySession
FNDA:2,sendRolePlayReply
FNDA:1,(anonymous_12)
FNDA:2,giveUserFeedback
FNDA:2,(anonymous_14)
DA:11,1
DA:13,16
DA:15,1
DA:16,11
DA:19,1
DA:20,10
DA:21,40
DA:23,10
DA:31,1
DA:32,7
DA:33,7
DA:34,7
DA:36,0
DA:44,3
DA:55,3
DA:56,3
DA:57,1
DA:59,3
DA:60,3
DA:61,2
DA:62,3
DA:66,4
DA:67,4
DA:68,4
DA:73,3
DA:74,3
DA:76,3
DA:77,3
DA:79,3
DA:81,2
DA:102,2
DA:104,2
DA:109,2
DA:118,2
DA:119,2
DA:123,2
DA:124,2
DA:127,1
DA:130,1
DA:133,1
DA:134,1
DA:135,1
DA:169,1
DA:172,1
DA:173,1
DA:174,1
DA:176,1
DA:182,2
DA:183,2
DA:185,2
DA:186,1
DA:187,1
DA:189,1
DA:213,1
DA:214,1
DA:216,1
LF:56
LH:55
BRDA:13,0,0,4
BRDA:13,0,1,12
BRDA:16,1,0,3
BRDA:16,1,1,8
BRDA:19,2,0,2
BRDA:20,3,0,10
BRDA:20,3,1,3
BRDA:21,4,0,40
BRDA:21,4,1,40
BRDA:33,5,0,7
BRDA:33,5,1,7
BRDA:34,6,0,7
BRDA:34,6,1,0
BRDA:34,7,0,7
BRDA:34,7,1,7
BRDA:38,8,0,0
BRDA:38,8,1,0
BRDA:39,9,0,0
BRDA:39,9,1,0
BRDA:56,10,0,1
BRDA:56,10,1,2
BRDA:60,11,0,1
BRDA:60,11,1,2
BRDA:66,12,0,0
BRDA:66,12,1,4
BRDA:68,13,0,4
BRDA:68,13,1,2
BRDA:72,14,0,2
BRDA:72,15,0,3
BRDA:124,16,0,1
BRDA:124,16,1,1
BRDA:127,17,0,0
BRDA:127,17,1,1
BRDA:183,18,0,1
BRDA:183,18,1,1
BRF:35
BRH:28
end_of_record
