{"/Users/mstms/לימודים/תואר המכללה/סמסטר ב/ai-final-project/client/src/App.jsx": {"path":"/Users/mstms/לימודים/תואר המכללה/סמסטר ב/ai-final-project/client/src/App.jsx","statementMap":{"0":{"start":{"line":11,"column":2},"end":{"line":58,"column":4}}},"fnMap":{"0":{"name":"App","decl":{"start":{"line":10,"column":24},"end":{"line":10,"column":27}},"loc":{"start":{"line":10,"column":30},"end":{"line":59,"column":1}},"line":10}},"branchMap":{},"s":{"0":0},"f":{"0":0},"b":{}}
,"/Users/mstms/לימודים/תואר המכללה/סמסטר ב/ai-final-project/client/src/main.jsx": {"path":"/Users/mstms/לימודים/תואר המכללה/סמסטר ב/ai-final-project/client/src/main.jsx","statementMap":{"0":{"start":{"line":7,"column":0},"end":{"line":13,"column":1}}},"fnMap":{},"branchMap":{},"s":{"0":0},"f":{},"b":{}}
,"/Users/mstms/לימודים/תואר המכללה/סמסטר ב/ai-final-project/client/src/components/Button.jsx": {"path":"/Users/mstms/לימודים/תואר המכללה/סמסטר ב/ai-final-project/client/src/components/Button.jsx","statementMap":{"0":{"start":{"line":2,"column":2},"end":{"line":6,"column":4}}},"fnMap":{"0":{"name":"Button","decl":{"start":{"line":1,"column":24},"end":{"line":1,"column":30}},"loc":{"start":{"line":1,"column":64},"end":{"line":7,"column":1}},"line":1}},"branchMap":{},"s":{"0":0},"f":{"0":0},"b":{}}
,"/Users/mstms/לימודים/תואר המכללה/סמסטר ב/ai-final-project/client/src/components/Card.jsx": {"path":"/Users/mstms/לימודים/תואר המכללה/סמסטר ב/ai-final-project/client/src/components/Card.jsx","statementMap":{"0":{"start":{"line":2,"column":2},"end":{"line":2,"column":48}}},"fnMap":{"0":{"name":"Card","decl":{"start":{"line":1,"column":24},"end":{"line":1,"column":28}},"loc":{"start":{"line":1,"column":43},"end":{"line":3,"column":1}},"line":1}},"branchMap":{},"s":{"0":0},"f":{"0":0},"b":{}}
,"/Users/mstms/לימודים/תואר המכללה/סמסטר ב/ai-final-project/client/src/components/Header.jsx": {"path":"/Users/mstms/לימודים/תואר המכללה/סמסטר ב/ai-final-project/client/src/components/Header.jsx","statementMap":{"0":{"start":{"line":4,"column":16},"end":{"line":4,"column":29}},"1":{"start":{"line":6,"column":2},"end":{"line":6,"column":64}}},"fnMap":{"0":{"name":"Header","decl":{"start":{"line":3,"column":16},"end":{"line":3,"column":22}},"loc":{"start":{"line":3,"column":25},"end":{"line":7,"column":1}},"line":3}},"branchMap":{},"s":{"0":0,"1":0},"f":{"0":0},"b":{}}
,"/Users/mstms/לימודים/תואר המכללה/סמסטר ב/ai-final-project/client/src/components/LanguageSwitcher.jsx": {"path":"/Users/mstms/לימודים/תואר המכללה/סמסטר ב/ai-final-project/client/src/components/LanguageSwitcher.jsx","statementMap":{"0":{"start":{"line":5,"column":50},"end":{"line":5,"column":63}},"1":{"start":{"line":6,"column":24},"end":{"line":6,"column":36}},"2":{"start":{"line":8,"column":2},"end":{"line":26,"column":4}},"3":{"start":{"line":12,"column":25},"end":{"line":12,"column":40}},"4":{"start":{"line":13,"column":10},"end":{"line":22,"column":12}},"5":{"start":{"line":18,"column":27},"end":{"line":18,"column":51}}},"fnMap":{"0":{"name":"LanguageSwitcher","decl":{"start":{"line":4,"column":24},"end":{"line":4,"column":40}},"loc":{"start":{"line":4,"column":43},"end":{"line":27,"column":1}},"line":4},"1":{"name":"(anonymous_1)","decl":{"start":{"line":11,"column":27},"end":{"line":11,"column":28}},"loc":{"start":{"line":11,"column":37},"end":{"line":23,"column":9}},"line":11},"2":{"name":"(anonymous_2)","decl":{"start":{"line":18,"column":21},"end":{"line":18,"column":22}},"loc":{"start":{"line":18,"column":27},"end":{"line":18,"column":51}},"line":18}},"branchMap":{"0":{"loc":{"start":{"line":17,"column":48},"end":{"line":17,"column":88}},"type":"cond-expr","locations":[{"start":{"line":17,"column":75},"end":{"line":17,"column":83}},{"start":{"line":17,"column":86},"end":{"line":17,"column":88}}],"line":17}},"s":{"0":26,"1":26,"2":26,"3":52,"4":52,"5":0},"f":{"0":26,"1":52,"2":0},"b":{"0":[26,26]},"_coverageSchema":"1a1c01bbd47fc00a2c39e90264f33305004495a9","hash":"6176e0fa074d3dfa8e99943e4ac1367edca6d8c0"}
,"/Users/mstms/לימודים/תואר המכללה/סמסטר ב/ai-final-project/client/src/components/Loader.jsx": {"path":"/Users/mstms/לימודים/תואר המכללה/סמסטר ב/ai-final-project/client/src/components/Loader.jsx","statementMap":{"0":{"start":{"line":5,"column":16},"end":{"line":5,"column":29}},"1":{"start":{"line":7,"column":2},"end":{"line":7,"column":51}}},"fnMap":{"0":{"name":"Loader","decl":{"start":{"line":4,"column":24},"end":{"line":4,"column":30}},"loc":{"start":{"line":4,"column":33},"end":{"line":8,"column":1}},"line":4}},"branchMap":{},"s":{"0":0,"1":0},"f":{"0":0},"b":{}}
,"/Users/mstms/לימודים/תואר המכללה/סמסטר ב/ai-final-project/client/src/components/PageContainer.jsx": {"path":"/Users/mstms/לימודים/תואר המכללה/סמסטר ב/ai-final-project/client/src/components/PageContainer.jsx","statementMap":{"0":{"start":{"line":3,"column":2},"end":{"line":3,"column":53}}},"fnMap":{"0":{"name":"PageContainer","decl":{"start":{"line":2,"column":16},"end":{"line":2,"column":29}},"loc":{"start":{"line":2,"column":44},"end":{"line":4,"column":1}},"line":2}},"branchMap":{},"s":{"0":0},"f":{"0":0},"b":{}}
,"/Users/mstms/לימודים/תואר המכללה/סמסטר ב/ai-final-project/client/src/components/ProtectedRoute.jsx": {"path":"/Users/mstms/לימודים/תואר המכללה/סמסטר ב/ai-final-project/client/src/components/ProtectedRoute.jsx","statementMap":{"0":{"start":{"line":5,"column":16},"end":{"line":5,"column":32}},"1":{"start":{"line":6,"column":2},"end":{"line":8,"column":3}},"2":{"start":{"line":7,"column":4},"end":{"line":7,"column":43}},"3":{"start":{"line":10,"column":2},"end":{"line":10,"column":18}}},"fnMap":{"0":{"name":"ProtectedRoute","decl":{"start":{"line":4,"column":24},"end":{"line":4,"column":38}},"loc":{"start":{"line":4,"column":53},"end":{"line":11,"column":1}},"line":4}},"branchMap":{"0":{"loc":{"start":{"line":6,"column":2},"end":{"line":8,"column":3}},"type":"if","locations":[{"start":{"line":6,"column":2},"end":{"line":8,"column":3}},{"start":{},"end":{}}],"line":6}},"s":{"0":0,"1":0,"2":0,"3":0},"f":{"0":0},"b":{"0":[0,0]}}
,"/Users/mstms/לימודים/תואר המכללה/סמסטר ב/ai-final-project/client/src/components/Question.jsx": {"path":"/Users/mstms/לימודים/תואר המכללה/סמסטר ב/ai-final-project/client/src/components/Question.jsx","statementMap":{"0":{"start":{"line":2,"column":2},"end":{"line":2,"column":29}},"1":{"start":{"line":2,"column":17},"end":{"line":2,"column":29}},"2":{"start":{"line":4,"column":2},"end":{"line":22,"column":4}},"3":{"start":{"line":9,"column":8},"end":{"line":19,"column":16}},"4":{"start":{"line":15,"column":28},"end":{"line":15,"column":44}}},"fnMap":{"0":{"name":"Question","decl":{"start":{"line":1,"column":24},"end":{"line":1,"column":32}},"loc":{"start":{"line":1,"column":73},"end":{"line":23,"column":1}},"line":1},"1":{"name":"(anonymous_1)","decl":{"start":{"line":8,"column":28},"end":{"line":8,"column":29}},"loc":{"start":{"line":9,"column":8},"end":{"line":19,"column":16}},"line":9},"2":{"name":"(anonymous_2)","decl":{"start":{"line":15,"column":22},"end":{"line":15,"column":23}},"loc":{"start":{"line":15,"column":28},"end":{"line":15,"column":44}},"line":15}},"branchMap":{"0":{"loc":{"start":{"line":2,"column":2},"end":{"line":2,"column":29}},"type":"if","locations":[{"start":{"line":2,"column":2},"end":{"line":2,"column":29}},{"start":{},"end":{}}],"line":2}},"s":{"0":0,"1":0,"2":0,"3":0,"4":0},"f":{"0":0,"1":0,"2":0},"b":{"0":[0,0]}}
,"/Users/mstms/לימודים/תואר המכללה/סמסטר ב/ai-final-project/client/src/components/QuizList.jsx": {"path":"/Users/mstms/לימודים/תואר המכללה/סמסטר ב/ai-final-project/client/src/components/QuizList.jsx","statementMap":{"0":{"start":{"line":4,"column":2},"end":{"line":6,"column":5}},"1":{"start":{"line":5,"column":4},"end":{"line":5,"column":64}}},"fnMap":{"0":{"name":"QuizList","decl":{"start":{"line":3,"column":24},"end":{"line":3,"column":32}},"loc":{"start":{"line":3,"column":58},"end":{"line":7,"column":1}},"line":3},"1":{"name":"(anonymous_1)","decl":{"start":{"line":4,"column":23},"end":{"line":4,"column":24}},"loc":{"start":{"line":5,"column":4},"end":{"line":5,"column":64}},"line":5}},"branchMap":{},"s":{"0":0,"1":0},"f":{"0":0,"1":0},"b":{}}
,"/Users/mstms/לימודים/תואר המכללה/סמסטר ב/ai-final-project/client/src/components/QuizProgress.jsx": {"path":"/Users/mstms/לימודים/תואר המכללה/סמסטר ב/ai-final-project/client/src/components/QuizProgress.jsx","statementMap":{"0":{"start":{"line":4,"column":16},"end":{"line":4,"column":29}},"1":{"start":{"line":6,"column":2},"end":{"line":10,"column":4}}},"fnMap":{"0":{"name":"QuizProgress","decl":{"start":{"line":3,"column":24},"end":{"line":3,"column":36}},"loc":{"start":{"line":3,"column":57},"end":{"line":11,"column":1}},"line":3}},"branchMap":{},"s":{"0":0,"1":0},"f":{"0":0},"b":{}}
,"/Users/mstms/לימודים/תואר המכללה/סמסטר ב/ai-final-project/client/src/components/QuizQuestion.jsx": {"path":"/Users/mstms/לימודים/תואר המכללה/סמסטר ב/ai-final-project/client/src/components/QuizQuestion.jsx","statementMap":{"0":{"start":{"line":2,"column":2},"end":{"line":17,"column":4}},"1":{"start":{"line":7,"column":8},"end":{"line":14,"column":16}},"2":{"start":{"line":11,"column":28},"end":{"line":11,"column":54}}},"fnMap":{"0":{"name":"QuizQuestion","decl":{"start":{"line":1,"column":24},"end":{"line":1,"column":36}},"loc":{"start":{"line":1,"column":61},"end":{"line":18,"column":1}},"line":1},"1":{"name":"(anonymous_1)","decl":{"start":{"line":6,"column":28},"end":{"line":6,"column":29}},"loc":{"start":{"line":7,"column":8},"end":{"line":14,"column":16}},"line":7},"2":{"name":"(anonymous_2)","decl":{"start":{"line":11,"column":22},"end":{"line":11,"column":23}},"loc":{"start":{"line":11,"column":28},"end":{"line":11,"column":54}},"line":11}},"branchMap":{},"s":{"0":0,"1":0,"2":0},"f":{"0":0,"1":0,"2":0},"b":{}}
,"/Users/mstms/לימודים/תואר המכללה/סמסטר ב/ai-final-project/client/src/components/QuizResult.jsx": {"path":"/Users/mstms/לימודים/תואר המכללה/סמסטר ב/ai-final-project/client/src/components/QuizResult.jsx","statementMap":{"0":{"start":{"line":5,"column":16},"end":{"line":5,"column":29}},"1":{"start":{"line":7,"column":2},"end":{"line":17,"column":4}},"2":{"start":{"line":12,"column":8},"end":{"line":14,"column":12}}},"fnMap":{"0":{"name":"QuizResult","decl":{"start":{"line":4,"column":24},"end":{"line":4,"column":34}},"loc":{"start":{"line":4,"column":47},"end":{"line":18,"column":1}},"line":4},"1":{"name":"(anonymous_1)","decl":{"start":{"line":11,"column":26},"end":{"line":11,"column":27}},"loc":{"start":{"line":12,"column":8},"end":{"line":14,"column":12}},"line":12}},"branchMap":{"0":{"loc":{"start":{"line":12,"column":33},"end":{"line":12,"column":64}},"type":"cond-expr","locations":[{"start":{"line":12,"column":45},"end":{"line":12,"column":54}},{"start":{"line":12,"column":57},"end":{"line":12,"column":64}}],"line":12},"1":{"loc":{"start":{"line":13,"column":11},"end":{"line":13,"column":32}},"type":"cond-expr","locations":[{"start":{"line":13,"column":23},"end":{"line":13,"column":26}},{"start":{"line":13,"column":29},"end":{"line":13,"column":32}}],"line":13}},"s":{"0":0,"1":0,"2":0},"f":{"0":0,"1":0},"b":{"0":[0,0],"1":[0,0]}}
,"/Users/mstms/לימודים/תואר המכללה/סמסטר ב/ai-final-project/client/src/components/Textarea.jsx": {"path":"/Users/mstms/לימודים/תואר המכללה/סמסטר ב/ai-final-project/client/src/components/Textarea.jsx","statementMap":{"0":{"start":{"line":3,"column":2},"end":{"line":10,"column":4}},"1":{"start":{"line":6,"column":23},"end":{"line":6,"column":47}}},"fnMap":{"0":{"name":"Textarea","decl":{"start":{"line":2,"column":24},"end":{"line":2,"column":32}},"loc":{"start":{"line":2,"column":67},"end":{"line":11,"column":1}},"line":2},"1":{"name":"(anonymous_1)","decl":{"start":{"line":6,"column":16},"end":{"line":6,"column":17}},"loc":{"start":{"line":6,"column":23},"end":{"line":6,"column":47}},"line":6}},"branchMap":{},"s":{"0":0,"1":0},"f":{"0":0,"1":0},"b":{}}
,"/Users/mstms/לימודים/תואר המכללה/סמסטר ב/ai-final-project/client/src/i18n/LanguageContext.jsx": {"path":"/Users/mstms/לימודים/תואר המכללה/סמסטר ב/ai-final-project/client/src/i18n/LanguageContext.jsx","statementMap":{"0":{"start":{"line":4,"column":29},"end":{"line":4,"column":42}},"1":{"start":{"line":6,"column":24},"end":{"line":6,"column":43}},"2":{"start":{"line":7,"column":20},"end":{"line":7,"column":47}},"3":{"start":{"line":8,"column":24},"end":{"line":14,"column":1}},"4":{"start":{"line":16,"column":26},"end":{"line":19,"column":1}},"5":{"start":{"line":17,"column":17},"end":{"line":17,"column":59}},"6":{"start":{"line":18,"column":2},"end":{"line":18,"column":58}},"7":{"start":{"line":22,"column":39},"end":{"line":22,"column":66}},"8":{"start":{"line":24,"column":22},"end":{"line":28,"column":3}},"9":{"start":{"line":25,"column":4},"end":{"line":25,"column":44}},"10":{"start":{"line":25,"column":37},"end":{"line":25,"column":44}},"11":{"start":{"line":26,"column":4},"end":{"line":26,"column":35}},"12":{"start":{"line":27,"column":4},"end":{"line":27,"column":61}},"13":{"start":{"line":30,"column":15},"end":{"line":30,"column":34}},"14":{"start":{"line":31,"column":12},"end":{"line":31,"column":34}},"15":{"start":{"line":33,"column":2},"end":{"line":36,"column":27}},"16":{"start":{"line":34,"column":4},"end":{"line":34,"column":45}},"17":{"start":{"line":35,"column":4},"end":{"line":35,"column":44}},"18":{"start":{"line":38,"column":16},"end":{"line":44,"column":30}},"19":{"start":{"line":38,"column":31},"end":{"line":44,"column":3}},"20":{"start":{"line":46,"column":2},"end":{"line":50,"column":4}},"21":{"start":{"line":54,"column":18},"end":{"line":54,"column":45}},"22":{"start":{"line":55,"column":2},"end":{"line":55,"column":36}}},"fnMap":{"0":{"name":"(anonymous_0)","decl":{"start":{"line":12,"column":15},"end":{"line":12,"column":16}},"loc":{"start":{"line":12,"column":21},"end":{"line":12,"column":23}},"line":12},"1":{"name":"(anonymous_1)","decl":{"start":{"line":16,"column":26},"end":{"line":16,"column":27}},"loc":{"start":{"line":16,"column":32},"end":{"line":19,"column":1}},"line":16},"2":{"name":"LanguageProvider","decl":{"start":{"line":21,"column":16},"end":{"line":21,"column":32}},"loc":{"start":{"line":21,"column":47},"end":{"line":51,"column":1}},"line":21},"3":{"name":"(anonymous_3)","decl":{"start":{"line":24,"column":22},"end":{"line":24,"column":23}},"loc":{"start":{"line":24,"column":40},"end":{"line":28,"column":3}},"line":24},"4":{"name":"(anonymous_4)","decl":{"start":{"line":33,"column":12},"end":{"line":33,"column":13}},"loc":{"start":{"line":33,"column":18},"end":{"line":36,"column":3}},"line":33},"5":{"name":"(anonymous_5)","decl":{"start":{"line":38,"column":24},"end":{"line":38,"column":25}},"loc":{"start":{"line":38,"column":31},"end":{"line":44,"column":3}},"line":38},"6":{"name":"useLanguage","decl":{"start":{"line":53,"column":16},"end":{"line":53,"column":27}},"loc":{"start":{"line":53,"column":30},"end":{"line":56,"column":1}},"line":53}},"branchMap":{"0":{"loc":{"start":{"line":18,"column":9},"end":{"line":18,"column":57}},"type":"cond-expr","locations":[{"start":{"line":18,"column":32},"end":{"line":18,"column":38}},{"start":{"line":18,"column":41},"end":{"line":18,"column":57}}],"line":18},"1":{"loc":{"start":{"line":25,"column":4},"end":{"line":25,"column":44}},"type":"if","locations":[{"start":{"line":25,"column":4},"end":{"line":25,"column":44}},{"start":{},"end":{}}],"line":25},"2":{"loc":{"start":{"line":55,"column":9},"end":{"line":55,"column":35}},"type":"binary-expr","locations":[{"start":{"line":55,"column":9},"end":{"line":55,"column":16}},{"start":{"line":55,"column":20},"end":{"line":55,"column":35}}],"line":55}},"s":{"0":4,"1":4,"2":4,"3":4,"4":4,"5":0,"6":0,"7":0,"8":0,"9":0,"10":0,"11":0,"12":0,"13":0,"14":0,"15":0,"16":0,"17":0,"18":0,"19":0,"20":0,"21":85,"22":85},"f":{"0":0,"1":0,"2":0,"3":0,"4":0,"5":0,"6":85},"b":{"0":[0,0],"1":[0,0],"2":[85,85]},"_coverageSchema":"1a1c01bbd47fc00a2c39e90264f33305004495a9","hash":"c007f8da282ddf003b7d0b3d8694ab6ce287aead"}
,"/Users/mstms/לימודים/תואר המכללה/סמסטר ב/ai-final-project/client/src/i18n/dictionaries.js": {"path":"/Users/mstms/לימודים/תואר המכללה/סמסטר ב/ai-final-project/client/src/i18n/dictionaries.js","statementMap":{"0":{"start":{"line":1,"column":25},"end":{"line":12,"column":1}},"1":{"start":{"line":14,"column":32},"end":{"line":14,"column":36}},"2":{"start":{"line":16,"column":28},"end":{"line":189,"column":1}},"3":{"start":{"line":41,"column":26},"end":{"line":41,"column":40}},"4":{"start":{"line":43,"column":38},"end":{"line":43,"column":68}},"5":{"start":{"line":80,"column":36},"end":{"line":80,"column":67}},"6":{"start":{"line":127,"column":26},"end":{"line":127,"column":42}},"7":{"start":{"line":129,"column":38},"end":{"line":129,"column":73}},"8":{"start":{"line":166,"column":36},"end":{"line":166,"column":69}}},"fnMap":{"0":{"name":"(anonymous_0)","decl":{"start":{"line":41,"column":16},"end":{"line":41,"column":17}},"loc":{"start":{"line":41,"column":26},"end":{"line":41,"column":40}},"line":41},"1":{"name":"(anonymous_1)","decl":{"start":{"line":43,"column":23},"end":{"line":43,"column":24}},"loc":{"start":{"line":43,"column":38},"end":{"line":43,"column":68}},"line":43},"2":{"name":"(anonymous_2)","decl":{"start":{"line":80,"column":16},"end":{"line":80,"column":17}},"loc":{"start":{"line":80,"column":36},"end":{"line":80,"column":67}},"line":80},"3":{"name":"(anonymous_3)","decl":{"start":{"line":127,"column":16},"end":{"line":127,"column":17}},"loc":{"start":{"line":127,"column":26},"end":{"line":127,"column":42}},"line":127},"4":{"name":"(anonymous_4)","decl":{"start":{"line":129,"column":23},"end":{"line":129,"column":24}},"loc":{"start":{"line":129,"column":38},"end":{"line":129,"column":73}},"line":129},"5":{"name":"(anonymous_5)","decl":{"start":{"line":166,"column":16},"end":{"line":166,"column":17}},"loc":{"start":{"line":166,"column":36},"end":{"line":166,"column":69}},"line":166}},"branchMap":{},"s":{"0":4,"1":4,"2":4,"3":0,"4":27,"5":0,"6":0,"7":0,"8":0},"f":{"0":0,"1":27,"2":0,"3":0,"4":0,"5":0},"b":{},"_coverageSchema":"1a1c01bbd47fc00a2c39e90264f33305004495a9","hash":"e7fcf8450e4746d24713be2dbbae13ba1ed55ee6"}
,"/Users/mstms/לימודים/תואר המכללה/סמסטר ב/ai-final-project/client/src/pages/AuthPage.jsx": {"path":"/Users/mstms/לימודים/תואר המכללה/סמסטר ב/ai-final-project/client/src/pages/AuthPage.jsx","statementMap":{"0":{"start":{"line":11,"column":26},"end":{"line":11,"column":43}},"1":{"start":{"line":12,"column":28},"end":{"line":12,"column":40}},"2":{"start":{"line":13,"column":26},"end":{"line":13,"column":38}},"3":{"start":{"line":14,"column":19},"end":{"line":14,"column":32}},"4":{"start":{"line":15,"column":25},"end":{"line":15,"column":62}},"5":{"start":{"line":16,"column":26},"end":{"line":16,"column":39}},"6":{"start":{"line":18,"column":2},"end":{"line":27,"column":17}},"7":{"start":{"line":19,"column":18},"end":{"line":19,"column":34}},"8":{"start":{"line":20,"column":4},"end":{"line":20,"column":23}},"9":{"start":{"line":20,"column":16},"end":{"line":20,"column":23}},"10":{"start":{"line":22,"column":4},"end":{"line":26,"column":9}},"11":{"start":{"line":23,"column":18},"end":{"line":23,"column":50}},"12":{"start":{"line":29,"column":2},"end":{"line":57,"column":64}},"13":{"start":{"line":30,"column":4},"end":{"line":30,"column":32}},"14":{"start":{"line":30,"column":25},"end":{"line":30,"column":32}},"15":{"start":{"line":31,"column":4},"end":{"line":31,"column":45}},"16":{"start":{"line":31,"column":38},"end":{"line":31,"column":45}},"17":{"start":{"line":32,"column":4},"end":{"line":32,"column":41}},"18":{"start":{"line":32,"column":34},"end":{"line":32,"column":41}},"19":{"start":{"line":34,"column":4},"end":{"line":46,"column":7}},"20":{"start":{"line":37,"column":8},"end":{"line":44,"column":9}},"21":{"start":{"line":38,"column":10},"end":{"line":38,"column":60}},"22":{"start":{"line":39,"column":10},"end":{"line":39,"column":23}},"23":{"start":{"line":40,"column":10},"end":{"line":40,"column":43}},"24":{"start":{"line":42,"column":10},"end":{"line":42,"column":52}},"25":{"start":{"line":43,"column":10},"end":{"line":43,"column":34}},"26":{"start":{"line":48,"column":4},"end":{"line":48,"column":43}},"27":{"start":{"line":49,"column":4},"end":{"line":56,"column":7}},"28":{"start":{"line":59,"column":2},"end":{"line":95,"column":4}},"29":{"start":{"line":69,"column":25},"end":{"line":69,"column":41}},"30":{"start":{"line":75,"column":25},"end":{"line":75,"column":44}}},"fnMap":{"0":{"name":"AuthPage","decl":{"start":{"line":10,"column":24},"end":{"line":10,"column":32}},"loc":{"start":{"line":10,"column":35},"end":{"line":96,"column":1}},"line":10},"1":{"name":"(anonymous_1)","decl":{"start":{"line":18,"column":12},"end":{"line":18,"column":13}},"loc":{"start":{"line":18,"column":18},"end":{"line":27,"column":3}},"line":18},"2":{"name":"(anonymous_2)","decl":{"start":{"line":23,"column":12},"end":{"line":23,"column":13}},"loc":{"start":{"line":23,"column":18},"end":{"line":23,"column":50}},"line":23},"3":{"name":"(anonymous_3)","decl":{"start":{"line":24,"column":13},"end":{"line":24,"column":14}},"loc":{"start":{"line":24,"column":19},"end":{"line":26,"column":7}},"line":24},"4":{"name":"(anonymous_4)","decl":{"start":{"line":29,"column":12},"end":{"line":29,"column":13}},"loc":{"start":{"line":29,"column":18},"end":{"line":57,"column":3}},"line":29},"5":{"name":"(anonymous_5)","decl":{"start":{"line":36,"column":16},"end":{"line":36,"column":17}},"loc":{"start":{"line":36,"column":36},"end":{"line":45,"column":7}},"line":36},"6":{"name":"(anonymous_6)","decl":{"start":{"line":69,"column":19},"end":{"line":69,"column":20}},"loc":{"start":{"line":69,"column":25},"end":{"line":69,"column":41}},"line":69},"7":{"name":"(anonymous_7)","decl":{"start":{"line":75,"column":19},"end":{"line":75,"column":20}},"loc":{"start":{"line":75,"column":25},"end":{"line":75,"column":44}},"line":75}},"branchMap":{"0":{"loc":{"start":{"line":20,"column":4},"end":{"line":20,"column":23}},"type":"if","locations":[{"start":{"line":20,"column":4},"end":{"line":20,"column":23}},{"start":{},"end":{}}],"line":20},"1":{"loc":{"start":{"line":30,"column":4},"end":{"line":30,"column":32}},"type":"if","locations":[{"start":{"line":30,"column":4},"end":{"line":30,"column":32}},{"start":{},"end":{}}],"line":30},"2":{"loc":{"start":{"line":31,"column":4},"end":{"line":31,"column":45}},"type":"if","locations":[{"start":{"line":31,"column":4},"end":{"line":31,"column":45}},{"start":{},"end":{}}],"line":31},"3":{"loc":{"start":{"line":32,"column":4},"end":{"line":32,"column":41}},"type":"if","locations":[{"start":{"line":32,"column":4},"end":{"line":32,"column":41}},{"start":{},"end":{}}],"line":32},"4":{"loc":{"start":{"line":53,"column":12},"end":{"line":53,"column":63}},"type":"cond-expr","locations":[{"start":{"line":53,"column":34},"end":{"line":53,"column":47}},{"start":{"line":53,"column":50},"end":{"line":53,"column":63}}],"line":53},"5":{"loc":{"start":{"line":68,"column":33},"end":{"line":68,"column":65}},"type":"cond-expr","locations":[{"start":{"line":68,"column":52},"end":{"line":68,"column":60}},{"start":{"line":68,"column":63},"end":{"line":68,"column":65}}],"line":68},"6":{"loc":{"start":{"line":74,"column":33},"end":{"line":74,"column":68}},"type":"cond-expr","locations":[{"start":{"line":74,"column":55},"end":{"line":74,"column":63}},{"start":{"line":74,"column":66},"end":{"line":74,"column":68}}],"line":74},"7":{"loc":{"start":{"line":82,"column":9},"end":{"line":84,"column":28}},"type":"cond-expr","locations":[{"start":{"line":83,"column":12},"end":{"line":83,"column":31}},{"start":{"line":84,"column":12},"end":{"line":84,"column":28}}],"line":82},"8":{"loc":{"start":{"line":87,"column":7},"end":{"line":91,"column":7}},"type":"cond-expr","locations":[{"start":{"line":88,"column":8},"end":{"line":88,"column":68}},{"start":{"line":90,"column":8},"end":{"line":90,"column":62}}],"line":87},"9":{"loc":{"start":{"line":93,"column":7},"end":{"line":93,"column":59}},"type":"cond-expr","locations":[{"start":{"line":93,"column":15},"end":{"line":93,"column":52}},{"start":{"line":93,"column":55},"end":{"line":93,"column":59}}],"line":93}},"s":{"0":0,"1":0,"2":0,"3":0,"4":0,"5":0,"6":0,"7":0,"8":0,"9":0,"10":0,"11":0,"12":0,"13":0,"14":0,"15":0,"16":0,"17":0,"18":0,"19":0,"20":0,"21":0,"22":0,"23":0,"24":0,"25":0,"26":0,"27":0,"28":0,"29":0,"30":0},"f":{"0":0,"1":0,"2":0,"3":0,"4":0,"5":0,"6":0,"7":0},"b":{"0":[0,0],"1":[0,0],"2":[0,0],"3":[0,0],"4":[0,0],"5":[0,0],"6":[0,0],"7":[0,0],"8":[0,0],"9":[0,0]}}
,"/Users/mstms/לימודים/תואר המכללה/סמסטר ב/ai-final-project/client/src/pages/HomePage.jsx": {"path":"/Users/mstms/לימודים/תואר המכללה/סמסטר ב/ai-final-project/client/src/pages/HomePage.jsx","statementMap":{"0":{"start":{"line":15,"column":35},"end":{"line":15,"column":40}},"1":{"start":{"line":17,"column":28},"end":{"line":22,"column":1}},"2":{"start":{"line":18,"column":25},"end":{"line":18,"column":37}},"3":{"start":{"line":19,"column":2},"end":{"line":19,"column":32}},"4":{"start":{"line":19,"column":23},"end":{"line":19,"column":32}},"5":{"start":{"line":21,"column":2},"end":{"line":21,"column":46}},"6":{"start":{"line":24,"column":18},"end":{"line":36,"column":1}},"7":{"start":{"line":25,"column":2},"end":{"line":33,"column":3}},"8":{"start":{"line":26,"column":4},"end":{"line":32,"column":7}},"9":{"start":{"line":30,"column":6},"end":{"line":30,"column":67}},"10":{"start":{"line":31,"column":6},"end":{"line":31,"column":22}},"11":{"start":{"line":35,"column":2},"end":{"line":35,"column":26}},"12":{"start":{"line":39,"column":26},"end":{"line":39,"column":39}},"13":{"start":{"line":41,"column":26},"end":{"line":41,"column":81}},"14":{"start":{"line":41,"column":41},"end":{"line":41,"column":80}},"15":{"start":{"line":42,"column":32},"end":{"line":42,"column":47}},"16":{"start":{"line":43,"column":19},"end":{"line":43,"column":32}},"17":{"start":{"line":44,"column":28},"end":{"line":44,"column":40}},"18":{"start":{"line":45,"column":46},"end":{"line":45,"column":58}},"19":{"start":{"line":46,"column":50},"end":{"line":46,"column":109}},"20":{"start":{"line":46,"column":65},"end":{"line":46,"column":108}},"21":{"start":{"line":47,"column":46},"end":{"line":47,"column":61}},"22":{"start":{"line":48,"column":22},"end":{"line":48,"column":38}},"23":{"start":{"line":49,"column":22},"end":{"line":49,"column":82}},"24":{"start":{"line":50,"column":26},"end":{"line":50,"column":51}},"25":{"start":{"line":51,"column":28},"end":{"line":51,"column":107}},"26":{"start":{"line":52,"column":26},"end":{"line":52,"column":103}},"27":{"start":{"line":53,"column":23},"end":{"line":53,"column":60}},"28":{"start":{"line":54,"column":25},"end":{"line":57,"column":3}},"29":{"start":{"line":59,"column":18},"end":{"line":59,"column":74}},"30":{"start":{"line":60,"column":22},"end":{"line":60,"column":109}},"31":{"start":{"line":60,"column":47},"end":{"line":60,"column":108}},"32":{"start":{"line":61,"column":19},"end":{"line":63,"column":7}},"33":{"start":{"line":62,"column":52},"end":{"line":62,"column":83}},"34":{"start":{"line":66,"column":23},"end":{"line":70,"column":3}},"35":{"start":{"line":67,"column":4},"end":{"line":67,"column":21}},"36":{"start":{"line":68,"column":4},"end":{"line":68,"column":47}},"37":{"start":{"line":69,"column":4},"end":{"line":69,"column":17}},"38":{"start":{"line":72,"column":25},"end":{"line":86,"column":3}},"39":{"start":{"line":73,"column":21},"end":{"line":73,"column":38}},"40":{"start":{"line":74,"column":20},"end":{"line":74,"column":44}},"41":{"start":{"line":75,"column":16},"end":{"line":75,"column":69}},"42":{"start":{"line":76,"column":22},"end":{"line":76,"column":24}},"43":{"start":{"line":78,"column":4},"end":{"line":83,"column":5}},"44":{"start":{"line":78,"column":26},"end":{"line":78,"column":27}},"45":{"start":{"line":79,"column":19},"end":{"line":79,"column":48}},"46":{"start":{"line":80,"column":26},"end":{"line":80,"column":53}},"47":{"start":{"line":81,"column":23},"end":{"line":81,"column":80}},"48":{"start":{"line":81,"column":55},"end":{"line":81,"column":69}},"49":{"start":{"line":82,"column":6},"end":{"line":82,"column":31}},"50":{"start":{"line":85,"column":4},"end":{"line":85,"column":34}},"51":{"start":{"line":88,"column":29},"end":{"line":108,"column":3}},"52":{"start":{"line":89,"column":4},"end":{"line":89,"column":22}},"53":{"start":{"line":89,"column":15},"end":{"line":89,"column":22}},"54":{"start":{"line":91,"column":4},"end":{"line":107,"column":5}},"55":{"start":{"line":92,"column":20},"end":{"line":92,"column":95}},"56":{"start":{"line":93,"column":23},"end":{"line":93,"column":77}},"57":{"start":{"line":94,"column":6},"end":{"line":97,"column":7}},"58":{"start":{"line":95,"column":8},"end":{"line":95,"column":61}},"59":{"start":{"line":96,"column":8},"end":{"line":96,"column":15}},"60":{"start":{"line":99,"column":6},"end":{"line":99,"column":24}},"61":{"start":{"line":100,"column":6},"end":{"line":100,"column":37}},"62":{"start":{"line":101,"column":6},"end":{"line":101,"column":50}},"63":{"start":{"line":102,"column":6},"end":{"line":102,"column":55}},"64":{"start":{"line":103,"column":6},"end":{"line":103,"column":19}},"65":{"start":{"line":105,"column":6},"end":{"line":105,"column":49}},"66":{"start":{"line":106,"column":6},"end":{"line":106,"column":38}},"67":{"start":{"line":110,"column":27},"end":{"line":113,"column":3}},"68":{"start":{"line":111,"column":4},"end":{"line":111,"column":54}},"69":{"start":{"line":112,"column":4},"end":{"line":112,"column":28}},"70":{"start":{"line":115,"column":25},"end":{"line":118,"column":3}},"71":{"start":{"line":116,"column":4},"end":{"line":116,"column":27}},"72":{"start":{"line":117,"column":4},"end":{"line":117,"column":28}},"73":{"start":{"line":120,"column":26},"end":{"line":124,"column":3}},"74":{"start":{"line":121,"column":4},"end":{"line":121,"column":27}},"75":{"start":{"line":122,"column":4},"end":{"line":122,"column":105}},"76":{"start":{"line":122,"column":98},"end":{"line":122,"column":105}},"77":{"start":{"line":123,"column":4},"end":{"line":123,"column":29}},"78":{"start":{"line":126,"column":21},"end":{"line":130,"column":3}},"79":{"start":{"line":127,"column":4},"end":{"line":127,"column":27}},"80":{"start":{"line":128,"column":4},"end":{"line":128,"column":29}},"81":{"start":{"line":129,"column":4},"end":{"line":129,"column":60}},"82":{"start":{"line":132,"column":26},"end":{"line":157,"column":3}},"83":{"start":{"line":133,"column":4},"end":{"line":136,"column":5}},"84":{"start":{"line":134,"column":6},"end":{"line":134,"column":36}},"85":{"start":{"line":135,"column":6},"end":{"line":135,"column":13}},"86":{"start":{"line":138,"column":4},"end":{"line":138,"column":21}},"87":{"start":{"line":139,"column":4},"end":{"line":139,"column":98}},"88":{"start":{"line":140,"column":4},"end":{"line":140,"column":17}},"89":{"start":{"line":141,"column":4},"end":{"line":156,"column":5}},"90":{"start":{"line":142,"column":19},"end":{"line":142,"column":62}},"91":{"start":{"line":144,"column":6},"end":{"line":148,"column":7}},"92":{"start":{"line":145,"column":8},"end":{"line":145,"column":57}},"93":{"start":{"line":146,"column":13},"end":{"line":148,"column":7}},"94":{"start":{"line":147,"column":8},"end":{"line":147,"column":68}},"95":{"start":{"line":150,"column":6},"end":{"line":150,"column":55}},"96":{"start":{"line":151,"column":27},"end":{"line":151,"column":53}},"97":{"start":{"line":152,"column":6},"end":{"line":152,"column":58}},"98":{"start":{"line":154,"column":6},"end":{"line":154,"column":24}},"99":{"start":{"line":155,"column":6},"end":{"line":155,"column":28}},"100":{"start":{"line":159,"column":26},"end":{"line":179,"column":3}},"101":{"start":{"line":160,"column":4},"end":{"line":163,"column":5}},"102":{"start":{"line":161,"column":6},"end":{"line":161,"column":36}},"103":{"start":{"line":162,"column":6},"end":{"line":162,"column":13}},"104":{"start":{"line":165,"column":4},"end":{"line":165,"column":21}},"105":{"start":{"line":166,"column":4},"end":{"line":166,"column":47}},"106":{"start":{"line":167,"column":4},"end":{"line":167,"column":17}},"107":{"start":{"line":168,"column":4},"end":{"line":178,"column":5}},"108":{"start":{"line":169,"column":22},"end":{"line":169,"column":57}},"109":{"start":{"line":170,"column":6},"end":{"line":170,"column":53}},"110":{"start":{"line":172,"column":6},"end":{"line":172,"column":55}},"111":{"start":{"line":173,"column":27},"end":{"line":173,"column":53}},"112":{"start":{"line":174,"column":6},"end":{"line":174,"column":54}},"113":{"start":{"line":176,"column":6},"end":{"line":176,"column":24}},"114":{"start":{"line":177,"column":6},"end":{"line":177,"column":28}},"115":{"start":{"line":182,"column":26},"end":{"line":187,"column":3}},"116":{"start":{"line":183,"column":4},"end":{"line":183,"column":16}},"117":{"start":{"line":184,"column":4},"end":{"line":184,"column":28}},"118":{"start":{"line":185,"column":4},"end":{"line":185,"column":41}},"119":{"start":{"line":186,"column":4},"end":{"line":186,"column":45}},"120":{"start":{"line":189,"column":23},"end":{"line":192,"column":3}},"121":{"start":{"line":190,"column":4},"end":{"line":190,"column":13}},"122":{"start":{"line":191,"column":4},"end":{"line":191,"column":41}},"123":{"start":{"line":194,"column":26},"end":{"line":200,"column":3}},"124":{"start":{"line":195,"column":4},"end":{"line":195,"column":31}},"125":{"start":{"line":196,"column":4},"end":{"line":196,"column":28}},"126":{"start":{"line":197,"column":4},"end":{"line":197,"column":57}},"127":{"start":{"line":198,"column":4},"end":{"line":198,"column":45}},"128":{"start":{"line":199,"column":4},"end":{"line":199,"column":17}},"129":{"start":{"line":202,"column":2},"end":{"line":291,"column":4}},"130":{"start":{"line":270,"column":31},"end":{"line":270,"column":65}},"131":{"start":{"line":273,"column":31},"end":{"line":273,"column":60}}},"fnMap":{"0":{"name":"(anonymous_0)","decl":{"start":{"line":17,"column":28},"end":{"line":17,"column":29}},"loc":{"start":{"line":17,"column":39},"end":{"line":22,"column":1}},"line":17},"1":{"name":"(anonymous_1)","decl":{"start":{"line":24,"column":18},"end":{"line":24,"column":19}},"loc":{"start":{"line":24,"column":30},"end":{"line":36,"column":1}},"line":24},"2":{"name":"(anonymous_2)","decl":{"start":{"line":29,"column":12},"end":{"line":29,"column":13}},"loc":{"start":{"line":29,"column":41},"end":{"line":32,"column":5}},"line":29},"3":{"name":"HomePage","decl":{"start":{"line":38,"column":24},"end":{"line":38,"column":32}},"loc":{"start":{"line":38,"column":35},"end":{"line":292,"column":1}},"line":38},"4":{"name":"(anonymous_4)","decl":{"start":{"line":41,"column":35},"end":{"line":41,"column":36}},"loc":{"start":{"line":41,"column":41},"end":{"line":41,"column":80}},"line":41},"5":{"name":"(anonymous_5)","decl":{"start":{"line":46,"column":59},"end":{"line":46,"column":60}},"loc":{"start":{"line":46,"column":65},"end":{"line":46,"column":108}},"line":46},"6":{"name":"(anonymous_6)","decl":{"start":{"line":60,"column":37},"end":{"line":60,"column":38}},"loc":{"start":{"line":60,"column":47},"end":{"line":60,"column":108}},"line":60},"7":{"name":"(anonymous_7)","decl":{"start":{"line":62,"column":37},"end":{"line":62,"column":38}},"loc":{"start":{"line":62,"column":52},"end":{"line":62,"column":83}},"line":62},"8":{"name":"(anonymous_8)","decl":{"start":{"line":66,"column":23},"end":{"line":66,"column":24}},"loc":{"start":{"line":66,"column":36},"end":{"line":70,"column":3}},"line":66},"9":{"name":"(anonymous_9)","decl":{"start":{"line":72,"column":25},"end":{"line":72,"column":26}},"loc":{"start":{"line":72,"column":41},"end":{"line":86,"column":3}},"line":72},"10":{"name":"(anonymous_10)","decl":{"start":{"line":81,"column":45},"end":{"line":81,"column":46}},"loc":{"start":{"line":81,"column":55},"end":{"line":81,"column":69}},"line":81},"11":{"name":"(anonymous_11)","decl":{"start":{"line":88,"column":29},"end":{"line":88,"column":30}},"loc":{"start":{"line":88,"column":45},"end":{"line":108,"column":3}},"line":88},"12":{"name":"(anonymous_12)","decl":{"start":{"line":110,"column":27},"end":{"line":110,"column":28}},"loc":{"start":{"line":110,"column":44},"end":{"line":113,"column":3}},"line":110},"13":{"name":"(anonymous_13)","decl":{"start":{"line":115,"column":25},"end":{"line":115,"column":26}},"loc":{"start":{"line":115,"column":36},"end":{"line":118,"column":3}},"line":115},"14":{"name":"(anonymous_14)","decl":{"start":{"line":120,"column":26},"end":{"line":120,"column":27}},"loc":{"start":{"line":120,"column":37},"end":{"line":124,"column":3}},"line":120},"15":{"name":"(anonymous_15)","decl":{"start":{"line":126,"column":21},"end":{"line":126,"column":22}},"loc":{"start":{"line":126,"column":38},"end":{"line":130,"column":3}},"line":126},"16":{"name":"(anonymous_16)","decl":{"start":{"line":132,"column":26},"end":{"line":132,"column":27}},"loc":{"start":{"line":132,"column":46},"end":{"line":157,"column":3}},"line":132},"17":{"name":"(anonymous_17)","decl":{"start":{"line":159,"column":26},"end":{"line":159,"column":27}},"loc":{"start":{"line":159,"column":38},"end":{"line":179,"column":3}},"line":159},"18":{"name":"(anonymous_18)","decl":{"start":{"line":182,"column":26},"end":{"line":182,"column":27}},"loc":{"start":{"line":182,"column":32},"end":{"line":187,"column":3}},"line":182},"19":{"name":"(anonymous_19)","decl":{"start":{"line":189,"column":23},"end":{"line":189,"column":24}},"loc":{"start":{"line":189,"column":29},"end":{"line":192,"column":3}},"line":189},"20":{"name":"(anonymous_20)","decl":{"start":{"line":194,"column":26},"end":{"line":194,"column":27}},"loc":{"start":{"line":194,"column":32},"end":{"line":200,"column":3}},"line":194},"21":{"name":"(anonymous_21)","decl":{"start":{"line":270,"column":25},"end":{"line":270,"column":26}},"loc":{"start":{"line":270,"column":31},"end":{"line":270,"column":65}},"line":270},"22":{"name":"(anonymous_22)","decl":{"start":{"line":273,"column":25},"end":{"line":273,"column":26}},"loc":{"start":{"line":273,"column":31},"end":{"line":273,"column":60}},"line":273}},"branchMap":{"0":{"loc":{"start":{"line":19,"column":2},"end":{"line":19,"column":32}},"type":"if","locations":[{"start":{"line":19,"column":2},"end":{"line":19,"column":32}},{"start":{},"end":{}}],"line":19},"1":{"loc":{"start":{"line":25,"column":2},"end":{"line":33,"column":3}},"type":"if","locations":[{"start":{"line":25,"column":2},"end":{"line":33,"column":3}},{"start":{},"end":{}}],"line":25},"2":{"loc":{"start":{"line":41,"column":41},"end":{"line":41,"column":80}},"type":"binary-expr","locations":[{"start":{"line":41,"column":41},"end":{"line":41,"column":74}},{"start":{"line":41,"column":78},"end":{"line":41,"column":80}}],"line":41},"3":{"loc":{"start":{"line":46,"column":65},"end":{"line":46,"column":108}},"type":"binary-expr","locations":[{"start":{"line":46,"column":65},"end":{"line":46,"column":102}},{"start":{"line":46,"column":106},"end":{"line":46,"column":108}}],"line":46},"4":{"loc":{"start":{"line":49,"column":22},"end":{"line":49,"column":82}},"type":"binary-expr","locations":[{"start":{"line":49,"column":22},"end":{"line":49,"column":39}},{"start":{"line":49,"column":43},"end":{"line":49,"column":76}},{"start":{"line":49,"column":80},"end":{"line":49,"column":82}}],"line":49},"5":{"loc":{"start":{"line":52,"column":26},"end":{"line":52,"column":103}},"type":"cond-expr","locations":[{"start":{"line":52,"column":52},"end":{"line":52,"column":58}},{"start":{"line":52,"column":61},"end":{"line":52,"column":103}}],"line":52},"6":{"loc":{"start":{"line":52,"column":61},"end":{"line":52,"column":103}},"type":"cond-expr","locations":[{"start":{"line":52,"column":87},"end":{"line":52,"column":95}},{"start":{"line":52,"column":98},"end":{"line":52,"column":103}}],"line":52},"7":{"loc":{"start":{"line":53,"column":23},"end":{"line":53,"column":60}},"type":"cond-expr","locations":[{"start":{"line":53,"column":43},"end":{"line":53,"column":50}},{"start":{"line":53,"column":53},"end":{"line":53,"column":60}}],"line":53},"8":{"loc":{"start":{"line":59,"column":29},"end":{"line":59,"column":73}},"type":"binary-expr","locations":[{"start":{"line":59,"column":29},"end":{"line":59,"column":65}},{"start":{"line":59,"column":69},"end":{"line":59,"column":73}}],"line":59},"9":{"loc":{"start":{"line":60,"column":47},"end":{"line":60,"column":108}},"type":"binary-expr","locations":[{"start":{"line":60,"column":47},"end":{"line":60,"column":78}},{"start":{"line":60,"column":82},"end":{"line":60,"column":108}}],"line":60},"10":{"loc":{"start":{"line":61,"column":19},"end":{"line":63,"column":7}},"type":"cond-expr","locations":[{"start":{"line":62,"column":6},"end":{"line":62,"column":116}},{"start":{"line":63,"column":6},"end":{"line":63,"column":7}}],"line":61},"11":{"loc":{"start":{"line":81,"column":55},"end":{"line":81,"column":69}},"type":"binary-expr","locations":[{"start":{"line":81,"column":55},"end":{"line":81,"column":63}},{"start":{"line":81,"column":67},"end":{"line":81,"column":69}}],"line":81},"12":{"loc":{"start":{"line":89,"column":4},"end":{"line":89,"column":22}},"type":"if","locations":[{"start":{"line":89,"column":4},"end":{"line":89,"column":22}},{"start":{},"end":{}}],"line":89},"13":{"loc":{"start":{"line":92,"column":20},"end":{"line":92,"column":95}},"type":"binary-expr","locations":[{"start":{"line":92,"column":20},"end":{"line":92,"column":51}},{"start":{"line":92,"column":55},"end":{"line":92,"column":95}}],"line":92},"14":{"loc":{"start":{"line":93,"column":23},"end":{"line":93,"column":77}},"type":"cond-expr","locations":[{"start":{"line":93,"column":31},"end":{"line":93,"column":57}},{"start":{"line":93,"column":60},"end":{"line":93,"column":77}}],"line":93},"15":{"loc":{"start":{"line":94,"column":6},"end":{"line":97,"column":7}},"type":"if","locations":[{"start":{"line":94,"column":6},"end":{"line":97,"column":7}},{"start":{},"end":{}}],"line":94},"16":{"loc":{"start":{"line":95,"column":17},"end":{"line":95,"column":59}},"type":"cond-expr","locations":[{"start":{"line":95,"column":25},"end":{"line":95,"column":40}},{"start":{"line":95,"column":43},"end":{"line":95,"column":59}}],"line":95},"17":{"loc":{"start":{"line":122,"column":4},"end":{"line":122,"column":105}},"type":"if","locations":[{"start":{"line":122,"column":4},"end":{"line":122,"column":105}},{"start":{},"end":{}}],"line":122},"18":{"loc":{"start":{"line":122,"column":8},"end":{"line":122,"column":96}},"type":"binary-expr","locations":[{"start":{"line":122,"column":8},"end":{"line":122,"column":43}},{"start":{"line":122,"column":47},"end":{"line":122,"column":96}}],"line":122},"19":{"loc":{"start":{"line":133,"column":4},"end":{"line":136,"column":5}},"type":"if","locations":[{"start":{"line":133,"column":4},"end":{"line":136,"column":5}},{"start":{},"end":{}}],"line":133},"20":{"loc":{"start":{"line":139,"column":22},"end":{"line":139,"column":96}},"type":"cond-expr","locations":[{"start":{"line":139,"column":55},"end":{"line":139,"column":74}},{"start":{"line":139,"column":77},"end":{"line":139,"column":96}}],"line":139},"21":{"loc":{"start":{"line":144,"column":6},"end":{"line":148,"column":7}},"type":"if","locations":[{"start":{"line":144,"column":6},"end":{"line":148,"column":7}},{"start":{"line":146,"column":13},"end":{"line":148,"column":7}}],"line":144},"22":{"loc":{"start":{"line":146,"column":13},"end":{"line":148,"column":7}},"type":"if","locations":[{"start":{"line":146,"column":13},"end":{"line":148,"column":7}},{"start":{},"end":{}}],"line":146},"23":{"loc":{"start":{"line":152,"column":15},"end":{"line":152,"column":56}},"type":"binary-expr","locations":[{"start":{"line":152,"column":15},"end":{"line":152,"column":27}},{"start":{"line":152,"column":31},"end":{"line":152,"column":56}}],"line":152},"24":{"loc":{"start":{"line":160,"column":4},"end":{"line":163,"column":5}},"type":"if","locations":[{"start":{"line":160,"column":4},"end":{"line":163,"column":5}},{"start":{},"end":{}}],"line":160},"25":{"loc":{"start":{"line":174,"column":15},"end":{"line":174,"column":52}},"type":"binary-expr","locations":[{"start":{"line":174,"column":15},"end":{"line":174,"column":27}},{"start":{"line":174,"column":31},"end":{"line":174,"column":52}}],"line":174},"26":{"loc":{"start":{"line":221,"column":9},"end":{"line":221,"column":99}},"type":"cond-expr","locations":[{"start":{"line":221,"column":23},"end":{"line":221,"column":92}},{"start":{"line":221,"column":95},"end":{"line":221,"column":99}}],"line":221},"27":{"loc":{"start":{"line":237,"column":38},"end":{"line":237,"column":70}},"type":"cond-expr","locations":[{"start":{"line":237,"column":55},"end":{"line":237,"column":65}},{"start":{"line":237,"column":68},"end":{"line":237,"column":70}}],"line":237},"28":{"loc":{"start":{"line":253,"column":19},"end":{"line":253,"column":55}},"type":"binary-expr","locations":[{"start":{"line":253,"column":19},"end":{"line":253,"column":35}},{"start":{"line":253,"column":39},"end":{"line":253,"column":55}}],"line":253},"29":{"loc":{"start":{"line":254,"column":17},"end":{"line":254,"column":71}},"type":"cond-expr","locations":[{"start":{"line":254,"column":36},"end":{"line":254,"column":53}},{"start":{"line":254,"column":56},"end":{"line":254,"column":71}}],"line":254},"30":{"loc":{"start":{"line":258,"column":7},"end":{"line":267,"column":7}},"type":"cond-expr","locations":[{"start":{"line":259,"column":8},"end":{"line":264,"column":14}},{"start":{"line":266,"column":8},"end":{"line":266,"column":94}}],"line":258},"31":{"loc":{"start":{"line":281,"column":7},"end":{"line":288,"column":14}},"type":"cond-expr","locations":[{"start":{"line":282,"column":8},"end":{"line":285,"column":11}},{"start":{"line":286,"column":10},"end":{"line":288,"column":14}}],"line":281},"32":{"loc":{"start":{"line":286,"column":10},"end":{"line":288,"column":14}},"type":"cond-expr","locations":[{"start":{"line":287,"column":8},"end":{"line":287,"column":48}},{"start":{"line":288,"column":10},"end":{"line":288,"column":14}}],"line":286}},"s":{"0":1,"1":1,"2":27,"3":27,"4":12,"5":15,"6":1,"7":1,"8":1,"9":1,"10":1,"11":1,"12":27,"13":27,"14":11,"15":27,"16":27,"17":27,"18":27,"19":27,"20":11,"21":27,"22":27,"23":27,"24":27,"25":27,"26":27,"27":27,"28":27,"29":27,"30":27,"31":0,"32":27,"33":0,"34":27,"35":3,"36":3,"37":3,"38":27,"39":1,"40":1,"41":1,"42":1,"43":1,"44":1,"45":2,"46":2,"47":2,"48":4,"49":2,"50":1,"51":27,"52":4,"53":0,"54":4,"55":4,"56":4,"57":4,"58":1,"59":1,"60":3,"61":3,"62":3,"63":3,"64":3,"65":0,"66":0,"67":27,"68":3,"69":3,"70":27,"71":0,"72":0,"73":27,"74":0,"75":0,"76":0,"77":0,"78":27,"79":1,"80":1,"81":1,"82":27,"83":3,"84":1,"85":1,"86":2,"87":2,"88":2,"89":2,"90":2,"91":1,"92":1,"93":0,"94":0,"95":1,"96":1,"97":1,"98":2,"99":2,"100":27,"101":1,"102":0,"103":0,"104":1,"105":1,"106":1,"107":1,"108":1,"109":1,"110":0,"111":0,"112":0,"113":1,"114":1,"115":27,"116":1,"117":1,"118":1,"119":1,"120":27,"121":0,"122":0,"123":27,"124":0,"125":0,"126":0,"127":0,"128":0,"129":27,"130":3,"131":0},"f":{"0":27,"1":1,"2":1,"3":27,"4":11,"5":11,"6":0,"7":0,"8":3,"9":1,"10":4,"11":4,"12":3,"13":0,"14":0,"15":1,"16":3,"17":1,"18":1,"19":0,"20":0,"21":3,"22":0},"b":{"0":[12,15],"1":[1,0],"2":[11,9],"3":[11,10],"4":[27,27,27],"5":[0,27],"6":[0,27],"7":[27,0],"8":[27,27],"9":[0,0],"10":[0,27],"11":[4,0],"12":[0,4],"13":[4,3],"14":[1,3],"15":[1,3],"16":[0,1],"17":[0,0],"18":[0,0],"19":[1,2],"20":[2,0],"21":[1,0],"22":[0,0],"23":[1,1],"24":[0,1],"25":[0,0],"26":[0,27],"27":[0,27],"28":[27,22],"29":[5,22],"30":[15,12],"31":[3,24],"32":[3,21]},"_coverageSchema":"1a1c01bbd47fc00a2c39e90264f33305004495a9","hash":"71ac012725e2134e387e27c0427a4a1c13584645"}
,"/Users/mstms/לימודים/תואר המכללה/סמסטר ב/ai-final-project/client/src/pages/QuizPage.jsx": {"path":"/Users/mstms/לימודים/תואר המכללה/סמסטר ב/ai-final-project/client/src/pages/QuizPage.jsx","statementMap":{"0":{"start":{"line":9,"column":19},"end":{"line":9,"column":32}},"1":{"start":{"line":10,"column":19},"end":{"line":10,"column":32}},"2":{"start":{"line":11,"column":19},"end":{"line":11,"column":43}},"3":{"start":{"line":12,"column":16},"end":{"line":12,"column":29}},"4":{"start":{"line":14,"column":32},"end":{"line":14,"column":44}},"5":{"start":{"line":15,"column":36},"end":{"line":15,"column":51}},"6":{"start":{"line":16,"column":28},"end":{"line":16,"column":39}},"7":{"start":{"line":17,"column":32},"end":{"line":17,"column":44}},"8":{"start":{"line":19,"column":2},"end":{"line":26,"column":3}},"9":{"start":{"line":20,"column":4},"end":{"line":25,"column":6}},"10":{"start":{"line":23,"column":31},"end":{"line":23,"column":44}},"11":{"start":{"line":28,"column":27},"end":{"line":48,"column":3}},"12":{"start":{"line":29,"column":26},"end":{"line":29,"column":27}},"13":{"start":{"line":31,"column":4},"end":{"line":35,"column":7}},"14":{"start":{"line":32,"column":6},"end":{"line":34,"column":7}},"15":{"start":{"line":33,"column":8},"end":{"line":33,"column":26}},"16":{"start":{"line":37,"column":4},"end":{"line":37,"column":30}},"17":{"start":{"line":38,"column":4},"end":{"line":38,"column":23}},"18":{"start":{"line":40,"column":20},"end":{"line":40,"column":76}},"19":{"start":{"line":41,"column":4},"end":{"line":46,"column":7}},"20":{"start":{"line":47,"column":4},"end":{"line":47,"column":79}},"21":{"start":{"line":50,"column":28},"end":{"line":62,"column":3}},"22":{"start":{"line":51,"column":24},"end":{"line":53,"column":5}},"23":{"start":{"line":52,"column":13},"end":{"line":52,"column":40}},"24":{"start":{"line":55,"column":4},"end":{"line":58,"column":5}},"25":{"start":{"line":56,"column":6},"end":{"line":56,"column":35}},"26":{"start":{"line":57,"column":6},"end":{"line":57,"column":13}},"27":{"start":{"line":60,"column":4},"end":{"line":60,"column":19}},"28":{"start":{"line":61,"column":4},"end":{"line":61,"column":23}},"29":{"start":{"line":64,"column":2},"end":{"line":125,"column":4}},"30":{"start":{"line":70,"column":28},"end":{"line":70,"column":43}},"31":{"start":{"line":71,"column":8},"end":{"line":76,"column":9}},"32":{"start":{"line":72,"column":10},"end":{"line":75,"column":29}},"33":{"start":{"line":78,"column":8},"end":{"line":109,"column":10}},"34":{"start":{"line":84,"column":34},"end":{"line":84,"column":48}},"35":{"start":{"line":86,"column":16},"end":{"line":89,"column":17}},"36":{"start":{"line":87,"column":18},"end":{"line":88,"column":84}},"37":{"start":{"line":87,"column":51},"end":{"line":87,"column":84}},"38":{"start":{"line":88,"column":23},"end":{"line":88,"column":84}},"39":{"start":{"line":88,"column":53},"end":{"line":88,"column":84}},"40":{"start":{"line":91,"column":16},"end":{"line":105,"column":18}},"41":{"start":{"line":99,"column":24},"end":{"line":99,"column":75}},"42":{"start":{"line":99,"column":46},"end":{"line":99,"column":73}},"43":{"start":{"line":121,"column":33},"end":{"line":121,"column":46}}},"fnMap":{"0":{"name":"QuizPage","decl":{"start":{"line":8,"column":24},"end":{"line":8,"column":32}},"loc":{"start":{"line":8,"column":35},"end":{"line":126,"column":1}},"line":8},"1":{"name":"(anonymous_1)","decl":{"start":{"line":23,"column":25},"end":{"line":23,"column":26}},"loc":{"start":{"line":23,"column":31},"end":{"line":23,"column":44}},"line":23},"2":{"name":"(anonymous_2)","decl":{"start":{"line":28,"column":27},"end":{"line":28,"column":28}},"loc":{"start":{"line":28,"column":33},"end":{"line":48,"column":3}},"line":28},"3":{"name":"(anonymous_3)","decl":{"start":{"line":31,"column":36},"end":{"line":31,"column":37}},"loc":{"start":{"line":31,"column":43},"end":{"line":35,"column":5}},"line":31},"4":{"name":"(anonymous_4)","decl":{"start":{"line":50,"column":28},"end":{"line":50,"column":29}},"loc":{"start":{"line":50,"column":34},"end":{"line":62,"column":3}},"line":50},"5":{"name":"(anonymous_5)","decl":{"start":{"line":52,"column":6},"end":{"line":52,"column":7}},"loc":{"start":{"line":52,"column":13},"end":{"line":52,"column":40}},"line":52},"6":{"name":"(anonymous_6)","decl":{"start":{"line":69,"column":35},"end":{"line":69,"column":36}},"loc":{"start":{"line":69,"column":42},"end":{"line":110,"column":7}},"line":69},"7":{"name":"(anonymous_7)","decl":{"start":{"line":83,"column":29},"end":{"line":83,"column":30}},"loc":{"start":{"line":83,"column":46},"end":{"line":106,"column":15}},"line":83},"8":{"name":"(anonymous_8)","decl":{"start":{"line":98,"column":32},"end":{"line":98,"column":33}},"loc":{"start":{"line":99,"column":24},"end":{"line":99,"column":75}},"line":99},"9":{"name":"(anonymous_9)","decl":{"start":{"line":99,"column":35},"end":{"line":99,"column":36}},"loc":{"start":{"line":99,"column":46},"end":{"line":99,"column":73}},"line":99},"10":{"name":"(anonymous_10)","decl":{"start":{"line":121,"column":27},"end":{"line":121,"column":28}},"loc":{"start":{"line":121,"column":33},"end":{"line":121,"column":46}},"line":121}},"branchMap":{"0":{"loc":{"start":{"line":19,"column":2},"end":{"line":26,"column":3}},"type":"if","locations":[{"start":{"line":19,"column":2},"end":{"line":26,"column":3}},{"start":{},"end":{}}],"line":19},"1":{"loc":{"start":{"line":32,"column":6},"end":{"line":34,"column":7}},"type":"if","locations":[{"start":{"line":32,"column":6},"end":{"line":34,"column":7}},{"start":{},"end":{}}],"line":32},"2":{"loc":{"start":{"line":40,"column":31},"end":{"line":40,"column":75}},"type":"binary-expr","locations":[{"start":{"line":40,"column":31},"end":{"line":40,"column":67}},{"start":{"line":40,"column":71},"end":{"line":40,"column":75}}],"line":40},"3":{"loc":{"start":{"line":55,"column":4},"end":{"line":58,"column":5}},"type":"if","locations":[{"start":{"line":55,"column":4},"end":{"line":58,"column":5}},{"start":{},"end":{}}],"line":55},"4":{"loc":{"start":{"line":71,"column":8},"end":{"line":76,"column":9}},"type":"if","locations":[{"start":{"line":71,"column":8},"end":{"line":76,"column":9}},{"start":{},"end":{}}],"line":71},"5":{"loc":{"start":{"line":73,"column":12},"end":{"line":75,"column":28}},"type":"cond-expr","locations":[{"start":{"line":74,"column":16},"end":{"line":74,"column":26}},{"start":{"line":75,"column":16},"end":{"line":75,"column":28}}],"line":73},"6":{"loc":{"start":{"line":86,"column":16},"end":{"line":89,"column":17}},"type":"if","locations":[{"start":{"line":86,"column":16},"end":{"line":89,"column":17}},{"start":{},"end":{}}],"line":86},"7":{"loc":{"start":{"line":87,"column":18},"end":{"line":88,"column":84}},"type":"if","locations":[{"start":{"line":87,"column":18},"end":{"line":88,"column":84}},{"start":{"line":88,"column":23},"end":{"line":88,"column":84}}],"line":87},"8":{"loc":{"start":{"line":88,"column":23},"end":{"line":88,"column":84}},"type":"if","locations":[{"start":{"line":88,"column":23},"end":{"line":88,"column":84}},{"start":{},"end":{}}],"line":88},"9":{"loc":{"start":{"line":112,"column":7},"end":{"line":112,"column":63}},"type":"binary-expr","locations":[{"start":{"line":112,"column":7},"end":{"line":112,"column":14}},{"start":{"line":112,"column":18},"end":{"line":112,"column":63}}],"line":112},"10":{"loc":{"start":{"line":114,"column":7},"end":{"line":123,"column":7}},"type":"cond-expr","locations":[{"start":{"line":115,"column":8},"end":{"line":115,"column":68}},{"start":{"line":117,"column":8},"end":{"line":122,"column":14}}],"line":114}},"s":{"0":16,"1":16,"2":16,"3":16,"4":16,"5":16,"6":16,"7":16,"8":16,"9":1,"10":1,"11":15,"12":3,"13":3,"14":6,"15":5,"16":3,"17":3,"18":3,"19":3,"20":3,"21":15,"22":4,"23":7,"24":4,"25":1,"26":1,"27":3,"28":3,"29":15,"30":30,"31":30,"32":6,"33":30,"34":90,"35":90,"36":18,"37":6,"38":12,"39":1,"40":90,"41":6,"42":6,"43":1},"f":{"0":16,"1":1,"2":3,"3":6,"4":4,"5":7,"6":30,"7":90,"8":6,"9":6,"10":1},"b":{"0":[1,15],"1":[5,1],"2":[3,1],"3":[1,3],"4":[6,24],"5":[5,1],"6":[18,72],"7":[6,12],"8":[1,11],"9":[15,1],"10":[12,3]},"_coverageSchema":"1a1c01bbd47fc00a2c39e90264f33305004495a9","hash":"d79bd4095fb822924843725d099cd3efae1a24f2"}
,"/Users/mstms/לימודים/תואר המכללה/סמסטר ב/ai-final-project/client/src/pages/ResultPage.jsx": {"path":"/Users/mstms/לימודים/תואר המכללה/סמסטר ב/ai-final-project/client/src/pages/ResultPage.jsx","statementMap":{"0":{"start":{"line":5,"column":20},"end":{"line":5,"column":33}},"1":{"start":{"line":6,"column":16},"end":{"line":6,"column":29}},"2":{"start":{"line":8,"column":2},"end":{"line":13,"column":4}}},"fnMap":{"0":{"name":"ResultPage","decl":{"start":{"line":4,"column":24},"end":{"line":4,"column":34}},"loc":{"start":{"line":4,"column":37},"end":{"line":14,"column":1}},"line":4}},"branchMap":{},"s":{"0":0,"1":0,"2":0},"f":{"0":0},"b":{}}
,"/Users/mstms/לימודים/תואר המכללה/סמסטר ב/ai-final-project/client/src/pages/RolePlayPage.jsx": {"path":"/Users/mstms/לימודים/תואר המכללה/סמסטר ב/ai-final-project/client/src/pages/RolePlayPage.jsx","statementMap":{"0":{"start":{"line":13,"column":21},"end":{"line":13,"column":34}},"1":{"start":{"line":14,"column":21},"end":{"line":14,"column":34}},"2":{"start":{"line":15,"column":24},"end":{"line":15,"column":44}},"3":{"start":{"line":16,"column":18},"end":{"line":16,"column":31}},"4":{"start":{"line":18,"column":23},"end":{"line":18,"column":48}},"5":{"start":{"line":20,"column":36},"end":{"line":23,"column":6}},"6":{"start":{"line":21,"column":22},"end":{"line":21,"column":54}},"7":{"start":{"line":22,"column":8},"end":{"line":22,"column":115}},"8":{"start":{"line":25,"column":30},"end":{"line":25,"column":42}},"9":{"start":{"line":26,"column":34},"end":{"line":26,"column":49}},"10":{"start":{"line":27,"column":32},"end":{"line":27,"column":47}},"11":{"start":{"line":28,"column":36},"end":{"line":28,"column":50}},"12":{"start":{"line":29,"column":50},"end":{"line":29,"column":65}},"13":{"start":{"line":31,"column":27},"end":{"line":31,"column":39}},"14":{"start":{"line":34,"column":4},"end":{"line":37,"column":19}},"15":{"start":{"line":35,"column":8},"end":{"line":35,"column":67}},"16":{"start":{"line":36,"column":8},"end":{"line":36,"column":71}},"17":{"start":{"line":39,"column":23},"end":{"line":63,"column":5}},"18":{"start":{"line":40,"column":8},"end":{"line":40,"column":34}},"19":{"start":{"line":40,"column":27},"end":{"line":40,"column":34}},"20":{"start":{"line":41,"column":8},"end":{"line":41,"column":25}},"21":{"start":{"line":42,"column":8},"end":{"line":42,"column":24}},"22":{"start":{"line":44,"column":8},"end":{"line":62,"column":9}},"23":{"start":{"line":45,"column":32},"end":{"line":45,"column":58}},"24":{"start":{"line":46,"column":12},"end":{"line":46,"column":58}},"25":{"start":{"line":46,"column":34},"end":{"line":46,"column":56}},"26":{"start":{"line":47,"column":12},"end":{"line":47,"column":25}},"27":{"start":{"line":49,"column":26},"end":{"line":49,"column":81}},"28":{"start":{"line":51,"column":12},"end":{"line":54,"column":13}},"29":{"start":{"line":52,"column":30},"end":{"line":52,"column":50}},"30":{"start":{"line":53,"column":16},"end":{"line":53,"column":29}},"31":{"start":{"line":56,"column":12},"end":{"line":56,"column":52}},"32":{"start":{"line":56,"column":34},"end":{"line":56,"column":50}},"33":{"start":{"line":58,"column":12},"end":{"line":58,"column":31}},"34":{"start":{"line":60,"column":12},"end":{"line":60,"column":30}},"35":{"start":{"line":61,"column":12},"end":{"line":61,"column":29}},"36":{"start":{"line":65,"column":27},"end":{"line":68,"column":5}},"37":{"start":{"line":66,"column":8},"end":{"line":66,"column":44}},"38":{"start":{"line":67,"column":8},"end":{"line":67,"column":22}},"39":{"start":{"line":70,"column":30},"end":{"line":90,"column":5}},"40":{"start":{"line":71,"column":8},"end":{"line":71,"column":33}},"41":{"start":{"line":71,"column":26},"end":{"line":71,"column":33}},"42":{"start":{"line":72,"column":8},"end":{"line":72,"column":33}},"43":{"start":{"line":73,"column":8},"end":{"line":89,"column":9}},"44":{"start":{"line":74,"column":25},"end":{"line":74,"column":62}},"45":{"start":{"line":75,"column":12},"end":{"line":75,"column":30}},"46":{"start":{"line":77,"column":28},"end":{"line":77,"column":84}},"47":{"start":{"line":78,"column":12},"end":{"line":82,"column":15}},"48":{"start":{"line":83,"column":12},"end":{"line":83,"column":87}},"49":{"start":{"line":85,"column":12},"end":{"line":85,"column":59}},"50":{"start":{"line":86,"column":12},"end":{"line":86,"column":62}},"51":{"start":{"line":88,"column":12},"end":{"line":88,"column":38}},"52":{"start":{"line":92,"column":36},"end":{"line":96,"column":5}},"53":{"start":{"line":93,"column":8},"end":{"line":93,"column":24}},"54":{"start":{"line":94,"column":8},"end":{"line":94,"column":34}},"55":{"start":{"line":95,"column":8},"end":{"line":95,"column":44}},"56":{"start":{"line":98,"column":24},"end":{"line":101,"column":5}},"57":{"start":{"line":99,"column":8},"end":{"line":99,"column":41}},"58":{"start":{"line":99,"column":29},"end":{"line":99,"column":41}},"59":{"start":{"line":100,"column":8},"end":{"line":100,"column":64}},"60":{"start":{"line":103,"column":4},"end":{"line":175,"column":6}},"61":{"start":{"line":110,"column":20},"end":{"line":119,"column":26}},"62":{"start":{"line":137,"column":37},"end":{"line":137,"column":61}},"63":{"start":{"line":139,"column":24},"end":{"line":142,"column":25}},"64":{"start":{"line":140,"column":28},"end":{"line":140,"column":47}},"65":{"start":{"line":141,"column":28},"end":{"line":141,"column":41}}},"fnMap":{"0":{"name":"RolePlayPage","decl":{"start":{"line":12,"column":24},"end":{"line":12,"column":36}},"loc":{"start":{"line":12,"column":39},"end":{"line":176,"column":1}},"line":12},"1":{"name":"(anonymous_1)","decl":{"start":{"line":20,"column":45},"end":{"line":20,"column":46}},"loc":{"start":{"line":20,"column":51},"end":{"line":23,"column":5}},"line":20},"2":{"name":"(anonymous_2)","decl":{"start":{"line":34,"column":14},"end":{"line":34,"column":15}},"loc":{"start":{"line":34,"column":20},"end":{"line":37,"column":5}},"line":34},"3":{"name":"(anonymous_3)","decl":{"start":{"line":39,"column":23},"end":{"line":39,"column":24}},"loc":{"start":{"line":39,"column":35},"end":{"line":63,"column":5}},"line":39},"4":{"name":"(anonymous_4)","decl":{"start":{"line":46,"column":24},"end":{"line":46,"column":25}},"loc":{"start":{"line":46,"column":34},"end":{"line":46,"column":56}},"line":46},"5":{"name":"(anonymous_5)","decl":{"start":{"line":56,"column":24},"end":{"line":56,"column":25}},"loc":{"start":{"line":56,"column":34},"end":{"line":56,"column":50}},"line":56},"6":{"name":"(anonymous_6)","decl":{"start":{"line":65,"column":27},"end":{"line":65,"column":28}},"loc":{"start":{"line":65,"column":33},"end":{"line":68,"column":5}},"line":65},"7":{"name":"(anonymous_7)","decl":{"start":{"line":70,"column":30},"end":{"line":70,"column":31}},"loc":{"start":{"line":70,"column":42},"end":{"line":90,"column":5}},"line":70},"8":{"name":"(anonymous_8)","decl":{"start":{"line":92,"column":36},"end":{"line":92,"column":37}},"loc":{"start":{"line":92,"column":42},"end":{"line":96,"column":5}},"line":92},"9":{"name":"(anonymous_9)","decl":{"start":{"line":98,"column":24},"end":{"line":98,"column":25}},"loc":{"start":{"line":98,"column":34},"end":{"line":101,"column":5}},"line":98},"10":{"name":"(anonymous_10)","decl":{"start":{"line":109,"column":30},"end":{"line":109,"column":31}},"loc":{"start":{"line":110,"column":20},"end":{"line":119,"column":26}},"line":110},"11":{"name":"(anonymous_11)","decl":{"start":{"line":137,"column":30},"end":{"line":137,"column":31}},"loc":{"start":{"line":137,"column":37},"end":{"line":137,"column":61}},"line":137},"12":{"name":"(anonymous_12)","decl":{"start":{"line":138,"column":31},"end":{"line":138,"column":32}},"loc":{"start":{"line":138,"column":38},"end":{"line":143,"column":21}},"line":138}},"branchMap":{"0":{"loc":{"start":{"line":15,"column":24},"end":{"line":15,"column":44}},"type":"binary-expr","locations":[{"start":{"line":15,"column":24},"end":{"line":15,"column":38}},{"start":{"line":15,"column":42},"end":{"line":15,"column":44}}],"line":15},"1":{"loc":{"start":{"line":22,"column":15},"end":{"line":22,"column":114}},"type":"cond-expr","locations":[{"start":{"line":22,"column":23},"end":{"line":22,"column":40}},{"start":{"line":22,"column":44},"end":{"line":22,"column":113}}],"line":22},"2":{"loc":{"start":{"line":22,"column":44},"end":{"line":22,"column":113}},"type":"binary-expr","locations":[{"start":{"line":22,"column":44},"end":{"line":22,"column":61}},{"start":{"line":22,"column":65},"end":{"line":22,"column":113}}],"line":22},"3":{"loc":{"start":{"line":40,"column":8},"end":{"line":40,"column":34}},"type":"if","locations":[{"start":{"line":40,"column":8},"end":{"line":40,"column":34}},{"start":{},"end":{}}],"line":40},"4":{"loc":{"start":{"line":51,"column":12},"end":{"line":54,"column":13}},"type":"if","locations":[{"start":{"line":51,"column":12},"end":{"line":54,"column":13}},{"start":{},"end":{}}],"line":51},"5":{"loc":{"start":{"line":71,"column":8},"end":{"line":71,"column":33}},"type":"if","locations":[{"start":{"line":71,"column":8},"end":{"line":71,"column":33}},{"start":{},"end":{}}],"line":71},"6":{"loc":{"start":{"line":77,"column":39},"end":{"line":77,"column":83}},"type":"binary-expr","locations":[{"start":{"line":77,"column":39},"end":{"line":77,"column":75}},{"start":{"line":77,"column":79},"end":{"line":77,"column":83}}],"line":77},"7":{"loc":{"start":{"line":80,"column":31},"end":{"line":80,"column":72}},"type":"binary-expr","locations":[{"start":{"line":80,"column":31},"end":{"line":80,"column":50}},{"start":{"line":80,"column":54},"end":{"line":80,"column":72}}],"line":80},"8":{"loc":{"start":{"line":99,"column":8},"end":{"line":99,"column":41}},"type":"if","locations":[{"start":{"line":99,"column":8},"end":{"line":99,"column":41}},{"start":{},"end":{}}],"line":99},"9":{"loc":{"start":{"line":100,"column":15},"end":{"line":100,"column":63}},"type":"cond-expr","locations":[{"start":{"line":100,"column":30},"end":{"line":100,"column":45}},{"start":{"line":100,"column":48},"end":{"line":100,"column":63}}],"line":100},"10":{"loc":{"start":{"line":112,"column":51},"end":{"line":112,"column":87}},"type":"cond-expr","locations":[{"start":{"line":112,"column":68},"end":{"line":112,"column":76}},{"start":{"line":112,"column":79},"end":{"line":112,"column":87}}],"line":112},"11":{"loc":{"start":{"line":121,"column":17},"end":{"line":126,"column":17}},"type":"binary-expr","locations":[{"start":{"line":121,"column":17},"end":{"line":121,"column":23}},{"start":{"line":122,"column":20},"end":{"line":125,"column":26}}],"line":121},"12":{"loc":{"start":{"line":131,"column":25},"end":{"line":131,"column":69}},"type":"binary-expr","locations":[{"start":{"line":131,"column":25},"end":{"line":131,"column":42}},{"start":{"line":131,"column":46},"end":{"line":131,"column":69}}],"line":131},"13":{"loc":{"start":{"line":139,"column":24},"end":{"line":142,"column":25}},"type":"if","locations":[{"start":{"line":139,"column":24},"end":{"line":142,"column":25}},{"start":{},"end":{}}],"line":139},"14":{"loc":{"start":{"line":139,"column":28},"end":{"line":139,"column":60}},"type":"binary-expr","locations":[{"start":{"line":139,"column":28},"end":{"line":139,"column":45}},{"start":{"line":139,"column":49},"end":{"line":139,"column":60}}],"line":139},"15":{"loc":{"start":{"line":148,"column":55},"end":{"line":148,"column":79}},"type":"binary-expr","locations":[{"start":{"line":148,"column":55},"end":{"line":148,"column":62}},{"start":{"line":148,"column":66},"end":{"line":148,"column":79}}],"line":148},"16":{"loc":{"start":{"line":156,"column":21},"end":{"line":156,"column":90}},"type":"cond-expr","locations":[{"start":{"line":156,"column":39},"end":{"line":156,"column":65}},{"start":{"line":156,"column":68},"end":{"line":156,"column":90}}],"line":156},"17":{"loc":{"start":{"line":161,"column":13},"end":{"line":173,"column":13}},"type":"binary-expr","locations":[{"start":{"line":161,"column":13},"end":{"line":161,"column":21}},{"start":{"line":162,"column":16},"end":{"line":172,"column":22}}],"line":161},"18":{"loc":{"start":{"line":164,"column":21},"end":{"line":171,"column":21}},"type":"cond-expr","locations":[{"start":{"line":165,"column":24},"end":{"line":165,"column":47}},{"start":{"line":167,"column":24},"end":{"line":170,"column":27}}],"line":164}},"s":{"0":0,"1":0,"2":0,"3":0,"4":0,"5":0,"6":0,"7":0,"8":0,"9":0,"10":0,"11":0,"12":0,"13":0,"14":0,"15":0,"16":0,"17":0,"18":0,"19":0,"20":0,"21":0,"22":0,"23":0,"24":0,"25":0,"26":0,"27":0,"28":0,"29":0,"30":0,"31":0,"32":0,"33":0,"34":0,"35":0,"36":0,"37":0,"38":0,"39":0,"40":0,"41":0,"42":0,"43":0,"44":0,"45":0,"46":0,"47":0,"48":0,"49":0,"50":0,"51":0,"52":0,"53":0,"54":0,"55":0,"56":0,"57":0,"58":0,"59":0,"60":0,"61":0,"62":0,"63":0,"64":0,"65":0},"f":{"0":0,"1":0,"2":0,"3":0,"4":0,"5":0,"6":0,"7":0,"8":0,"9":0,"10":0,"11":0,"12":0},"b":{"0":[0,0],"1":[0,0],"2":[0,0],"3":[0,0],"4":[0,0],"5":[0,0],"6":[0,0],"7":[0,0],"8":[0,0],"9":[0,0],"10":[0,0],"11":[0,0],"12":[0,0],"13":[0,0],"14":[0,0],"15":[0,0],"16":[0,0],"17":[0,0],"18":[0,0]},"_coverageSchema":"1a1c01bbd47fc00a2c39e90264f33305004495a9","hash":"cf7c1e04ef69d5197b3320bd5691bbc1c6663ed2"}
,"/Users/mstms/לימודים/תואר המכללה/סמסטר ב/ai-final-project/client/src/pages/TrueFalseQuizPage.jsx": {"path":"/Users/mstms/לימודים/תואר המכללה/סמסטר ב/ai-final-project/client/src/pages/TrueFalseQuizPage.jsx","statementMap":{"0":{"start":{"line":10,"column":19},"end":{"line":10,"column":32}},"1":{"start":{"line":11,"column":19},"end":{"line":11,"column":32}},"2":{"start":{"line":12,"column":19},"end":{"line":12,"column":43}},"3":{"start":{"line":13,"column":16},"end":{"line":13,"column":29}},"4":{"start":{"line":15,"column":32},"end":{"line":15,"column":44}},"5":{"start":{"line":16,"column":36},"end":{"line":16,"column":51}},"6":{"start":{"line":17,"column":28},"end":{"line":17,"column":39}},"7":{"start":{"line":18,"column":32},"end":{"line":18,"column":44}},"8":{"start":{"line":20,"column":2},"end":{"line":27,"column":3}},"9":{"start":{"line":21,"column":4},"end":{"line":26,"column":6}},"10":{"start":{"line":24,"column":31},"end":{"line":24,"column":44}},"11":{"start":{"line":29,"column":23},"end":{"line":31,"column":3}},"12":{"start":{"line":30,"column":4},"end":{"line":30,"column":61}},"13":{"start":{"line":30,"column":26},"end":{"line":30,"column":58}},"14":{"start":{"line":33,"column":23},"end":{"line":50,"column":3}},"15":{"start":{"line":34,"column":26},"end":{"line":34,"column":27}},"16":{"start":{"line":35,"column":4},"end":{"line":37,"column":7}},"17":{"start":{"line":36,"column":6},"end":{"line":36,"column":64}},"18":{"start":{"line":36,"column":46},"end":{"line":36,"column":64}},"19":{"start":{"line":39,"column":4},"end":{"line":39,"column":30}},"20":{"start":{"line":40,"column":4},"end":{"line":40,"column":23}},"21":{"start":{"line":42,"column":20},"end":{"line":42,"column":76}},"22":{"start":{"line":43,"column":4},"end":{"line":48,"column":7}},"23":{"start":{"line":49,"column":4},"end":{"line":49,"column":79}},"24":{"start":{"line":52,"column":28},"end":{"line":59,"column":3}},"25":{"start":{"line":53,"column":4},"end":{"line":56,"column":5}},"26":{"start":{"line":54,"column":6},"end":{"line":54,"column":35}},"27":{"start":{"line":55,"column":6},"end":{"line":55,"column":13}},"28":{"start":{"line":57,"column":4},"end":{"line":57,"column":19}},"29":{"start":{"line":58,"column":4},"end":{"line":58,"column":19}},"30":{"start":{"line":61,"column":2},"end":{"line":115,"column":4}},"31":{"start":{"line":67,"column":28},"end":{"line":67,"column":43}},"32":{"start":{"line":68,"column":8},"end":{"line":73,"column":9}},"33":{"start":{"line":69,"column":10},"end":{"line":72,"column":29}},"34":{"start":{"line":75,"column":8},"end":{"line":99,"column":10}},"35":{"start":{"line":84,"column":35},"end":{"line":84,"column":62}},"36":{"start":{"line":86,"column":16},"end":{"line":95,"column":18}},"37":{"start":{"line":89,"column":35},"end":{"line":89,"column":64}},"38":{"start":{"line":111,"column":33},"end":{"line":111,"column":46}}},"fnMap":{"0":{"name":"TrueFalseQuizPage","decl":{"start":{"line":9,"column":24},"end":{"line":9,"column":41}},"loc":{"start":{"line":9,"column":44},"end":{"line":116,"column":1}},"line":9},"1":{"name":"(anonymous_1)","decl":{"start":{"line":24,"column":25},"end":{"line":24,"column":26}},"loc":{"start":{"line":24,"column":31},"end":{"line":24,"column":44}},"line":24},"2":{"name":"(anonymous_2)","decl":{"start":{"line":29,"column":23},"end":{"line":29,"column":24}},"loc":{"start":{"line":29,"column":46},"end":{"line":31,"column":3}},"line":29},"3":{"name":"(anonymous_3)","decl":{"start":{"line":30,"column":15},"end":{"line":30,"column":16}},"loc":{"start":{"line":30,"column":26},"end":{"line":30,"column":58}},"line":30},"4":{"name":"(anonymous_4)","decl":{"start":{"line":33,"column":23},"end":{"line":33,"column":24}},"loc":{"start":{"line":33,"column":29},"end":{"line":50,"column":3}},"line":33},"5":{"name":"(anonymous_5)","decl":{"start":{"line":35,"column":36},"end":{"line":35,"column":37}},"loc":{"start":{"line":35,"column":43},"end":{"line":37,"column":5}},"line":35},"6":{"name":"(anonymous_6)","decl":{"start":{"line":52,"column":28},"end":{"line":52,"column":29}},"loc":{"start":{"line":52,"column":34},"end":{"line":59,"column":3}},"line":52},"7":{"name":"(anonymous_7)","decl":{"start":{"line":66,"column":35},"end":{"line":66,"column":36}},"loc":{"start":{"line":66,"column":42},"end":{"line":100,"column":7}},"line":66},"8":{"name":"(anonymous_8)","decl":{"start":{"line":83,"column":20},"end":{"line":83,"column":21}},"loc":{"start":{"line":83,"column":29},"end":{"line":96,"column":15}},"line":83},"9":{"name":"(anonymous_9)","decl":{"start":{"line":89,"column":29},"end":{"line":89,"column":30}},"loc":{"start":{"line":89,"column":35},"end":{"line":89,"column":64}},"line":89},"10":{"name":"(anonymous_10)","decl":{"start":{"line":111,"column":27},"end":{"line":111,"column":28}},"loc":{"start":{"line":111,"column":33},"end":{"line":111,"column":46}},"line":111}},"branchMap":{"0":{"loc":{"start":{"line":20,"column":2},"end":{"line":27,"column":3}},"type":"if","locations":[{"start":{"line":20,"column":2},"end":{"line":27,"column":3}},{"start":{},"end":{}}],"line":20},"1":{"loc":{"start":{"line":36,"column":6},"end":{"line":36,"column":64}},"type":"if","locations":[{"start":{"line":36,"column":6},"end":{"line":36,"column":64}},{"start":{},"end":{}}],"line":36},"2":{"loc":{"start":{"line":42,"column":31},"end":{"line":42,"column":75}},"type":"binary-expr","locations":[{"start":{"line":42,"column":31},"end":{"line":42,"column":67}},{"start":{"line":42,"column":71},"end":{"line":42,"column":75}}],"line":42},"3":{"loc":{"start":{"line":53,"column":4},"end":{"line":56,"column":5}},"type":"if","locations":[{"start":{"line":53,"column":4},"end":{"line":56,"column":5}},{"start":{},"end":{}}],"line":53},"4":{"loc":{"start":{"line":68,"column":8},"end":{"line":73,"column":9}},"type":"if","locations":[{"start":{"line":68,"column":8},"end":{"line":73,"column":9}},{"start":{},"end":{}}],"line":68},"5":{"loc":{"start":{"line":70,"column":12},"end":{"line":72,"column":28}},"type":"cond-expr","locations":[{"start":{"line":71,"column":16},"end":{"line":71,"column":26}},{"start":{"line":72,"column":16},"end":{"line":72,"column":28}}],"line":70},"6":{"loc":{"start":{"line":91,"column":45},"end":{"line":91,"column":73}},"type":"cond-expr","locations":[{"start":{"line":91,"column":58},"end":{"line":91,"column":68}},{"start":{"line":91,"column":71},"end":{"line":91,"column":73}}],"line":91},"7":{"loc":{"start":{"line":102,"column":7},"end":{"line":102,"column":63}},"type":"binary-expr","locations":[{"start":{"line":102,"column":7},"end":{"line":102,"column":14}},{"start":{"line":102,"column":18},"end":{"line":102,"column":63}}],"line":102},"8":{"loc":{"start":{"line":104,"column":7},"end":{"line":113,"column":7}},"type":"cond-expr","locations":[{"start":{"line":105,"column":8},"end":{"line":105,"column":68}},{"start":{"line":107,"column":8},"end":{"line":112,"column":14}}],"line":104}},"s":{"0":16,"1":16,"2":16,"3":16,"4":16,"5":16,"6":16,"7":16,"8":16,"9":1,"10":1,"11":15,"12":6,"13":6,"14":15,"15":3,"16":3,"17":6,"18":5,"19":3,"20":3,"21":3,"22":3,"23":3,"24":15,"25":4,"26":1,"27":1,"28":3,"29":3,"30":15,"31":30,"32":30,"33":6,"34":30,"35":60,"36":60,"37":6,"38":1},"f":{"0":16,"1":1,"2":6,"3":6,"4":3,"5":6,"6":4,"7":30,"8":60,"9":6,"10":1},"b":{"0":[1,15],"1":[5,1],"2":[3,1],"3":[1,3],"4":[6,24],"5":[5,1],"6":[15,45],"7":[15,1],"8":[12,3]},"_coverageSchema":"1a1c01bbd47fc00a2c39e90264f33305004495a9","hash":"e4bdec7c236130afcb9727abdd82456554c71bd3"}
,"/Users/mstms/לימודים/תואר המכללה/סמסטר ב/ai-final-project/client/src/services/authApi.js": {"path":"/Users/mstms/לימודים/תואר המכללה/סמסטר ב/ai-final-project/client/src/services/authApi.js","statementMap":{"0":{"start":{"line":9,"column":19},"end":{"line":9,"column":83}},"1":{"start":{"line":11,"column":16},"end":{"line":13,"column":2}},"2":{"start":{"line":15,"column":0},"end":{"line":22,"column":3}},"3":{"start":{"line":16,"column":16},"end":{"line":16,"column":32}},"4":{"start":{"line":17,"column":2},"end":{"line":19,"column":3}},"5":{"start":{"line":18,"column":4},"end":{"line":18,"column":53}},"6":{"start":{"line":21,"column":2},"end":{"line":21,"column":16}},"7":{"start":{"line":25,"column":19},"end":{"line":25,"column":66}},"8":{"start":{"line":27,"column":2},"end":{"line":27,"column":35}},"9":{"start":{"line":28,"column":2},"end":{"line":28,"column":28}},"10":{"start":{"line":29,"column":2},"end":{"line":29,"column":19}},"11":{"start":{"line":33,"column":19},"end":{"line":33,"column":48}},"12":{"start":{"line":34,"column":2},"end":{"line":34,"column":28}},"13":{"start":{"line":35,"column":2},"end":{"line":35,"column":19}},"14":{"start":{"line":39,"column":2},"end":{"line":39,"column":21}}},"fnMap":{"0":{"name":"(anonymous_0)","decl":{"start":{"line":15,"column":33},"end":{"line":15,"column":34}},"loc":{"start":{"line":15,"column":45},"end":{"line":22,"column":1}},"line":15},"1":{"name":"loginWithGoogleIdToken","decl":{"start":{"line":24,"column":22},"end":{"line":24,"column":44}},"loc":{"start":{"line":24,"column":54},"end":{"line":30,"column":1}},"line":24},"2":{"name":"fetchCurrentUser","decl":{"start":{"line":32,"column":22},"end":{"line":32,"column":38}},"loc":{"start":{"line":32,"column":41},"end":{"line":36,"column":1}},"line":32},"3":{"name":"logout","decl":{"start":{"line":38,"column":16},"end":{"line":38,"column":22}},"loc":{"start":{"line":38,"column":25},"end":{"line":40,"column":1}},"line":38}},"branchMap":{"0":{"loc":{"start":{"line":9,"column":19},"end":{"line":9,"column":83}},"type":"binary-expr","locations":[{"start":{"line":9,"column":19},"end":{"line":9,"column":52}},{"start":{"line":9,"column":56},"end":{"line":9,"column":83}}],"line":9},"1":{"loc":{"start":{"line":17,"column":2},"end":{"line":19,"column":3}},"type":"if","locations":[{"start":{"line":17,"column":2},"end":{"line":19,"column":3}},{"start":{},"end":{}}],"line":17}},"s":{"0":0,"1":0,"2":0,"3":0,"4":0,"5":0,"6":0,"7":0,"8":0,"9":0,"10":0,"11":0,"12":0,"13":0,"14":0},"f":{"0":0,"1":0,"2":0,"3":0},"b":{"0":[0,0],"1":[0,0]}}
,"/Users/mstms/לימודים/תואר המכללה/סמסטר ב/ai-final-project/client/src/services/authStorage.js": {"path":"/Users/mstms/לימודים/תואר המכללה/סמסטר ב/ai-final-project/client/src/services/authStorage.js","statementMap":{"0":{"start":{"line":1,"column":25},"end":{"line":1,"column":38}},"1":{"start":{"line":2,"column":25},"end":{"line":2,"column":38}},"2":{"start":{"line":5,"column":2},"end":{"line":5,"column":48}},"3":{"start":{"line":9,"column":2},"end":{"line":9,"column":48}},"4":{"start":{"line":13,"column":2},"end":{"line":13,"column":44}},"5":{"start":{"line":17,"column":14},"end":{"line":17,"column":52}},"6":{"start":{"line":18,"column":2},"end":{"line":18,"column":24}},"7":{"start":{"line":18,"column":12},"end":{"line":18,"column":24}},"8":{"start":{"line":20,"column":2},"end":{"line":24,"column":3}},"9":{"start":{"line":21,"column":4},"end":{"line":21,"column":27}},"10":{"start":{"line":23,"column":4},"end":{"line":23,"column":16}},"11":{"start":{"line":28,"column":2},"end":{"line":28,"column":63}},"12":{"start":{"line":32,"column":2},"end":{"line":32,"column":44}},"13":{"start":{"line":36,"column":2},"end":{"line":36,"column":21}},"14":{"start":{"line":37,"column":2},"end":{"line":37,"column":21}}},"fnMap":{"0":{"name":"getAccessToken","decl":{"start":{"line":4,"column":16},"end":{"line":4,"column":30}},"loc":{"start":{"line":4,"column":33},"end":{"line":6,"column":1}},"line":4},"1":{"name":"setAccessToken","decl":{"start":{"line":8,"column":16},"end":{"line":8,"column":30}},"loc":{"start":{"line":8,"column":38},"end":{"line":10,"column":1}},"line":8},"2":{"name":"clearAccessToken","decl":{"start":{"line":12,"column":16},"end":{"line":12,"column":32}},"loc":{"start":{"line":12,"column":35},"end":{"line":14,"column":1}},"line":12},"3":{"name":"getCurrentUser","decl":{"start":{"line":16,"column":16},"end":{"line":16,"column":30}},"loc":{"start":{"line":16,"column":33},"end":{"line":25,"column":1}},"line":16},"4":{"name":"setCurrentUser","decl":{"start":{"line":27,"column":16},"end":{"line":27,"column":30}},"loc":{"start":{"line":27,"column":37},"end":{"line":29,"column":1}},"line":27},"5":{"name":"clearCurrentUser","decl":{"start":{"line":31,"column":16},"end":{"line":31,"column":32}},"loc":{"start":{"line":31,"column":35},"end":{"line":33,"column":1}},"line":31},"6":{"name":"clearAuthStorage","decl":{"start":{"line":35,"column":16},"end":{"line":35,"column":32}},"loc":{"start":{"line":35,"column":35},"end":{"line":38,"column":1}},"line":35}},"branchMap":{"0":{"loc":{"start":{"line":18,"column":2},"end":{"line":18,"column":24}},"type":"if","locations":[{"start":{"line":18,"column":2},"end":{"line":18,"column":24}},{"start":{},"end":{}}],"line":18}},"s":{"0":1,"1":1,"2":0,"3":0,"4":0,"5":27,"6":27,"7":27,"8":0,"9":0,"10":0,"11":0,"12":0,"13":0,"14":0},"f":{"0":0,"1":0,"2":0,"3":27,"4":0,"5":0,"6":0},"b":{"0":[27,0]},"_coverageSchema":"1a1c01bbd47fc00a2c39e90264f33305004495a9","hash":"88f1eb7c61094bd4f07062083a1b4921394535aa"}
,"/Users/mstms/לימודים/תואר המכללה/סמסטר ב/ai-final-project/client/src/services/studyApi.js": {"path":"/Users/mstms/לימודים/תואר המכללה/סמסטר ב/ai-final-project/client/src/services/studyApi.js","statementMap":{"0":{"start":{"line":5,"column":12},"end":{"line":7,"column":2}},"1":{"start":{"line":9,"column":0},"end":{"line":16,"column":3}},"2":{"start":{"line":10,"column":16},"end":{"line":10,"column":32}},"3":{"start":{"line":11,"column":2},"end":{"line":13,"column":3}},"4":{"start":{"line":12,"column":4},"end":{"line":12,"column":53}},"5":{"start":{"line":15,"column":2},"end":{"line":15,"column":16}},"6":{"start":{"line":18,"column":0},"end":{"line":27,"column":2}},"7":{"start":{"line":19,"column":16},"end":{"line":19,"column":24}},"8":{"start":{"line":21,"column":4},"end":{"line":23,"column":5}},"9":{"start":{"line":22,"column":6},"end":{"line":22,"column":25}},"10":{"start":{"line":25,"column":4},"end":{"line":25,"column":33}},"11":{"start":{"line":29,"column":29},"end":{"line":39,"column":1}},"12":{"start":{"line":30,"column":15},"end":{"line":30,"column":31}},"13":{"start":{"line":31,"column":2},"end":{"line":31,"column":25}},"14":{"start":{"line":31,"column":13},"end":{"line":31,"column":25}},"15":{"start":{"line":33,"column":2},"end":{"line":38,"column":4}},"16":{"start":{"line":42,"column":27},"end":{"line":61,"column":1}},"17":{"start":{"line":43,"column":2},"end":{"line":43,"column":33}},"18":{"start":{"line":43,"column":21},"end":{"line":43,"column":33}},"19":{"start":{"line":45,"column":20},"end":{"line":48,"column":3}},"20":{"start":{"line":50,"column":19},"end":{"line":50,"column":34}},"21":{"start":{"line":51,"column":2},"end":{"line":51,"column":63}},"22":{"start":{"line":51,"column":17},"end":{"line":51,"column":63}},"23":{"start":{"line":53,"column":2},"end":{"line":60,"column":3}},"24":{"start":{"line":54,"column":21},"end":{"line":54,"column":102}},"25":{"start":{"line":55,"column":4},"end":{"line":55,"column":49}},"26":{"start":{"line":56,"column":4},"end":{"line":56,"column":16}},"27":{"start":{"line":58,"column":4},"end":{"line":58,"column":63}},"28":{"start":{"line":59,"column":4},"end":{"line":59,"column":14}},"29":{"start":{"line":64,"column":29},"end":{"line":74,"column":1}},"30":{"start":{"line":65,"column":2},"end":{"line":65,"column":33}},"31":{"start":{"line":65,"column":21},"end":{"line":65,"column":33}},"32":{"start":{"line":67,"column":2},"end":{"line":73,"column":3}},"33":{"start":{"line":68,"column":21},"end":{"line":68,"column":105}},"34":{"start":{"line":69,"column":4},"end":{"line":69,"column":16}},"35":{"start":{"line":71,"column":4},"end":{"line":71,"column":52}},"36":{"start":{"line":72,"column":4},"end":{"line":72,"column":14}},"37":{"start":{"line":77,"column":35},"end":{"line":87,"column":1}},"38":{"start":{"line":78,"column":2},"end":{"line":78,"column":50}},"39":{"start":{"line":78,"column":38},"end":{"line":78,"column":50}},"40":{"start":{"line":80,"column":2},"end":{"line":86,"column":3}},"41":{"start":{"line":81,"column":21},"end":{"line":81,"column":80}},"42":{"start":{"line":82,"column":4},"end":{"line":82,"column":16}},"43":{"start":{"line":84,"column":4},"end":{"line":84,"column":59}},"44":{"start":{"line":85,"column":4},"end":{"line":85,"column":14}},"45":{"start":{"line":89,"column":35},"end":{"line":98,"column":1}},"46":{"start":{"line":90,"column":2},"end":{"line":90,"column":30}},"47":{"start":{"line":90,"column":18},"end":{"line":90,"column":30}},"48":{"start":{"line":91,"column":2},"end":{"line":97,"column":3}},"49":{"start":{"line":92,"column":21},"end":{"line":92,"column":72}},"50":{"start":{"line":93,"column":4},"end":{"line":93,"column":16}},"51":{"start":{"line":95,"column":4},"end":{"line":95,"column":61}},"52":{"start":{"line":96,"column":4},"end":{"line":96,"column":14}}},"fnMap":{"0":{"name":"(anonymous_0)","decl":{"start":{"line":9,"column":29},"end":{"line":9,"column":30}},"loc":{"start":{"line":9,"column":41},"end":{"line":16,"column":1}},"line":9},"1":{"name":"(anonymous_1)","decl":{"start":{"line":19,"column":2},"end":{"line":19,"column":3}},"loc":{"start":{"line":19,"column":16},"end":{"line":19,"column":24}},"line":19},"2":{"name":"(anonymous_2)","decl":{"start":{"line":20,"column":2},"end":{"line":20,"column":3}},"loc":{"start":{"line":20,"column":13},"end":{"line":26,"column":3}},"line":20},"3":{"name":"(anonymous_3)","decl":{"start":{"line":29,"column":29},"end":{"line":29,"column":30}},"loc":{"start":{"line":29,"column":35},"end":{"line":39,"column":1}},"line":29},"4":{"name":"(anonymous_4)","decl":{"start":{"line":42,"column":27},"end":{"line":42,"column":28}},"loc":{"start":{"line":42,"column":86},"end":{"line":61,"column":1}},"line":42},"5":{"name":"(anonymous_5)","decl":{"start":{"line":64,"column":29},"end":{"line":64,"column":30}},"loc":{"start":{"line":64,"column":62},"end":{"line":74,"column":1}},"line":64},"6":{"name":"(anonymous_6)","decl":{"start":{"line":77,"column":35},"end":{"line":77,"column":36}},"loc":{"start":{"line":77,"column":65},"end":{"line":87,"column":1}},"line":77},"7":{"name":"(anonymous_7)","decl":{"start":{"line":89,"column":35},"end":{"line":89,"column":36}},"loc":{"start":{"line":89,"column":56},"end":{"line":98,"column":1}},"line":89}},"branchMap":{"0":{"loc":{"start":{"line":6,"column":11},"end":{"line":6,"column":75}},"type":"binary-expr","locations":[{"start":{"line":6,"column":11},"end":{"line":6,"column":44}},{"start":{"line":6,"column":48},"end":{"line":6,"column":75}}],"line":6},"1":{"loc":{"start":{"line":11,"column":2},"end":{"line":13,"column":3}},"type":"if","locations":[{"start":{"line":11,"column":2},"end":{"line":13,"column":3}},{"start":{},"end":{}}],"line":11},"2":{"loc":{"start":{"line":21,"column":4},"end":{"line":23,"column":5}},"type":"if","locations":[{"start":{"line":21,"column":4},"end":{"line":23,"column":5}},{"start":{},"end":{}}],"line":21},"3":{"loc":{"start":{"line":31,"column":2},"end":{"line":31,"column":25}},"type":"if","locations":[{"start":{"line":31,"column":2},"end":{"line":31,"column":25}},{"start":{},"end":{}}],"line":31},"4":{"loc":{"start":{"line":34,"column":10},"end":{"line":34,"column":25}},"type":"binary-expr","locations":[{"start":{"line":34,"column":10},"end":{"line":34,"column":19}},{"start":{"line":34,"column":23},"end":{"line":34,"column":25}}],"line":34},"5":{"loc":{"start":{"line":35,"column":15},"end":{"line":35,"column":35}},"type":"binary-expr","locations":[{"start":{"line":35,"column":15},"end":{"line":35,"column":29}},{"start":{"line":35,"column":33},"end":{"line":35,"column":35}}],"line":35},"6":{"loc":{"start":{"line":36,"column":16},"end":{"line":36,"column":37}},"type":"binary-expr","locations":[{"start":{"line":36,"column":16},"end":{"line":36,"column":31}},{"start":{"line":36,"column":35},"end":{"line":36,"column":37}}],"line":36},"7":{"loc":{"start":{"line":37,"column":12},"end":{"line":37,"column":29}},"type":"binary-expr","locations":[{"start":{"line":37,"column":12},"end":{"line":37,"column":23}},{"start":{"line":37,"column":27},"end":{"line":37,"column":29}}],"line":37},"8":{"loc":{"start":{"line":42,"column":40},"end":{"line":42,"column":64}},"type":"default-arg","locations":[{"start":{"line":42,"column":47},"end":{"line":42,"column":64}}],"line":42},"9":{"loc":{"start":{"line":42,"column":66},"end":{"line":42,"column":81}},"type":"default-arg","locations":[{"start":{"line":42,"column":77},"end":{"line":42,"column":81}}],"line":42},"10":{"loc":{"start":{"line":43,"column":2},"end":{"line":43,"column":33}},"type":"if","locations":[{"start":{"line":43,"column":2},"end":{"line":43,"column":33}},{"start":{},"end":{}}],"line":43},"11":{"loc":{"start":{"line":51,"column":2},"end":{"line":51,"column":63}},"type":"if","locations":[{"start":{"line":51,"column":2},"end":{"line":51,"column":63}},{"start":{},"end":{}}],"line":51},"12":{"loc":{"start":{"line":64,"column":42},"end":{"line":64,"column":57}},"type":"default-arg","locations":[{"start":{"line":64,"column":53},"end":{"line":64,"column":57}}],"line":64},"13":{"loc":{"start":{"line":65,"column":2},"end":{"line":65,"column":33}},"type":"if","locations":[{"start":{"line":65,"column":2},"end":{"line":65,"column":33}},{"start":{},"end":{}}],"line":65},"14":{"loc":{"start":{"line":78,"column":2},"end":{"line":78,"column":50}},"type":"if","locations":[{"start":{"line":78,"column":2},"end":{"line":78,"column":50}},{"start":{},"end":{}}],"line":78},"15":{"loc":{"start":{"line":78,"column":6},"end":{"line":78,"column":36}},"type":"binary-expr","locations":[{"start":{"line":78,"column":6},"end":{"line":78,"column":16}},{"start":{"line":78,"column":20},"end":{"line":78,"column":36}}],"line":78},"16":{"loc":{"start":{"line":90,"column":2},"end":{"line":90,"column":30}},"type":"if","locations":[{"start":{"line":90,"column":2},"end":{"line":90,"column":30}},{"start":{},"end":{}}],"line":90}},"s":{"0":0,"1":0,"2":0,"3":0,"4":0,"5":0,"6":0,"7":0,"8":0,"9":0,"10":0,"11":0,"12":0,"13":0,"14":0,"15":0,"16":0,"17":0,"18":0,"19":0,"20":0,"21":0,"22":0,"23":0,"24":0,"25":0,"26":0,"27":0,"28":0,"29":0,"30":0,"31":0,"32":0,"33":0,"34":0,"35":0,"36":0,"37":0,"38":0,"39":0,"40":0,"41":0,"42":0,"43":0,"44":0,"45":0,"46":0,"47":0,"48":0,"49":0,"50":0,"51":0,"52":0},"f":{"0":0,"1":0,"2":0,"3":0,"4":0,"5":0,"6":0,"7":0},"b":{"0":[0,0],"1":[0,0],"2":[0,0],"3":[0,0],"4":[0,0],"5":[0,0],"6":[0,0],"7":[0,0],"8":[0],"9":[0],"10":[0,0],"11":[0,0],"12":[0],"13":[0,0],"14":[0,0],"15":[0,0],"16":[0,0]}}
}
