TN:
SF:src/App.jsx
FN:10,App
FNF:1
FNH:0
FNDA:0,App
DA:11,0
LF:1
LH:0
BRF:0
BRH:0
end_of_record
TN:
SF:src/main.jsx
FNF:0
FNH:0
DA:7,0
LF:1
LH:0
BRF:0
BRH:0
end_of_record
TN:
SF:src/components/Button.jsx
FN:1,Button
FNF:1
FNH:0
FNDA:0,Button
DA:2,0
LF:1
LH:0
BRF:0
BRH:0
end_of_record
TN:
SF:src/components/Card.jsx
FN:1,Card
FNF:1
FNH:0
FNDA:0,Card
DA:2,0
LF:1
LH:0
BRF:0
BRH:0
end_of_record
TN:
SF:src/components/Header.jsx
FN:3,Header
FNF:1
FNH:0
FNDA:0,Header
DA:4,0
DA:6,0
LF:2
LH:0
BRF:0
BRH:0
end_of_record
TN:
SF:src/components/LanguageSwitcher.jsx
FN:4,LanguageSwitcher
FN:11,(anonymous_1)
FN:18,(anonymous_2)
FNF:3
FNH:2
FNDA:26,LanguageSwitcher
FNDA:52,(anonymous_1)
FNDA:0,(anonymous_2)
DA:5,26
DA:6,26
DA:8,26
DA:12,52
DA:13,52
DA:18,0
LF:6
LH:5
BRDA:17,0,0,26
BRDA:17,0,1,26
BRF:2
BRH:2
end_of_record
TN:
SF:src/components/Loader.jsx
FN:4,Loader
FNF:1
FNH:0
FNDA:0,Loader
DA:5,0
DA:7,0
LF:2
LH:0
BRF:0
BRH:0
end_of_record
TN:
SF:src/components/PageContainer.jsx
FN:2,PageContainer
FNF:1
FNH:0
FNDA:0,PageContainer
DA:3,0
LF:1
LH:0
BRF:0
BRH:0
end_of_record
TN:
SF:src/components/ProtectedRoute.jsx
FN:4,ProtectedRoute
FNF:1
FNH:0
FNDA:0,ProtectedRoute
DA:5,0
DA:6,0
DA:7,0
DA:10,0
LF:4
LH:0
BRDA:6,0,0,0
BRDA:6,0,1,0
BRF:2
BRH:0
end_of_record
TN:
SF:src/components/Question.jsx
FN:1,Question
FN:8,(anonymous_1)
FN:15,(anonymous_2)
FNF:3
FNH:0
FNDA:0,Question
FNDA:0,(anonymous_1)
FNDA:0,(anonymous_2)
DA:2,0
DA:4,0
DA:9,0
DA:15,0
LF:4
LH:0
BRDA:2,0,0,0
BRDA:2,0,1,0
BRF:2
BRH:0
end_of_record
TN:
SF:src/components/QuizList.jsx
FN:3,QuizList
FN:4,(anonymous_1)
FNF:2
FNH:0
FNDA:0,QuizList
FNDA:0,(anonymous_1)
DA:4,0
DA:5,0
LF:2
LH:0
BRF:0
BRH:0
end_of_record
TN:
SF:src/components/QuizProgress.jsx
FN:3,QuizProgress
FNF:1
FNH:0
FNDA:0,QuizProgress
DA:4,0
DA:6,0
LF:2
LH:0
BRF:0
BRH:0
end_of_record
TN:
SF:src/components/QuizQuestion.jsx
FN:1,QuizQuestion
FN:6,(anonymous_1)
FN:11,(anonymous_2)
FNF:3
FNH:0
FNDA:0,QuizQuestion
FNDA:0,(anonymous_1)
FNDA:0,(anonymous_2)
DA:2,0
DA:7,0
DA:11,0
LF:3
LH:0
BRF:0
BRH:0
end_of_record
TN:
SF:src/components/QuizResult.jsx
FN:4,QuizResult
FN:11,(anonymous_1)
FNF:2
FNH:0
FNDA:0,QuizResult
FNDA:0,(anonymous_1)
DA:5,0
DA:7,0
DA:12,0
LF:3
LH:0
BRDA:12,0,0,0
BRDA:12,0,1,0
BRDA:13,1,0,0
BRDA:13,1,1,0
BRF:4
BRH:0
end_of_record
TN:
SF:src/components/Textarea.jsx
FN:2,Textarea
FN:6,(anonymous_1)
FNF:2
FNH:0
FNDA:0,Textarea
FNDA:0,(anonymous_1)
DA:3,0
DA:6,0
LF:2
LH:0
BRF:0
BRH:0
end_of_record
TN:
SF:src/i18n/LanguageContext.jsx
FN:12,(anonymous_0)
FN:16,(anonymous_1)
FN:21,LanguageProvider
FN:24,(anonymous_3)
FN:33,(anonymous_4)
FN:38,(anonymous_5)
FN:53,useLanguage
FNF:7
FNH:1
FNDA:0,(anonymous_0)
FNDA:0,(anonymous_1)
FNDA:0,LanguageProvider
FNDA:0,(anonymous_3)
FNDA:0,(anonymous_4)
FNDA:0,(anonymous_5)
FNDA:85,useLanguage
DA:4,4
DA:6,4
DA:7,4
DA:8,4
DA:16,4
DA:17,0
DA:18,0
DA:22,0
DA:24,0
DA:25,0
DA:26,0
DA:27,0
DA:30,0
DA:31,0
DA:33,0
DA:34,0
DA:35,0
DA:38,0
DA:46,0
DA:54,85
DA:55,85
LF:21
LH:7
BRDA:18,0,0,0
BRDA:18,0,1,0
BRDA:25,1,0,0
BRDA:25,1,1,0
BRDA:55,2,0,85
BRDA:55,2,1,85
BRF:6
BRH:2
end_of_record
TN:
SF:src/i18n/dictionaries.js
FN:41,(anonymous_0)
FN:43,(anonymous_1)
FN:80,(anonymous_2)
FN:127,(anonymous_3)
FN:129,(anonymous_4)
FN:166,(anonymous_5)
FNF:6
FNH:1
FNDA:0,(anonymous_0)
FNDA:27,(anonymous_1)
FNDA:0,(anonymous_2)
FNDA:0,(anonymous_3)
FNDA:0,(anonymous_4)
FNDA:0,(anonymous_5)
DA:1,4
DA:14,4
DA:16,4
DA:41,0
DA:43,27
DA:80,0
DA:127,0
DA:129,0
DA:166,0
LF:9
LH:4
BRF:0
BRH:0
end_of_record
TN:
SF:src/pages/AuthPage.jsx
FN:10,AuthPage
FN:18,(anonymous_1)
FN:23,(anonymous_2)
FN:24,(anonymous_3)
FN:29,(anonymous_4)
FN:36,(anonymous_5)
FN:69,(anonymous_6)
FN:75,(anonymous_7)
FNF:8
FNH:0
FNDA:0,AuthPage
FNDA:0,(anonymous_1)
FNDA:0,(anonymous_2)
FNDA:0,(anonymous_3)
FNDA:0,(anonymous_4)
FNDA:0,(anonymous_5)
FNDA:0,(anonymous_6)
FNDA:0,(anonymous_7)
DA:11,0
DA:12,0
DA:13,0
DA:14,0
DA:15,0
DA:16,0
DA:18,0
DA:19,0
DA:20,0
DA:22,0
DA:23,0
DA:29,0
DA:30,0
DA:31,0
DA:32,0
DA:34,0
DA:37,0
DA:38,0
DA:39,0
DA:40,0
DA:42,0
DA:43,0
DA:48,0
DA:49,0
DA:59,0
DA:69,0
DA:75,0
LF:27
LH:0
BRDA:20,0,0,0
BRDA:20,0,1,0
BRDA:30,1,0,0
BRDA:30,1,1,0
BRDA:31,2,0,0
BRDA:31,2,1,0
BRDA:32,3,0,0
BRDA:32,3,1,0
BRDA:53,4,0,0
BRDA:53,4,1,0
BRDA:68,5,0,0
BRDA:68,5,1,0
BRDA:74,6,0,0
BRDA:74,6,1,0
BRDA:82,7,0,0
BRDA:82,7,1,0
BRDA:87,8,0,0
BRDA:87,8,1,0
BRDA:93,9,0,0
BRDA:93,9,1,0
BRF:20
BRH:0
end_of_record
TN:
SF:src/pages/HomePage.jsx
FN:17,(anonymous_0)
FN:24,(anonymous_1)
FN:29,(anonymous_2)
FN:38,HomePage
FN:41,(anonymous_4)
FN:46,(anonymous_5)
FN:60,(anonymous_6)
FN:62,(anonymous_7)
FN:66,(anonymous_8)
FN:72,(anonymous_9)
FN:81,(anonymous_10)
FN:88,(anonymous_11)
FN:110,(anonymous_12)
FN:115,(anonymous_13)
FN:120,(anonymous_14)
FN:126,(anonymous_15)
FN:132,(anonymous_16)
FN:159,(anonymous_17)
FN:182,(anonymous_18)
FN:189,(anonymous_19)
FN:194,(anonymous_20)
FN:270,(anonymous_21)
FN:273,(anonymous_22)
FNF:23
FNH:16
FNDA:27,(anonymous_0)
FNDA:1,(anonymous_1)
FNDA:1,(anonymous_2)
FNDA:27,HomePage
FNDA:11,(anonymous_4)
FNDA:11,(anonymous_5)
FNDA:0,(anonymous_6)
FNDA:0,(anonymous_7)
FNDA:3,(anonymous_8)
FNDA:1,(anonymous_9)
FNDA:4,(anonymous_10)
FNDA:4,(anonymous_11)
FNDA:3,(anonymous_12)
FNDA:0,(anonymous_13)
FNDA:0,(anonymous_14)
FNDA:1,(anonymous_15)
FNDA:3,(anonymous_16)
FNDA:1,(anonymous_17)
FNDA:1,(anonymous_18)
FNDA:0,(anonymous_19)
FNDA:0,(anonymous_20)
FNDA:3,(anonymous_21)
FNDA:0,(anonymous_22)
DA:15,1
DA:17,1
DA:18,27
DA:19,27
DA:21,15
DA:24,1
DA:25,1
DA:26,1
DA:30,1
DA:31,1
DA:35,1
DA:39,27
DA:41,27
DA:42,27
DA:43,27
DA:44,27
DA:45,27
DA:46,27
DA:47,27
DA:48,27
DA:49,27
DA:50,27
DA:51,27
DA:52,27
DA:53,27
DA:54,27
DA:59,27
DA:60,27
DA:61,27
DA:62,0
DA:66,27
DA:67,3
DA:68,3
DA:69,3
DA:72,27
DA:73,1
DA:74,1
DA:75,1
DA:76,1
DA:78,1
DA:79,2
DA:80,2
DA:81,4
DA:82,2
DA:85,1
DA:88,27
DA:89,4
DA:91,4
DA:92,4
DA:93,4
DA:94,4
DA:95,1
DA:96,1
DA:99,3
DA:100,3
DA:101,3
DA:102,3
DA:103,3
DA:105,0
DA:106,0
DA:110,27
DA:111,3
DA:112,3
DA:115,27
DA:116,0
DA:117,0
DA:120,27
DA:121,0
DA:122,0
DA:123,0
DA:126,27
DA:127,1
DA:128,1
DA:129,1
DA:132,27
DA:133,3
DA:134,1
DA:135,1
DA:138,2
DA:139,2
DA:140,2
DA:141,2
DA:142,2
DA:144,1
DA:145,1
DA:146,0
DA:147,0
DA:150,1
DA:151,1
DA:152,1
DA:154,2
DA:155,2
DA:159,27
DA:160,1
DA:161,0
DA:162,0
DA:165,1
DA:166,1
DA:167,1
DA:168,1
DA:169,1
DA:170,1
DA:172,0
DA:173,0
DA:174,0
DA:176,1
DA:177,1
DA:182,27
DA:183,1
DA:184,1
DA:185,1
DA:186,1
DA:189,27
DA:190,0
DA:191,0
DA:194,27
DA:195,0
DA:196,0
DA:197,0
DA:198,0
DA:199,0
DA:202,27
DA:270,3
DA:273,0
LF:124
LH:101
BRDA:19,0,0,12
BRDA:19,0,1,15
BRDA:25,1,0,1
BRDA:25,1,1,0
BRDA:41,2,0,11
BRDA:41,2,1,9
BRDA:46,3,0,11
BRDA:46,3,1,10
BRDA:49,4,0,27
BRDA:49,4,1,27
BRDA:49,4,2,27
BRDA:52,5,0,0
BRDA:52,5,1,27
BRDA:52,6,0,0
BRDA:52,6,1,27
BRDA:53,7,0,27
BRDA:53,7,1,0
BRDA:59,8,0,27
BRDA:59,8,1,27
BRDA:60,9,0,0
BRDA:60,9,1,0
BRDA:61,10,0,0
BRDA:61,10,1,27
BRDA:81,11,0,4
BRDA:81,11,1,0
BRDA:89,12,0,0
BRDA:89,12,1,4
BRDA:92,13,0,4
BRDA:92,13,1,3
BRDA:93,14,0,1
BRDA:93,14,1,3
BRDA:94,15,0,1
BRDA:94,15,1,3
BRDA:95,16,0,0
BRDA:95,16,1,1
BRDA:122,17,0,0
BRDA:122,17,1,0
BRDA:122,18,0,0
BRDA:122,18,1,0
BRDA:133,19,0,1
BRDA:133,19,1,2
BRDA:139,20,0,2
BRDA:139,20,1,0
BRDA:144,21,0,1
BRDA:144,21,1,0
BRDA:146,22,0,0
BRDA:146,22,1,0
BRDA:152,23,0,1
BRDA:152,23,1,1
BRDA:160,24,0,0
BRDA:160,24,1,1
BRDA:174,25,0,0
BRDA:174,25,1,0
BRDA:221,26,0,0
BRDA:221,26,1,27
BRDA:237,27,0,0
BRDA:237,27,1,27
BRDA:253,28,0,27
BRDA:253,28,1,22
BRDA:254,29,0,5
BRDA:254,29,1,22
BRDA:258,30,0,15
BRDA:258,30,1,12
BRDA:281,31,0,3
BRDA:281,31,1,24
BRDA:286,32,0,3
BRDA:286,32,1,21
BRF:67
BRH:44
end_of_record
TN:
SF:src/pages/QuizPage.jsx
FN:8,QuizPage
FN:23,(anonymous_1)
FN:28,(anonymous_2)
FN:31,(anonymous_3)
FN:50,(anonymous_4)
FN:52,(anonymous_5)
FN:69,(anonymous_6)
FN:83,(anonymous_7)
FN:98,(anonymous_8)
FN:99,(anonymous_9)
FN:121,(anonymous_10)
FNF:11
FNH:11
FNDA:16,QuizPage
FNDA:1,(anonymous_1)
FNDA:3,(anonymous_2)
FNDA:6,(anonymous_3)
FNDA:4,(anonymous_4)
FNDA:7,(anonymous_5)
FNDA:30,(anonymous_6)
FNDA:90,(anonymous_7)
FNDA:6,(anonymous_8)
FNDA:6,(anonymous_9)
FNDA:1,(anonymous_10)
DA:9,16
DA:10,16
DA:11,16
DA:12,16
DA:14,16
DA:15,16
DA:16,16
DA:17,16
DA:19,16
DA:20,1
DA:23,1
DA:28,15
DA:29,3
DA:31,3
DA:32,6
DA:33,5
DA:37,3
DA:38,3
DA:40,3
DA:41,3
DA:47,3
DA:50,15
DA:51,4
DA:52,7
DA:55,4
DA:56,1
DA:57,1
DA:60,3
DA:61,3
DA:64,15
DA:70,30
DA:71,30
DA:72,6
DA:78,30
DA:84,90
DA:86,90
DA:87,18
DA:88,12
DA:91,90
DA:99,6
DA:121,1
LF:41
LH:41
BRDA:19,0,0,1
BRDA:19,0,1,15
BRDA:32,1,0,5
BRDA:32,1,1,1
BRDA:40,2,0,3
BRDA:40,2,1,1
BRDA:55,3,0,1
BRDA:55,3,1,3
BRDA:71,4,0,6
BRDA:71,4,1,24
BRDA:73,5,0,5
BRDA:73,5,1,1
BRDA:86,6,0,18
BRDA:86,6,1,72
BRDA:87,7,0,6
BRDA:87,7,1,12
BRDA:88,8,0,1
BRDA:88,8,1,11
BRDA:112,9,0,15
BRDA:112,9,1,1
BRDA:114,10,0,12
BRDA:114,10,1,3
BRF:22
BRH:22
end_of_record
TN:
SF:src/pages/ResultPage.jsx
FN:4,ResultPage
FNF:1
FNH:0
FNDA:0,ResultPage
DA:5,0
DA:6,0
DA:8,0
LF:3
LH:0
BRF:0
BRH:0
end_of_record
TN:
SF:src/pages/RolePlayPage.jsx
FN:12,RolePlayPage
FN:20,(anonymous_1)
FN:34,(anonymous_2)
FN:39,(anonymous_3)
FN:46,(anonymous_4)
FN:56,(anonymous_5)
FN:65,(anonymous_6)
FN:70,(anonymous_7)
FN:92,(anonymous_8)
FN:98,(anonymous_9)
FN:109,(anonymous_10)
FN:137,(anonymous_11)
FN:138,(anonymous_12)
FNF:13
FNH:0
FNDA:0,RolePlayPage
FNDA:0,(anonymous_1)
FNDA:0,(anonymous_2)
FNDA:0,(anonymous_3)
FNDA:0,(anonymous_4)
FNDA:0,(anonymous_5)
FNDA:0,(anonymous_6)
FNDA:0,(anonymous_7)
FNDA:0,(anonymous_8)
FNDA:0,(anonymous_9)
FNDA:0,(anonymous_10)
FNDA:0,(anonymous_11)
FNDA:0,(anonymous_12)
DA:13,0
DA:14,0
DA:15,0
DA:16,0
DA:18,0
DA:20,0
DA:21,0
DA:22,0
DA:25,0
DA:26,0
DA:27,0
DA:28,0
DA:29,0
DA:31,0
DA:34,0
DA:35,0
DA:36,0
DA:39,0
DA:40,0
DA:41,0
DA:42,0
DA:44,0
DA:45,0
DA:46,0
DA:47,0
DA:49,0
DA:51,0
DA:52,0
DA:53,0
DA:56,0
DA:58,0
DA:60,0
DA:61,0
DA:65,0
DA:66,0
DA:67,0
DA:70,0
DA:71,0
DA:72,0
DA:73,0
DA:74,0
DA:75,0
DA:77,0
DA:78,0
DA:83,0
DA:85,0
DA:86,0
DA:88,0
DA:92,0
DA:93,0
DA:94,0
DA:95,0
DA:98,0
DA:99,0
DA:100,0
DA:103,0
DA:110,0
DA:137,0
DA:139,0
DA:140,0
DA:141,0
LF:61
LH:0
BRDA:15,0,0,0
BRDA:15,0,1,0
BRDA:22,1,0,0
BRDA:22,1,1,0
BRDA:22,2,0,0
BRDA:22,2,1,0
BRDA:40,3,0,0
BRDA:40,3,1,0
BRDA:51,4,0,0
BRDA:51,4,1,0
BRDA:71,5,0,0
BRDA:71,5,1,0
BRDA:77,6,0,0
BRDA:77,6,1,0
BRDA:80,7,0,0
BRDA:80,7,1,0
BRDA:99,8,0,0
BRDA:99,8,1,0
BRDA:100,9,0,0
BRDA:100,9,1,0
BRDA:112,10,0,0
BRDA:112,10,1,0
BRDA:121,11,0,0
BRDA:121,11,1,0
BRDA:131,12,0,0
BRDA:131,12,1,0
BRDA:139,13,0,0
BRDA:139,13,1,0
BRDA:139,14,0,0
BRDA:139,14,1,0
BRDA:148,15,0,0
BRDA:148,15,1,0
BRDA:156,16,0,0
BRDA:156,16,1,0
BRDA:161,17,0,0
BRDA:161,17,1,0
BRDA:164,18,0,0
BRDA:164,18,1,0
BRF:38
BRH:0
end_of_record
TN:
SF:src/pages/TrueFalseQuizPage.jsx
FN:9,TrueFalseQuizPage
FN:24,(anonymous_1)
FN:29,(anonymous_2)
FN:30,(anonymous_3)
FN:33,(anonymous_4)
FN:35,(anonymous_5)
FN:52,(anonymous_6)
FN:66,(anonymous_7)
FN:83,(anonymous_8)
FN:89,(anonymous_9)
FN:111,(anonymous_10)
FNF:11
FNH:11
FNDA:16,TrueFalseQuizPage
FNDA:1,(anonymous_1)
FNDA:6,(anonymous_2)
FNDA:6,(anonymous_3)
FNDA:3,(anonymous_4)
FNDA:6,(anonymous_5)
FNDA:4,(anonymous_6)
FNDA:30,(anonymous_7)
FNDA:60,(anonymous_8)
FNDA:6,(anonymous_9)
FNDA:1,(anonymous_10)
DA:10,16
DA:11,16
DA:12,16
DA:13,16
DA:15,16
DA:16,16
DA:17,16
DA:18,16
DA:20,16
DA:21,1
DA:24,1
DA:29,15
DA:30,6
DA:33,15
DA:34,3
DA:35,3
DA:36,6
DA:39,3
DA:40,3
DA:42,3
DA:43,3
DA:49,3
DA:52,15
DA:53,4
DA:54,1
DA:55,1
DA:57,3
DA:58,3
DA:61,15
DA:67,30
DA:68,30
DA:69,6
DA:75,30
DA:84,60
DA:86,60
DA:89,6
DA:111,1
LF:37
LH:37
BRDA:20,0,0,1
BRDA:20,0,1,15
BRDA:36,1,0,5
BRDA:36,1,1,1
BRDA:42,2,0,3
BRDA:42,2,1,1
BRDA:53,3,0,1
BRDA:53,3,1,3
BRDA:68,4,0,6
BRDA:68,4,1,24
BRDA:70,5,0,5
BRDA:70,5,1,1
BRDA:91,6,0,15
BRDA:91,6,1,45
BRDA:102,7,0,15
BRDA:102,7,1,1
BRDA:104,8,0,12
BRDA:104,8,1,3
BRF:18
BRH:18
end_of_record
TN:
SF:src/services/authApi.js
FN:15,(anonymous_0)
FN:24,loginWithGoogleIdToken
FN:32,fetchCurrentUser
FN:38,logout
FNF:4
FNH:0
FNDA:0,(anonymous_0)
FNDA:0,loginWithGoogleIdToken
FNDA:0,fetchCurrentUser
FNDA:0,logout
DA:9,0
DA:11,0
DA:15,0
DA:16,0
DA:17,0
DA:18,0
DA:21,0
DA:25,0
DA:27,0
DA:28,0
DA:29,0
DA:33,0
DA:34,0
DA:35,0
DA:39,0
LF:15
LH:0
BRDA:9,0,0,0
BRDA:9,0,1,0
BRDA:17,1,0,0
BRDA:17,1,1,0
BRF:4
BRH:0
end_of_record
TN:
SF:src/services/authStorage.js
FN:4,getAccessToken
FN:8,setAccessToken
FN:12,clearAccessToken
FN:16,getCurrentUser
FN:27,setCurrentUser
FN:31,clearCurrentUser
FN:35,clearAuthStorage
FNF:7
FNH:1
FNDA:0,getAccessToken
FNDA:0,setAccessToken
FNDA:0,clearAccessToken
FNDA:27,getCurrentUser
FNDA:0,setCurrentUser
FNDA:0,clearCurrentUser
FNDA:0,clearAuthStorage
DA:1,1
DA:2,1
DA:5,0
DA:9,0
DA:13,0
DA:17,27
DA:18,27
DA:20,0
DA:21,0
DA:23,0
DA:28,0
DA:32,0
DA:36,0
DA:37,0
LF:14
LH:4
BRDA:18,0,0,27
BRDA:18,0,1,0
BRF:2
BRH:1
end_of_record
TN:
SF:src/services/studyApi.js
FN:9,(anonymous_0)
FN:19,(anonymous_1)
FN:20,(anonymous_2)
FN:29,(anonymous_3)
FN:42,(anonymous_4)
FN:64,(anonymous_5)
FN:77,(anonymous_6)
FN:89,(anonymous_7)
FNF:8
FNH:0
FNDA:0,(anonymous_0)
FNDA:0,(anonymous_1)
FNDA:0,(anonymous_2)
FNDA:0,(anonymous_3)
FNDA:0,(anonymous_4)
FNDA:0,(anonymous_5)
FNDA:0,(anonymous_6)
FNDA:0,(anonymous_7)
DA:5,0
DA:9,0
DA:10,0
DA:11,0
DA:12,0
DA:15,0
DA:18,0
DA:19,0
DA:21,0
DA:22,0
DA:25,0
DA:29,0
DA:30,0
DA:31,0
DA:33,0
DA:42,0
DA:43,0
DA:45,0
DA:50,0
DA:51,0
DA:53,0
DA:54,0
DA:55,0
DA:56,0
DA:58,0
DA:59,0
DA:64,0
DA:65,0
DA:67,0
DA:68,0
DA:69,0
DA:71,0
DA:72,0
DA:77,0
DA:78,0
DA:80,0
DA:81,0
DA:82,0
DA:84,0
DA:85,0
DA:89,0
DA:90,0
DA:91,0
DA:92,0
DA:93,0
DA:95,0
DA:96,0
LF:47
LH:0
BRDA:6,0,0,0
BRDA:6,0,1,0
BRDA:11,1,0,0
BRDA:11,1,1,0
BRDA:21,2,0,0
BRDA:21,2,1,0
BRDA:31,3,0,0
BRDA:31,3,1,0
BRDA:34,4,0,0
BRDA:34,4,1,0
BRDA:35,5,0,0
BRDA:35,5,1,0
BRDA:36,6,0,0
BRDA:36,6,1,0
BRDA:37,7,0,0
BRDA:37,7,1,0
BRDA:42,8,0,0
BRDA:42,9,0,0
BRDA:43,10,0,0
BRDA:43,10,1,0
BRDA:51,11,0,0
BRDA:51,11,1,0
BRDA:64,12,0,0
BRDA:65,13,0,0
BRDA:65,13,1,0
BRDA:78,14,0,0
BRDA:78,14,1,0
BRDA:78,15,0,0
BRDA:78,15,1,0
BRDA:90,16,0,0
BRDA:90,16,1,0
BRF:31
BRH:0
end_of_record
